0 . 1 1 
0 . 1 1 
0 . 1 1 
0 . 1 1 
0 . 1 1 
0 . 1 1 
0 . 1 1 
0 . 1 1 
0 . 1 1 
0 . 1 2 
0 . 1 2 
0 . 1 2 
0 . 1 2 
0 . 1 2 
0 . 1 2 
0 . 1 2 
0 . 1 2 
0 . 1 2 
0 . 1 3 
0 . 1 3 
0 . 1 3 
0 . 1 3 
0 . 1 3 
0 . 1 3 
0 . 1 3 
0 . 1 3 
0 . 1 3 
0 . 1 4 
0 . 1 4 
0 . 1 4 
0 . 1 4 
0 . 1 4 
0 . 1 4 
0 . 1 4 
0 . 1 4 
0 . 1 4 
0 . 1 5 
0 . 1 5 
0 . 1 5 
0 . 1 5 
0 . 1 5 
0 . 1 5 
0 . 1 5 
0 . 1 5 
0 . 1 5 
0 . 1 6 
0 . 1 6 
0 . 1 6 
0 . 1 6 
0 . 1 6 
0 . 1 6 
0 . 1 6 
0 . 1 6 
0 . 1 6 
0 . 1 7 
0 . 1 7 
0 . 1 7 
0 . 1 7 
0 . 1 7 
0 . 1 7 
0 . 1 7 
0 . 1 7 
0 . 1 7 
0 . 1 8 
0 . 1 8 
0 . 1 8 
0 . 1 8 
0 . 1 8 
0 . 1 8 
0 . 1 8 
0 . 1 8 
0 . 1 8 
0 . 1 9 
0 . 1 9 
0 . 1 9 
0 . 1 9 
0 . 1 9 
0 . 1 9 
0 . 1 9 
0 . 1 9 
0 . 1 9 
0 . 1 
0 . 1 
0 . 1 
0 . 1 
0 . 1 
0 . 1 
0 . 1 
0 . 1 
0 . 1 
0 . 2 1 
0 . 2 1 
0 . 2 1 
0 . 2 1 
0 . 2 1 
0 . 2 1 
0 . 2 1 
0 . 2 1 
0 . 2 1 
0 . 2 2 
0 . 2 2 
0 . 2 2 
0 . 2 2 
0 . 2 2 
0 . 2 2 
0 . 2 2 
0 . 2 2 
0 . 2 2 
0 . 2 3 
0 . 2 3 
0 . 2 3 
0 . 2 3 
0 . 2 3 
0 . 2 3 
0 . 2 3 
0 . 2 3 
0 . 2 3 
0 . 2 4 
0 . 2 4 
0 . 2 4 
0 . 2 4 
0 . 2 4 
0 . 2 4 
0 . 2 4 
0 . 2 4 
0 . 2 4 
0 . 2 5 
0 . 2 5 
0 . 2 5 
0 . 2 5 
0 . 2 5 
0 . 2 5 
0 . 2 5 
0 . 2 5 
0 . 2 5 
0 . 2 6 
0 . 2 6 
0 . 2 6 
0 . 2 6 
0 . 2 6 
0 . 2 6 
0 . 2 6 
0 . 2 6 
0 . 2 6 
0 . 2 7 
0 . 2 7 
0 . 2 7 
0 . 2 7 
0 . 2 7 
0 . 2 7 
0 . 2 7 
0 . 2 7 
0 . 2 7 
0 . 2 8 
0 . 2 8 
0 . 2 8 
0 . 2 8 
0 . 2 8 
0 . 2 8 
0 . 2 8 
0 . 2 8 
0 . 2 8 
0 . 2 9 
0 . 2 9 
0 . 2 9 
0 . 2 9 
0 . 2 9 
0 . 2 9 
0 . 2 9 
0 . 2 9 
0 . 2 9 
0 . 2 
0 . 2 
0 . 2 
0 . 2 
0 . 2 
0 . 2 
0 . 2 
0 . 2 
0 . 2 
0 . 3 1 
0 . 3 1 
0 . 3 1 
0 . 3 1 
0 . 3 1 
0 . 3 1 
0 . 3 1 
0 . 3 1 
0 . 3 1 
0 . 3 2 
0 . 3 2 
0 . 3 2 
0 . 3 2 
0 . 3 2 
0 . 3 2 
0 . 3 2 
0 . 3 2 
0 . 3 2 
0 . 3 3 
0 . 3 3 
0 . 3 3 
0 . 3 3 
0 . 3 3 
0 . 3 3 
0 . 3 3 
0 . 3 3 
0 . 3 3 
0 . 3 4 
0 . 3 4 
0 . 3 4 
0 . 3 4 
0 . 3 4 
0 . 3 4 
0 . 3 4 
0 . 3 4 
0 . 3 4 
0 . 3 5 
0 . 3 5 
0 . 3 5 
0 . 3 5 
0 . 3 5 
0 . 3 5 
0 . 3 5 
0 . 3 5 
0 . 3 5 
0 . 3 6 
0 . 3 6 
0 . 3 6 
0 . 3 6 
0 . 3 6 
0 . 3 6 
0 . 3 6 
0 . 3 6 
0 . 3 6 
0 . 3 7 
0 . 3 7 
0 . 3 7 
0 . 3 7 
0 . 3 7 
0 . 3 7 
0 . 3 7 
0 . 3 7 
0 . 3 7 
0 . 3 8 
0 . 3 8 
0 . 3 8 
0 . 3 8 
0 . 3 8 
0 . 3 8 
0 . 3 8 
0 . 3 8 
0 . 3 8 
0 . 3 9 
0 . 3 9 
0 . 3 9 
0 . 3 9 
0 . 3 9 
0 . 3 9 
0 . 3 9 
0 . 3 9 
0 . 3 9 
0 . 3 
0 . 3 
0 . 3 
0 . 3 
0 . 3 
0 . 3 
0 . 3 
0 . 3 
0 . 3 
0 . 4 1 
0 . 4 1 
0 . 4 1 
0 . 4 1 
0 . 4 1 
0 . 4 1 
0 . 4 1 
0 . 4 1 
0 . 4 1 
0 . 4 2 
0 . 4 2 
0 . 4 2 
0 . 4 2 
0 . 4 2 
0 . 4 2 
0 . 4 2 
0 . 4 2 
0 . 4 2 
0 . 4 3 
0 . 4 3 
0 . 4 3 
0 . 4 3 
0 . 4 3 
0 . 4 3 
0 . 4 3 
0 . 4 3 
0 . 4 3 
0 . 4 4 
0 . 4 4 
0 . 4 4 
0 . 4 4 
0 . 4 4 
0 . 4 4 
0 . 4 4 
0 . 4 4 
0 . 4 4 
0 . 4 5 
0 . 4 5 
0 . 4 5 
0 . 4 5 
0 . 4 5 
0 . 4 5 
0 . 4 5 
0 . 4 5 
0 . 4 5 
0 . 4 6 
0 . 4 6 
0 . 4 6 
0 . 4 6 
0 . 4 6 
0 . 4 6 
0 . 4 6 
0 . 4 6 
0 . 4 6 
0 . 4 7 
0 . 4 7 
0 . 4 7 
0 . 4 7 
0 . 4 7 
0 . 4 7 
0 . 4 7 
0 . 4 7 
0 . 4 7 
0 . 4 8 
0 . 4 8 
0 . 4 8 
0 . 4 8 
0 . 4 8 
0 . 4 8 
0 . 4 8 
0 . 4 8 
0 . 4 8 
0 . 4 9 
0 . 4 9 
0 . 4 9 
0 . 4 9 
0 . 4 9 
0 . 4 9 
0 . 4 9 
0 . 4 9 
0 . 4 9 
0 . 4 
0 . 4 
0 . 4 
0 . 4 
0 . 4 
0 . 4 
0 . 4 
0 . 4 
0 . 4 
0 . 5 1 
0 . 5 1 
0 . 5 1 
0 . 5 1 
0 . 5 1 
0 . 5 1 
0 . 5 1 
0 . 5 1 
0 . 5 1 
0 . 5 2 
0 . 5 2 
0 . 5 2 
0 . 5 2 
0 . 5 2 
0 . 5 2 
0 . 5 2 
0 . 5 2 
0 . 5 2 
0 . 5 3 
0 . 5 3 
0 . 5 3 
0 . 5 3 
0 . 5 3 
0 . 5 3 
0 . 5 3 
0 . 5 3 
0 . 5 3 
0 . 5 4 
0 . 5 4 
0 . 5 4 
0 . 5 4 
0 . 5 4 
0 . 5 4 
0 . 5 4 
0 . 5 4 
0 . 5 4 
0 . 5 5 
0 . 5 5 
0 . 5 5 
0 . 5 5 
0 . 5 5 
0 . 5 5 
0 . 5 5 
0 . 5 5 
0 . 5 5 
0 . 5 6 
0 . 5 6 
0 . 5 6 
0 . 5 6 
0 . 5 6 
0 . 5 6 
0 . 5 6 
0 . 5 6 
0 . 5 6 
0 . 5 7 
0 . 5 7 
0 . 5 7 
0 . 5 7 
0 . 5 7 
0 . 5 7 
0 . 5 7 
0 . 5 7 
0 . 5 7 
0 . 5 8 
0 . 5 8 
0 . 5 8 
0 . 5 8 
0 . 5 8 
0 . 5 8 
0 . 5 8 
0 . 5 8 
0 . 5 8 
0 . 5 9 
0 . 5 9 
0 . 5 9 
0 . 5 9 
0 . 5 9 
0 . 5 9 
0 . 5 9 
0 . 5 9 
0 . 5 9 
0 . 5 
0 . 5 
0 . 5 
0 . 5 
0 . 5 
0 . 5 
0 . 5 
0 . 5 
0 . 5 
0 . 6 1 
0 . 6 1 
0 . 6 1 
0 . 6 1 
0 . 6 1 
0 . 6 1 
0 . 6 1 
0 . 6 1 
0 . 6 1 
0 . 6 2 
0 . 6 2 
0 . 6 2 
0 . 6 2 
0 . 6 2 
0 . 6 2 
0 . 6 2 
0 . 6 2 
0 . 6 2 
0 . 6 3 
0 . 6 3 
0 . 6 3 
0 . 6 3 
0 . 6 3 
0 . 6 3 
0 . 6 3 
0 . 6 3 
0 . 6 3 
0 . 6 4 
0 . 6 4 
0 . 6 4 
0 . 6 4 
0 . 6 4 
0 . 6 4 
0 . 6 4 
0 . 6 4 
0 . 6 4 
0 . 6 5 
0 . 6 5 
0 . 6 5 
0 . 6 5 
0 . 6 5 
0 . 6 5 
0 . 6 5 
0 . 6 5 
0 . 6 5 
0 . 6 6 
0 . 6 6 
0 . 6 6 
0 . 6 6 
0 . 6 6 
0 . 6 6 
0 . 6 6 
0 . 6 6 
0 . 6 6 
0 . 6 7 
0 . 6 7 
0 . 6 7 
0 . 6 7 
0 . 6 7 
0 . 6 7 
0 . 6 7 
0 . 6 7 
0 . 6 7 
0 . 6 8 
0 . 6 8 
0 . 6 8 
0 . 6 8 
0 . 6 8 
0 . 6 8 
0 . 6 8 
0 . 6 8 
0 . 6 8 
0 . 6 9 
0 . 6 9 
0 . 6 9 
0 . 6 9 
0 . 6 9 
0 . 6 9 
0 . 6 9 
0 . 6 9 
0 . 6 9 
0 . 6 
0 . 6 
0 . 6 
0 . 6 
0 . 6 
0 . 6 
0 . 6 
0 . 6 
0 . 6 
0 . 7 1 
0 . 7 1 
0 . 7 1 
0 . 7 1 
0 . 7 1 
0 . 7 1 
0 . 7 1 
0 . 7 1 
0 . 7 1 
0 . 7 2 
0 . 7 2 
0 . 7 2 
0 . 7 2 
0 . 7 2 
0 . 7 2 
0 . 7 2 
0 . 7 2 
0 . 7 2 
0 . 7 3 
0 . 7 3 
0 . 7 3 
0 . 7 3 
0 . 7 3 
0 . 7 3 
0 . 7 3 
0 . 7 3 
0 . 7 3 
0 . 7 4 
0 . 7 4 
0 . 7 4 
0 . 7 4 
0 . 7 4 
0 . 7 4 
0 . 7 4 
0 . 7 4 
0 . 7 4 
0 . 7 5 
0 . 7 5 
0 . 7 5 
0 . 7 5 
0 . 7 5 
0 . 7 5 
0 . 7 5 
0 . 7 5 
0 . 7 5 
0 . 7 6 
0 . 7 6 
0 . 7 6 
0 . 7 6 
0 . 7 6 
0 . 7 6 
0 . 7 6 
0 . 7 6 
0 . 7 6 
0 . 7 7 
0 . 7 7 
0 . 7 7 
0 . 7 7 
0 . 7 7 
0 . 7 7 
0 . 7 7 
0 . 7 7 
0 . 7 7 
0 . 7 8 
0 . 7 8 
0 . 7 8 
0 . 7 8 
0 . 7 8 
0 . 7 8 
0 . 7 8 
0 . 7 8 
0 . 7 8 
0 . 7 9 
0 . 7 9 
0 . 7 9 
0 . 7 9 
0 . 7 9 
0 . 7 9 
0 . 7 9 
0 . 7 9 
0 . 7 9 
0 . 7 
0 . 7 
0 . 7 
0 . 7 
0 . 7 
0 . 7 
0 . 7 
0 . 7 
0 . 7 
0 . 8 1 
0 . 8 1 
0 . 8 1 
0 . 8 1 
0 . 8 1 
0 . 8 1 
0 . 8 1 
0 . 8 1 
0 . 8 1 
0 . 8 2 
0 . 8 2 
0 . 8 2 
0 . 8 2 
0 . 8 2 
0 . 8 2 
0 . 8 2 
0 . 8 2 
0 . 8 2 
0 . 8 3 
0 . 8 3 
0 . 8 3 
0 . 8 3 
0 . 8 3 
0 . 8 3 
0 . 8 3 
0 . 8 3 
0 . 8 3 
0 . 8 4 
0 . 8 4 
0 . 8 4 
0 . 8 4 
0 . 8 4 
0 . 8 4 
0 . 8 4 
0 . 8 4 
0 . 8 4 
0 . 8 5 
0 . 8 5 
0 . 8 5 
0 . 8 5 
0 . 8 5 
0 . 8 5 
0 . 8 5 
0 . 8 5 
0 . 8 5 
0 . 8 6 
0 . 8 6 
0 . 8 6 
0 . 8 6 
0 . 8 6 
0 . 8 6 
0 . 8 6 
0 . 8 6 
0 . 8 6 
0 . 8 7 
0 . 8 7 
0 . 8 7 
0 . 8 7 
0 . 8 7 
0 . 8 7 
0 . 8 7 
0 . 8 7 
0 . 8 7 
0 . 8 8 
0 . 8 8 
0 . 8 8 
0 . 8 8 
0 . 8 8 
0 . 8 8 
0 . 8 8 
0 . 8 8 
0 . 8 8 
0 . 8 9 
0 . 8 9 
0 . 8 9 
0 . 8 9 
0 . 8 9 
0 . 8 9 
0 . 8 9 
0 . 8 9 
0 . 8 9 
0 . 8 
0 . 8 
0 . 8 
0 . 8 
0 . 8 
0 . 8 
0 . 8 
0 . 8 
0 . 8 
0 . 9 1 
0 . 9 1 
0 . 9 1 
0 . 9 1 
0 . 9 1 
0 . 9 1 
0 . 9 1 
0 . 9 1 
0 . 9 1 
0 . 9 2 
0 . 9 2 
0 . 9 2 
0 . 9 2 
0 . 9 2 
0 . 9 2 
0 . 9 2 
0 . 9 2 
0 . 9 2 
0 . 9 3 
0 . 9 3 
0 . 9 3 
0 . 9 3 
0 . 9 3 
0 . 9 3 
0 . 9 3 
0 . 9 3 
0 . 9 3 
0 . 9 4 
0 . 9 4 
0 . 9 4 
0 . 9 4 
0 . 9 4 
0 . 9 4 
0 . 9 4 
0 . 9 4 
0 . 9 4 
0 . 9 5 
0 . 9 5 
0 . 9 5 
0 . 9 5 
0 . 9 5 
0 . 9 5 
0 . 9 5 
0 . 9 5 
0 . 9 5 
0 . 9 6 
0 . 9 6 
0 . 9 6 
0 . 9 6 
0 . 9 6 
0 . 9 6 
0 . 9 6 
0 . 9 6 
0 . 9 6 
0 . 9 7 
0 . 9 7 
0 . 9 7 
0 . 9 7 
0 . 9 7 
0 . 9 7 
0 . 9 7 
0 . 9 7 
0 . 9 7 
0 . 9 8 
0 . 9 8 
0 . 9 8 
0 . 9 8 
0 . 9 8 
0 . 9 8 
0 . 9 8 
0 . 9 8 
0 . 9 8 
0 . 9 9 
0 . 9 9 
0 . 9 9 
0 . 9 9 
0 . 9 9 
0 . 9 9 
0 . 9 9 
0 . 9 9 
0 . 9 9 
0 . 9 
0 . 9 
0 . 9 
0 . 9 
0 . 9 
0 . 9 
0 . 9 
0 . 9 
0 . 9 
1 . 1 K 
1 . 1 K 
1 . 1 K 
1 . 1 K 
1 . 1 K 
1 . 1 K 
1 . 1 K 
1 . 1 K 
1 . 1 K 
1 . 1 M 
1 . 1 M 
1 . 1 M 
1 . 1 M 
1 . 1 M 
1 . 1 M 
1 . 1 M 
1 . 1 M 
1 . 1 M 
1 . 1 
1 . 1 
1 . 1 
1 . 1 
1 . 1 
1 . 1 
1 . 1 
1 . 1 
1 . 1 
1 . 2 K 
1 . 2 K 
1 . 2 K 
1 . 2 K 
1 . 2 K 
1 . 2 K 
1 . 2 K 
1 . 2 K 
1 . 2 K 
1 . 2 M 
1 . 2 M 
1 . 2 M 
1 . 2 M 
1 . 2 M 
1 . 2 M 
1 . 2 M 
1 . 2 M 
1 . 2 M 
1 . 2 
1 . 2 
1 . 2 
1 . 2 
1 . 2 
1 . 2 
1 . 2 
1 . 2 
1 . 2 
1 . 3 K 
1 . 3 K 
1 . 3 K 
1 . 3 K 
1 . 3 K 
1 . 3 K 
1 . 3 K 
1 . 3 K 
1 . 3 K 
1 . 3 M 
1 . 3 M 
1 . 3 M 
1 . 3 M 
1 . 3 M 
1 . 3 M 
1 . 3 M 
1 . 3 M 
1 . 3 M 
1 . 3 
1 . 3 
1 . 3 
1 . 3 
1 . 3 
1 . 3 
1 . 3 
1 . 3 
1 . 3 
1 . 4 K 
1 . 4 K 
1 . 4 K 
1 . 4 K 
1 . 4 K 
1 . 4 K 
1 . 4 K 
1 . 4 K 
1 . 4 K 
1 . 4 M 
1 . 4 M 
1 . 4 M 
1 . 4 M 
1 . 4 M 
1 . 4 M 
1 . 4 M 
1 . 4 M 
1 . 4 M 
1 . 4 
1 . 4 
1 . 4 
1 . 4 
1 . 4 
1 . 4 
1 . 4 
1 . 4 
1 . 4 
1 . 5 K 
1 . 5 K 
1 . 5 K 
1 . 5 K 
1 . 5 K 
1 . 5 K 
1 . 5 K 
1 . 5 K 
1 . 5 K 
1 . 5 M 
1 . 5 M 
1 . 5 M 
1 . 5 M 
1 . 5 M 
1 . 5 M 
1 . 5 M 
1 . 5 M 
1 . 5 M 
1 . 5 
1 . 5 
1 . 5 
1 . 5 
1 . 5 
1 . 5 
1 . 5 
1 . 5 
1 . 5 
1 . 6 K 
1 . 6 K 
1 . 6 K 
1 . 6 K 
1 . 6 K 
1 . 6 K 
1 . 6 K 
1 . 6 K 
1 . 6 K 
1 . 6 M 
1 . 6 M 
1 . 6 M 
1 . 6 M 
1 . 6 M 
1 . 6 M 
1 . 6 M 
1 . 6 M 
1 . 6 M 
1 . 6 
1 . 6 
1 . 6 
1 . 6 
1 . 6 
1 . 6 
1 . 6 
1 . 6 
1 . 6 
1 . 7 K 
1 . 7 K 
1 . 7 K 
1 . 7 K 
1 . 7 K 
1 . 7 K 
1 . 7 K 
1 . 7 K 
1 . 7 K 
1 . 7 M 
1 . 7 M 
1 . 7 M 
1 . 7 M 
1 . 7 M 
1 . 7 M 
1 . 7 M 
1 . 7 M 
1 . 7 M 
1 . 7 
1 . 7 
1 . 7 
1 . 7 
1 . 7 
1 . 7 
1 . 7 
1 . 7 
1 . 7 
1 . 8 K 
1 . 8 K 
1 . 8 K 
1 . 8 K 
1 . 8 K 
1 . 8 K 
1 . 8 K 
1 . 8 K 
1 . 8 K 
1 . 8 M 
1 . 8 M 
1 . 8 M 
1 . 8 M 
1 . 8 M 
1 . 8 M 
1 . 8 M 
1 . 8 M 
1 . 8 M 
1 . 8 
1 . 8 
1 . 8 
1 . 8 
1 . 8 
1 . 8 
1 . 8 
1 . 8 
1 . 8 
1 . 9 K 
1 . 9 K 
1 . 9 K 
1 . 9 K 
1 . 9 K 
1 . 9 K 
1 . 9 K 
1 . 9 K 
1 . 9 K 
1 . 9 M 
1 . 9 M 
1 . 9 M 
1 . 9 M 
1 . 9 M 
1 . 9 M 
1 . 9 M 
1 . 9 M 
1 . 9 M 
1 . 9 
1 . 9 
1 . 9 
1 . 9 
1 . 9 
1 . 9 
1 . 9 
1 . 9 
1 . 9 
1 0 0 K 
1 0 0 K 
1 0 0 K 
1 0 0 K 
1 0 0 K 
1 0 0 K 
1 0 0 K 
1 0 0 K 
1 0 0 K 
1 0 0 
1 0 0 
1 0 0 
1 0 0 
1 0 0 
1 0 0 
1 0 0 
1 0 0 
1 0 0 
1 0 K 
1 0 K 
1 0 K 
1 0 K 
1 0 K 
1 0 K 
1 0 K 
1 0 K 
1 0 K 
1 0 M 
1 0 M 
1 0 M 
1 0 M 
1 0 M 
1 0 M 
1 0 M 
1 0 M 
1 0 M 
1 0 
1 0 
1 0 
1 0 
1 0 
1 0 
1 0 
1 0 
1 0 
1 1 0 K 
1 1 0 K 
1 1 0 K 
1 1 0 K 
1 1 0 K 
1 1 0 K 
1 1 0 K 
1 1 0 K 
1 1 0 K 
1 1 0 
1 1 0 
1 1 0 
1 1 0 
1 1 0 
1 1 0 
1 1 0 
1 1 0 
1 1 0 
1 1 K 
1 1 K 
1 1 K 
1 1 K 
1 1 K 
1 1 K 
1 1 K 
1 1 K 
1 1 K 
1 1 M 
1 1 M 
1 1 M 
1 1 M 
1 1 M 
1 1 M 
1 1 M 
1 1 M 
1 1 M 
1 1 
1 1 
1 1 
1 1 
1 1 
1 1 
1 1 
1 1 
1 1 
1 2 0 K 
1 2 0 K 
1 2 0 K 
1 2 0 K 
1 2 0 K 
1 2 0 K 
1 2 0 K 
1 2 0 K 
1 2 0 K 
1 2 0 
1 2 0 
1 2 0 
1 2 0 
1 2 0 
1 2 0 
1 2 0 
1 2 0 
1 2 0 
1 2 K 
1 2 K 
1 2 K 
1 2 K 
1 2 K 
1 2 K 
1 2 K 
1 2 K 
1 2 K 
1 2 M 
1 2 M 
1 2 M 
1 2 M 
1 2 M 
1 2 M 
1 2 M 
1 2 M 
1 2 M 
1 2 
1 2 
1 2 
1 2 
1 2 
1 2 
1 2 
1 2 
1 2 
1 3 0 K 
1 3 0 K 
1 3 0 K 
1 3 0 K 
1 3 0 K 
1 3 0 K 
1 3 0 K 
1 3 0 K 
1 3 0 K 
1 3 0 
1 3 0 
1 3 0 
1 3 0 
1 3 0 
1 3 0 
1 3 0 
1 3 0 
1 3 0 
1 3 K 
1 3 K 
1 3 K 
1 3 K 
1 3 K 
1 3 K 
1 3 K 
1 3 K 
1 3 K 
1 3 M 
1 3 M 
1 3 M 
1 3 M 
1 3 M 
1 3 M 
1 3 M 
1 3 M 
1 3 M 
1 3 
1 3 
1 3 
1 3 
1 3 
1 3 
1 3 
1 3 
1 3 
1 4 0 K 
1 4 0 K 
1 4 0 K 
1 4 0 K 
1 4 0 K 
1 4 0 K 
1 4 0 K 
1 4 0 K 
1 4 0 K 
1 4 0 
1 4 0 
1 4 0 
1 4 0 
1 4 0 
1 4 0 
1 4 0 
1 4 0 
1 4 0 
1 4 K 
1 4 K 
1 4 K 
1 4 K 
1 4 K 
1 4 K 
1 4 K 
1 4 K 
1 4 K 
1 4 M 
1 4 M 
1 4 M 
1 4 M 
1 4 M 
1 4 M 
1 4 M 
1 4 M 
1 4 M 
1 4 
1 4 
1 4 
1 4 
1 4 
1 4 
1 4 
1 4 
1 4 
1 5 0 K 
1 5 0 K 
1 5 0 K 
1 5 0 K 
1 5 0 K 
1 5 0 K 
1 5 0 K 
1 5 0 K 
1 5 0 K 
1 5 0 
1 5 0 
1 5 0 
1 5 0 
1 5 0 
1 5 0 
1 5 0 
1 5 0 
1 5 0 
1 5 K 
1 5 K 
1 5 K 
1 5 K 
1 5 K 
1 5 K 
1 5 K 
1 5 K 
1 5 K 
1 5 M 
1 5 M 
1 5 M 
1 5 M 
1 5 M 
1 5 M 
1 5 M 
1 5 M 
1 5 M 
1 5 
1 5 
1 5 
1 5 
1 5 
1 5 
1 5 
1 5 
1 5 
1 6 0 K 
1 6 0 K 
1 6 0 K 
1 6 0 K 
1 6 0 K 
1 6 0 K 
1 6 0 K 
1 6 0 K 
1 6 0 K 
1 6 0 
1 6 0 
1 6 0 
1 6 0 
1 6 0 
1 6 0 
1 6 0 
1 6 0 
1 6 0 
1 6 K 
1 6 K 
1 6 K 
1 6 K 
1 6 K 
1 6 K 
1 6 K 
1 6 K 
1 6 K 
1 6 M 
1 6 M 
1 6 M 
1 6 M 
1 6 M 
1 6 M 
1 6 M 
1 6 M 
1 6 M 
1 6 
1 6 
1 6 
1 6 
1 6 
1 6 
1 6 
1 6 
1 6 
1 7 0 K 
1 7 0 K 
1 7 0 K 
1 7 0 K 
1 7 0 K 
1 7 0 K 
1 7 0 K 
1 7 0 K 
1 7 0 K 
1 7 0 
1 7 0 
1 7 0 
1 7 0 
1 7 0 
1 7 0 
1 7 0 
1 7 0 
1 7 0 
1 7 K 
1 7 K 
1 7 K 
1 7 K 
1 7 K 
1 7 K 
1 7 K 
1 7 K 
1 7 K 
1 7 M 
1 7 M 
1 7 M 
1 7 M 
1 7 M 
1 7 M 
1 7 M 
1 7 M 
1 7 M 
1 7 
1 7 
1 7 
1 7 
1 7 
1 7 
1 7 
1 7 
1 7 
1 8 0 K 
1 8 0 K 
1 8 0 K 
1 8 0 K 
1 8 0 K 
1 8 0 K 
1 8 0 K 
1 8 0 K 
1 8 0 K 
1 8 0 
1 8 0 
1 8 0 
1 8 0 
1 8 0 
1 8 0 
1 8 0 
1 8 0 
1 8 0 
1 8 K 
1 8 K 
1 8 K 
1 8 K 
1 8 K 
1 8 K 
1 8 K 
1 8 K 
1 8 K 
1 8 M 
1 8 M 
1 8 M 
1 8 M 
1 8 M 
1 8 M 
1 8 M 
1 8 M 
1 8 M 
1 8 
1 8 
1 8 
1 8 
1 8 
1 8 
1 8 
1 8 
1 8 
1 9 0 K 
1 9 0 K 
1 9 0 K 
1 9 0 K 
1 9 0 K 
1 9 0 K 
1 9 0 K 
1 9 0 K 
1 9 0 K 
1 9 0 
1 9 0 
1 9 0 
1 9 0 
1 9 0 
1 9 0 
1 9 0 
1 9 0 
1 9 0 
1 9 K 
1 9 K 
1 9 K 
1 9 K 
1 9 K 
1 9 K 
1 9 K 
1 9 K 
1 9 K 
1 9 M 
1 9 M 
1 9 M 
1 9 M 
1 9 M 
1 9 M 
1 9 M 
1 9 M 
1 9 M 
1 9 
1 9 
1 9 
1 9 
1 9 
1 9 
1 9 
1 9 
1 9 
1 K 
1 K 
1 K 
1 K 
1 K 
1 K 
1 K 
1 K 
1 K 
1 M 
1 M 
1 M 
1 M 
1 M 
1 M 
1 M 
1 M 
1 M 
1 
1 
1 
1 
1 
1 
1 
1 
1 
2 . 1 K 
2 . 1 K 
2 . 1 K 
2 . 1 K 
2 . 1 K 
2 . 1 K 
2 . 1 K 
2 . 1 K 
2 . 1 K 
2 . 1 M 
2 . 1 M 
2 . 1 M 
2 . 1 M 
2 . 1 M 
2 . 1 M 
2 . 1 M 
2 . 1 M 
2 . 1 M 
2 . 1 
2 . 1 
2 . 1 
2 . 1 
2 . 1 
2 . 1 
2 . 1 
2 . 1 
2 . 1 
2 . 2 K 
2 . 2 K 
2 . 2 K 
2 . 2 K 
2 . 2 K 
2 . 2 K 
2 . 2 K 
2 . 2 K 
2 . 2 K 
2 . 2 M 
2 . 2 M 
2 . 2 M 
2 . 2 M 
2 . 2 M 
2 . 2 M 
2 . 2 M 
2 . 2 M 
2 . 2 M 
2 . 2 
2 . 2 
2 . 2 
2 . 2 
2 . 2 
2 . 2 
2 . 2 
2 . 2 
2 . 2 
2 . 3 K 
2 . 3 K 
2 . 3 K 
2 . 3 K 
2 . 3 K 
2 . 3 K 
2 . 3 K 
2 . 3 K 
2 . 3 K 
2 . 3 M 
2 . 3 M 
2 . 3 M 
2 . 3 M 
2 . 3 M 
2 . 3 M 
2 . 3 M 
2 . 3 M 
2 . 3 M 
2 . 3 
2 . 3 
2 . 3 
2 . 3 
2 . 3 
2 . 3 
2 . 3 
2 . 3 
2 . 3 
2 . 4 K 
2 . 4 K 
2 . 4 K 
2 . 4 K 
2 . 4 K 
2 . 4 K 
2 . 4 K 
2 . 4 K 
2 . 4 K 
2 . 4 M 
2 . 4 M 
2 . 4 M 
2 . 4 M 
2 . 4 M 
2 . 4 M 
2 . 4 M 
2 . 4 M 
2 . 4 M 
2 . 4 
2 . 4 
2 . 4 
2 . 4 
2 . 4 
2 . 4 
2 . 4 
2 . 4 
2 . 4 
2 . 5 K 
2 . 5 K 
2 . 5 K 
2 . 5 K 
2 . 5 K 
2 . 5 K 
2 . 5 K 
2 . 5 K 
2 . 5 K 
2 . 5 M 
2 . 5 M 
2 . 5 M 
2 . 5 M 
2 . 5 M 
2 . 5 M 
2 . 5 M 
2 . 5 M 
2 . 5 M 
2 . 5 
2 . 5 
2 . 5 
2 . 5 
2 . 5 
2 . 5 
2 . 5 
2 . 5 
2 . 5 
2 . 6 K 
2 . 6 K 
2 . 6 K 
2 . 6 K 
2 . 6 K 
2 . 6 K 
2 . 6 K 
2 . 6 K 
2 . 6 K 
2 . 6 M 
2 . 6 M 
2 . 6 M 
2 . 6 M 
2 . 6 M 
2 . 6 M 
2 . 6 M 
2 . 6 M 
2 . 6 M 
2 . 6 
2 . 6 
2 . 6 
2 . 6 
2 . 6 
2 . 6 
2 . 6 
2 . 6 
2 . 6 
2 . 7 K 
2 . 7 K 
2 . 7 K 
2 . 7 K 
2 . 7 K 
2 . 7 K 
2 . 7 K 
2 . 7 K 
2 . 7 K 
2 . 7 M 
2 . 7 M 
2 . 7 M 
2 . 7 M 
2 . 7 M 
2 . 7 M 
2 . 7 M 
2 . 7 M 
2 . 7 M 
2 . 7 
2 . 7 
2 . 7 
2 . 7 
2 . 7 
2 . 7 
2 . 7 
2 . 7 
2 . 7 
2 . 8 K 
2 . 8 K 
2 . 8 K 
2 . 8 K 
2 . 8 K 
2 . 8 K 
2 . 8 K 
2 . 8 K 
2 . 8 K 
2 . 8 M 
2 . 8 M 
2 . 8 M 
2 . 8 M 
2 . 8 M 
2 . 8 M 
2 . 8 M 
2 . 8 M 
2 . 8 M 
2 . 8 
2 . 8 
2 . 8 
2 . 8 
2 . 8 
2 . 8 
2 . 8 
2 . 8 
2 . 8 
2 . 9 K 
2 . 9 K 
2 . 9 K 
2 . 9 K 
2 . 9 K 
2 . 9 K 
2 . 9 K 
2 . 9 K 
2 . 9 K 
2 . 9 M 
2 . 9 M 
2 . 9 M 
2 . 9 M 
2 . 9 M 
2 . 9 M 
2 . 9 M 
2 . 9 M 
2 . 9 M 
2 . 9 
2 . 9 
2 . 9 
2 . 9 
2 . 9 
2 . 9 
2 . 9 
2 . 9 
2 . 9 
2 0 0 K 
2 0 0 K 
2 0 0 K 
2 0 0 K 
2 0 0 K 
2 0 0 K 
2 0 0 K 
2 0 0 K 
2 0 0 K 
2 0 0 
2 0 0 
2 0 0 
2 0 0 
2 0 0 
2 0 0 
2 0 0 
2 0 0 
2 0 0 
2 0 K 
2 0 K 
2 0 K 
2 0 K 
2 0 K 
2 0 K 
2 0 K 
2 0 K 
2 0 K 
2 0 M 
2 0 M 
2 0 M 
2 0 M 
2 0 M 
2 0 M 
2 0 M 
2 0 M 
2 0 M 
2 0 
2 0 
2 0 
2 0 
2 0 
2 0 
2 0 
2 0 
2 0 
2 1 0 K 
2 1 0 K 
2 1 0 K 
2 1 0 K 
2 1 0 K 
2 1 0 K 
2 1 0 K 
2 1 0 K 
2 1 0 K 
2 1 0 
2 1 0 
2 1 0 
2 1 0 
2 1 0 
2 1 0 
2 1 0 
2 1 0 
2 1 0 
2 1 K 
2 1 K 
2 1 K 
2 1 K 
2 1 K 
2 1 K 
2 1 K 
2 1 K 
2 1 K 
2 1 M 
2 1 M 
2 1 M 
2 1 M 
2 1 M 
2 1 M 
2 1 M 
2 1 M 
2 1 M 
2 1 
2 1 
2 1 
2 1 
2 1 
2 1 
2 1 
2 1 
2 1 
2 2 0 K 
2 2 0 K 
2 2 0 K 
2 2 0 K 
2 2 0 K 
2 2 0 K 
2 2 0 K 
2 2 0 K 
2 2 0 K 
2 2 0 
2 2 0 
2 2 0 
2 2 0 
2 2 0 
2 2 0 
2 2 0 
2 2 0 
2 2 0 
2 2 K 
2 2 K 
2 2 K 
2 2 K 
2 2 K 
2 2 K 
2 2 K 
2 2 K 
2 2 K 
2 2 M 
2 2 M 
2 2 M 
2 2 M 
2 2 M 
2 2 M 
2 2 M 
2 2 M 
2 2 M 
2 2 
2 2 
2 2 
2 2 
2 2 
2 2 
2 2 
2 2 
2 2 
2 3 0 K 
2 3 0 K 
2 3 0 K 
2 3 0 K 
2 3 0 K 
2 3 0 K 
2 3 0 K 
2 3 0 K 
2 3 0 K 
2 3 0 
2 3 0 
2 3 0 
2 3 0 
2 3 0 
2 3 0 
2 3 0 
2 3 0 
2 3 0 
2 3 K 
2 3 K 
2 3 K 
2 3 K 
2 3 K 
2 3 K 
2 3 K 
2 3 K 
2 3 K 
2 3 M 
2 3 M 
2 3 M 
2 3 M 
2 3 M 
2 3 M 
2 3 M 
2 3 M 
2 3 M 
2 3 
2 3 
2 3 
2 3 
2 3 
2 3 
2 3 
2 3 
2 3 
2 4 0 K 
2 4 0 K 
2 4 0 K 
2 4 0 K 
2 4 0 K 
2 4 0 K 
2 4 0 K 
2 4 0 K 
2 4 0 K 
2 4 0 
2 4 0 
2 4 0 
2 4 0 
2 4 0 
2 4 0 
2 4 0 
2 4 0 
2 4 0 
2 4 K 
2 4 K 
2 4 K 
2 4 K 
2 4 K 
2 4 K 
2 4 K 
2 4 K 
2 4 K 
2 4 M 
2 4 M 
2 4 M 
2 4 M 
2 4 M 
2 4 M 
2 4 M 
2 4 M 
2 4 M 
2 4 
2 4 
2 4 
2 4 
2 4 
2 4 
2 4 
2 4 
2 4 
2 5 0 K 
2 5 0 K 
2 5 0 K 
2 5 0 K 
2 5 0 K 
2 5 0 K 
2 5 0 K 
2 5 0 K 
2 5 0 K 
2 5 0 
2 5 0 
2 5 0 
2 5 0 
2 5 0 
2 5 0 
2 5 0 
2 5 0 
2 5 0 
2 5 K 
2 5 K 
2 5 K 
2 5 K 
2 5 K 
2 5 K 
2 5 K 
2 5 K 
2 5 K 
2 5 M 
2 5 M 
2 5 M 
2 5 M 
2 5 M 
2 5 M 
2 5 M 
2 5 M 
2 5 M 
2 5 
2 5 
2 5 
2 5 
2 5 
2 5 
2 5 
2 5 
2 5 
2 6 0 K 
2 6 0 K 
2 6 0 K 
2 6 0 K 
2 6 0 K 
2 6 0 K 
2 6 0 K 
2 6 0 K 
2 6 0 K 
2 6 0 
2 6 0 
2 6 0 
2 6 0 
2 6 0 
2 6 0 
2 6 0 
2 6 0 
2 6 0 
2 6 K 
2 6 K 
2 6 K 
2 6 K 
2 6 K 
2 6 K 
2 6 K 
2 6 K 
2 6 K 
2 6 M 
2 6 M 
2 6 M 
2 6 M 
2 6 M 
2 6 M 
2 6 M 
2 6 M 
2 6 M 
2 6 
2 6 
2 6 
2 6 
2 6 
2 6 
2 6 
2 6 
2 6 
2 7 0 K 
2 7 0 K 
2 7 0 K 
2 7 0 K 
2 7 0 K 
2 7 0 K 
2 7 0 K 
2 7 0 K 
2 7 0 K 
2 7 0 
2 7 0 
2 7 0 
2 7 0 
2 7 0 
2 7 0 
2 7 0 
2 7 0 
2 7 0 
2 7 K 
2 7 K 
2 7 K 
2 7 K 
2 7 K 
2 7 K 
2 7 K 
2 7 K 
2 7 K 
2 7 M 
2 7 M 
2 7 M 
2 7 M 
2 7 M 
2 7 M 
2 7 M 
2 7 M 
2 7 M 
2 7 
2 7 
2 7 
2 7 
2 7 
2 7 
2 7 
2 7 
2 7 
2 8 0 K 
2 8 0 K 
2 8 0 K 
2 8 0 K 
2 8 0 K 
2 8 0 K 
2 8 0 K 
2 8 0 K 
2 8 0 K 
2 8 0 
2 8 0 
2 8 0 
2 8 0 
2 8 0 
2 8 0 
2 8 0 
2 8 0 
2 8 0 
2 8 K 
2 8 K 
2 8 K 
2 8 K 
2 8 K 
2 8 K 
2 8 K 
2 8 K 
2 8 K 
2 8 M 
2 8 M 
2 8 M 
2 8 M 
2 8 M 
2 8 M 
2 8 M 
2 8 M 
2 8 M 
2 8 
2 8 
2 8 
2 8 
2 8 
2 8 
2 8 
2 8 
2 8 
2 9 0 K 
2 9 0 K 
2 9 0 K 
2 9 0 K 
2 9 0 K 
2 9 0 K 
2 9 0 K 
2 9 0 K 
2 9 0 K 
2 9 0 
2 9 0 
2 9 0 
2 9 0 
2 9 0 
2 9 0 
2 9 0 
2 9 0 
2 9 0 
2 9 K 
2 9 K 
2 9 K 
2 9 K 
2 9 K 
2 9 K 
2 9 K 
2 9 K 
2 9 K 
2 9 M 
2 9 M 
2 9 M 
2 9 M 
2 9 M 
2 9 M 
2 9 M 
2 9 M 
2 9 M 
2 9 
2 9 
2 9 
2 9 
2 9 
2 9 
2 9 
2 9 
2 9 
2 K 
2 K 
2 K 
2 K 
2 K 
2 K 
2 K 
2 K 
2 K 
2 M 
2 M 
2 M 
2 M 
2 M 
2 M 
2 M 
2 M 
2 M 
2 
2 
2 
2 
2 
2 
2 
2 
2 
3 . 1 K 
3 . 1 K 
3 . 1 K 
3 . 1 K 
3 . 1 K 
3 . 1 K 
3 . 1 K 
3 . 1 K 
3 . 1 K 
3 . 1 M 
3 . 1 M 
3 . 1 M 
3 . 1 M 
3 . 1 M 
3 . 1 M 
3 . 1 M 
3 . 1 M 
3 . 1 M 
3 . 1 
3 . 1 
3 . 1 
3 . 1 
3 . 1 
3 . 1 
3 . 1 
3 . 1 
3 . 1 
3 . 2 K 
3 . 2 K 
3 . 2 K 
3 . 2 K 
3 . 2 K 
3 . 2 K 
3 . 2 K 
3 . 2 K 
3 . 2 K 
3 . 2 M 
3 . 2 M 
3 . 2 M 
3 . 2 M 
3 . 2 M 
3 . 2 M 
3 . 2 M 
3 . 2 M 
3 . 2 M 
3 . 2 
3 . 2 
3 . 2 
3 . 2 
3 . 2 
3 . 2 
3 . 2 
3 . 2 
3 . 2 
3 . 3 K 
3 . 3 K 
3 . 3 K 
3 . 3 K 
3 . 3 K 
3 . 3 K 
3 . 3 K 
3 . 3 K 
3 . 3 K 
3 . 3 M 
3 . 3 M 
3 . 3 M 
3 . 3 M 
3 . 3 M 
3 . 3 M 
3 . 3 M 
3 . 3 M 
3 . 3 M 
3 . 3 
3 . 3 
3 . 3 
3 . 3 
3 . 3 
3 . 3 
3 . 3 
3 . 3 
3 . 3 
3 . 4 K 
3 . 4 K 
3 . 4 K 
3 . 4 K 
3 . 4 K 
3 . 4 K 
3 . 4 K 
3 . 4 K 
3 . 4 K 
3 . 4 M 
3 . 4 M 
3 . 4 M 
3 . 4 M 
3 . 4 M 
3 . 4 M 
3 . 4 M 
3 . 4 M 
3 . 4 M 
3 . 4 
3 . 4 
3 . 4 
3 . 4 
3 . 4 
3 . 4 
3 . 4 
3 . 4 
3 . 4 
3 . 5 K 
3 . 5 K 
3 . 5 K 
3 . 5 K 
3 . 5 K 
3 . 5 K 
3 . 5 K 
3 . 5 K 
3 . 5 K 
3 . 5 M 
3 . 5 M 
3 . 5 M 
3 . 5 M 
3 . 5 M 
3 . 5 M 
3 . 5 M 
3 . 5 M 
3 . 5 M 
3 . 5 
3 . 5 
3 . 5 
3 . 5 
3 . 5 
3 . 5 
3 . 5 
3 . 5 
3 . 5 
3 . 6 K 
3 . 6 K 
3 . 6 K 
3 . 6 K 
3 . 6 K 
3 . 6 K 
3 . 6 K 
3 . 6 K 
3 . 6 K 
3 . 6 M 
3 . 6 M 
3 . 6 M 
3 . 6 M 
3 . 6 M 
3 . 6 M 
3 . 6 M 
3 . 6 M 
3 . 6 M 
3 . 6 
3 . 6 
3 . 6 
3 . 6 
3 . 6 
3 . 6 
3 . 6 
3 . 6 
3 . 6 
3 . 7 K 
3 . 7 K 
3 . 7 K 
3 . 7 K 
3 . 7 K 
3 . 7 K 
3 . 7 K 
3 . 7 K 
3 . 7 K 
3 . 7 M 
3 . 7 M 
3 . 7 M 
3 . 7 M 
3 . 7 M 
3 . 7 M 
3 . 7 M 
3 . 7 M 
3 . 7 M 
3 . 7 
3 . 7 
3 . 7 
3 . 7 
3 . 7 
3 . 7 
3 . 7 
3 . 7 
3 . 7 
3 . 8 K 
3 . 8 K 
3 . 8 K 
3 . 8 K 
3 . 8 K 
3 . 8 K 
3 . 8 K 
3 . 8 K 
3 . 8 K 
3 . 8 M 
3 . 8 M 
3 . 8 M 
3 . 8 M 
3 . 8 M 
3 . 8 M 
3 . 8 M 
3 . 8 M 
3 . 8 M 
3 . 8 
3 . 8 
3 . 8 
3 . 8 
3 . 8 
3 . 8 
3 . 8 
3 . 8 
3 . 8 
3 . 9 K 
3 . 9 K 
3 . 9 K 
3 . 9 K 
3 . 9 K 
3 . 9 K 
3 . 9 K 
3 . 9 K 
3 . 9 K 
3 . 9 M 
3 . 9 M 
3 . 9 M 
3 . 9 M 
3 . 9 M 
3 . 9 M 
3 . 9 M 
3 . 9 M 
3 . 9 M 
3 . 9 
3 . 9 
3 . 9 
3 . 9 
3 . 9 
3 . 9 
3 . 9 
3 . 9 
3 . 9 
3 0 0 K 
3 0 0 K 
3 0 0 K 
3 0 0 K 
3 0 0 K 
3 0 0 K 
3 0 0 K 
3 0 0 K 
3 0 0 K 
3 0 0 
3 0 0 
3 0 0 
3 0 0 
3 0 0 
3 0 0 
3 0 0 
3 0 0 
3 0 0 
3 0 K 
3 0 K 
3 0 K 
3 0 K 
3 0 K 
3 0 K 
3 0 K 
3 0 K 
3 0 K 
3 0 M 
3 0 M 
3 0 M 
3 0 M 
3 0 M 
3 0 M 
3 0 M 
3 0 M 
3 0 M 
3 0 
3 0 
3 0 
3 0 
3 0 
3 0 
3 0 
3 0 
3 0 
3 1 0 K 
3 1 0 K 
3 1 0 K 
3 1 0 K 
3 1 0 K 
3 1 0 K 
3 1 0 K 
3 1 0 K 
3 1 0 K 
3 1 0 
3 1 0 
3 1 0 
3 1 0 
3 1 0 
3 1 0 
3 1 0 
3 1 0 
3 1 0 
3 1 K 
3 1 K 
3 1 K 
3 1 K 
3 1 K 
3 1 K 
3 1 K 
3 1 K 
3 1 K 
3 1 M 
3 1 M 
3 1 M 
3 1 M 
3 1 M 
3 1 M 
3 1 M 
3 1 M 
3 1 M 
3 1 
3 1 
3 1 
3 1 
3 1 
3 1 
3 1 
3 1 
3 1 
3 2 0 K 
3 2 0 K 
3 2 0 K 
3 2 0 K 
3 2 0 K 
3 2 0 K 
3 2 0 K 
3 2 0 K 
3 2 0 K 
3 2 0 
3 2 0 
3 2 0 
3 2 0 
3 2 0 
3 2 0 
3 2 0 
3 2 0 
3 2 0 
3 2 K 
3 2 K 
3 2 K 
3 2 K 
3 2 K 
3 2 K 
3 2 K 
3 2 K 
3 2 K 
3 2 M 
3 2 M 
3 2 M 
3 2 M 
3 2 M 
3 2 M 
3 2 M 
3 2 M 
3 2 M 
3 2 
3 2 
3 2 
3 2 
3 2 
3 2 
3 2 
3 2 
3 2 
3 3 0 K 
3 3 0 K 
3 3 0 K 
3 3 0 K 
3 3 0 K 
3 3 0 K 
3 3 0 K 
3 3 0 K 
3 3 0 K 
3 3 0 
3 3 0 
3 3 0 
3 3 0 
3 3 0 
3 3 0 
3 3 0 
3 3 0 
3 3 0 
3 3 K 
3 3 K 
3 3 K 
3 3 K 
3 3 K 
3 3 K 
3 3 K 
3 3 K 
3 3 K 
3 3 M 
3 3 M 
3 3 M 
3 3 M 
3 3 M 
3 3 M 
3 3 M 
3 3 M 
3 3 M 
3 3 
3 3 
3 3 
3 3 
3 3 
3 3 
3 3 
3 3 
3 3 
3 4 0 K 
3 4 0 K 
3 4 0 K 
3 4 0 K 
3 4 0 K 
3 4 0 K 
3 4 0 K 
3 4 0 K 
3 4 0 K 
3 4 0 
3 4 0 
3 4 0 
3 4 0 
3 4 0 
3 4 0 
3 4 0 
3 4 0 
3 4 0 
3 4 K 
3 4 K 
3 4 K 
3 4 K 
3 4 K 
3 4 K 
3 4 K 
3 4 K 
3 4 K 
3 4 M 
3 4 M 
3 4 M 
3 4 M 
3 4 M 
3 4 M 
3 4 M 
3 4 M 
3 4 M 
3 4 
3 4 
3 4 
3 4 
3 4 
3 4 
3 4 
3 4 
3 4 
3 5 0 K 
3 5 0 K 
3 5 0 K 
3 5 0 K 
3 5 0 K 
3 5 0 K 
3 5 0 K 
3 5 0 K 
3 5 0 K 
3 5 0 
3 5 0 
3 5 0 
3 5 0 
3 5 0 
3 5 0 
3 5 0 
3 5 0 
3 5 0 
3 5 K 
3 5 K 
3 5 K 
3 5 K 
3 5 K 
3 5 K 
3 5 K 
3 5 K 
3 5 K 
3 5 M 
3 5 M 
3 5 M 
3 5 M 
3 5 M 
3 5 M 
3 5 M 
3 5 M 
3 5 M 
3 5 
3 5 
3 5 
3 5 
3 5 
3 5 
3 5 
3 5 
3 5 
3 6 0 K 
3 6 0 K 
3 6 0 K 
3 6 0 K 
3 6 0 K 
3 6 0 K 
3 6 0 K 
3 6 0 K 
3 6 0 K 
3 6 0 
3 6 0 
3 6 0 
3 6 0 
3 6 0 
3 6 0 
3 6 0 
3 6 0 
3 6 0 
3 6 K 
3 6 K 
3 6 K 
3 6 K 
3 6 K 
3 6 K 
3 6 K 
3 6 K 
3 6 K 
3 6 M 
3 6 M 
3 6 M 
3 6 M 
3 6 M 
3 6 M 
3 6 M 
3 6 M 
3 6 M 
3 6 
3 6 
3 6 
3 6 
3 6 
3 6 
3 6 
3 6 
3 6 
3 7 0 K 
3 7 0 K 
3 7 0 K 
3 7 0 K 
3 7 0 K 
3 7 0 K 
3 7 0 K 
3 7 0 K 
3 7 0 K 
3 7 0 
3 7 0 
3 7 0 
3 7 0 
3 7 0 
3 7 0 
3 7 0 
3 7 0 
3 7 0 
3 7 K 
3 7 K 
3 7 K 
3 7 K 
3 7 K 
3 7 K 
3 7 K 
3 7 K 
3 7 K 
3 7 M 
3 7 M 
3 7 M 
3 7 M 
3 7 M 
3 7 M 
3 7 M 
3 7 M 
3 7 M 
3 7 
3 7 
3 7 
3 7 
3 7 
3 7 
3 7 
3 7 
3 7 
3 8 0 K 
3 8 0 K 
3 8 0 K 
3 8 0 K 
3 8 0 K 
3 8 0 K 
3 8 0 K 
3 8 0 K 
3 8 0 K 
3 8 0 
3 8 0 
3 8 0 
3 8 0 
3 8 0 
3 8 0 
3 8 0 
3 8 0 
3 8 0 
3 8 K 
3 8 K 
3 8 K 
3 8 K 
3 8 K 
3 8 K 
3 8 K 
3 8 K 
3 8 K 
3 8 M 
3 8 M 
3 8 M 
3 8 M 
3 8 M 
3 8 M 
3 8 M 
3 8 M 
3 8 M 
3 8 
3 8 
3 8 
3 8 
3 8 
3 8 
3 8 
3 8 
3 8 
3 9 0 K 
3 9 0 K 
3 9 0 K 
3 9 0 K 
3 9 0 K 
3 9 0 K 
3 9 0 K 
3 9 0 K 
3 9 0 K 
3 9 0 
3 9 0 
3 9 0 
3 9 0 
3 9 0 
3 9 0 
3 9 0 
3 9 0 
3 9 0 
3 9 K 
3 9 K 
3 9 K 
3 9 K 
3 9 K 
3 9 K 
3 9 K 
3 9 K 
3 9 K 
3 9 M 
3 9 M 
3 9 M 
3 9 M 
3 9 M 
3 9 M 
3 9 M 
3 9 M 
3 9 M 
3 9 
3 9 
3 9 
3 9 
3 9 
3 9 
3 9 
3 9 
3 9 
3 K 
3 K 
3 K 
3 K 
3 K 
3 K 
3 K 
3 K 
3 K 
3 M 
3 M 
3 M 
3 M 
3 M 
3 M 
3 M 
3 M 
3 M 
3 
3 
3 
3 
3 
3 
3 
3 
3 
4 . 1 K 
4 . 1 K 
4 . 1 K 
4 . 1 K 
4 . 1 K 
4 . 1 K 
4 . 1 K 
4 . 1 K 
4 . 1 K 
4 . 1 M 
4 . 1 M 
4 . 1 M 
4 . 1 M 
4 . 1 M 
4 . 1 M 
4 . 1 M 
4 . 1 M 
4 . 1 M 
4 . 1 
4 . 1 
4 . 1 
4 . 1 
4 . 1 
4 . 1 
4 . 1 
4 . 1 
4 . 1 
4 . 2 K 
4 . 2 K 
4 . 2 K 
4 . 2 K 
4 . 2 K 
4 . 2 K 
4 . 2 K 
4 . 2 K 
4 . 2 K 
4 . 2 M 
4 . 2 M 
4 . 2 M 
4 . 2 M 
4 . 2 M 
4 . 2 M 
4 . 2 M 
4 . 2 M 
4 . 2 M 
4 . 2 
4 . 2 
4 . 2 
4 . 2 
4 . 2 
4 . 2 
4 . 2 
4 . 2 
4 . 2 
4 . 3 K 
4 . 3 K 
4 . 3 K 
4 . 3 K 
4 . 3 K 
4 . 3 K 
4 . 3 K 
4 . 3 K 
4 . 3 K 
4 . 3 M 
4 . 3 M 
4 . 3 M 
4 . 3 M 
4 . 3 M 
4 . 3 M 
4 . 3 M 
4 . 3 M 
4 . 3 M 
4 . 3 
4 . 3 
4 . 3 
4 . 3 
4 . 3 
4 . 3 
4 . 3 
4 . 3 
4 . 3 
4 . 4 K 
4 . 4 K 
4 . 4 K 
4 . 4 K 
4 . 4 K 
4 . 4 K 
4 . 4 K 
4 . 4 K 
4 . 4 K 
4 . 4 M 
4 . 4 M 
4 . 4 M 
4 . 4 M 
4 . 4 M 
4 . 4 M 
4 . 4 M 
4 . 4 M 
4 . 4 M 
4 . 4 
4 . 4 
4 . 4 
4 . 4 
4 . 4 
4 . 4 
4 . 4 
4 . 4 
4 . 4 
4 . 5 K 
4 . 5 K 
4 . 5 K 
4 . 5 K 
4 . 5 K 
4 . 5 K 
4 . 5 K 
4 . 5 K 
4 . 5 K 
4 . 5 M 
4 . 5 M 
4 . 5 M 
4 . 5 M 
4 . 5 M 
4 . 5 M 
4 . 5 M 
4 . 5 M 
4 . 5 M 
4 . 5 
4 . 5 
4 . 5 
4 . 5 
4 . 5 
4 . 5 
4 . 5 
4 . 5 
4 . 5 
4 . 6 K 
4 . 6 K 
4 . 6 K 
4 . 6 K 
4 . 6 K 
4 . 6 K 
4 . 6 K 
4 . 6 K 
4 . 6 K 
4 . 6 M 
4 . 6 M 
4 . 6 M 
4 . 6 M 
4 . 6 M 
4 . 6 M 
4 . 6 M 
4 . 6 M 
4 . 6 M 
4 . 6 
4 . 6 
4 . 6 
4 . 6 
4 . 6 
4 . 6 
4 . 6 
4 . 6 
4 . 6 
4 . 7 K 
4 . 7 K 
4 . 7 K 
4 . 7 K 
4 . 7 K 
4 . 7 K 
4 . 7 K 
4 . 7 K 
4 . 7 K 
4 . 7 M 
4 . 7 M 
4 . 7 M 
4 . 7 M 
4 . 7 M 
4 . 7 M 
4 . 7 M 
4 . 7 M 
4 . 7 M 
4 . 7 
4 . 7 
4 . 7 
4 . 7 
4 . 7 
4 . 7 
4 . 7 
4 . 7 
4 . 7 
4 . 8 K 
4 . 8 K 
4 . 8 K 
4 . 8 K 
4 . 8 K 
4 . 8 K 
4 . 8 K 
4 . 8 K 
4 . 8 K 
4 . 8 M 
4 . 8 M 
4 . 8 M 
4 . 8 M 
4 . 8 M 
4 . 8 M 
4 . 8 M 
4 . 8 M 
4 . 8 M 
4 . 8 
4 . 8 
4 . 8 
4 . 8 
4 . 8 
4 . 8 
4 . 8 
4 . 8 
4 . 8 
4 . 9 K 
4 . 9 K 
4 . 9 K 
4 . 9 K 
4 . 9 K 
4 . 9 K 
4 . 9 K 
4 . 9 K 
4 . 9 K 
4 . 9 M 
4 . 9 M 
4 . 9 M 
4 . 9 M 
4 . 9 M 
4 . 9 M 
4 . 9 M 
4 . 9 M 
4 . 9 M 
4 . 9 
4 . 9 
4 . 9 
4 . 9 
4 . 9 
4 . 9 
4 . 9 
4 . 9 
4 . 9 
4 0 0 K 
4 0 0 K 
4 0 0 K 
4 0 0 K 
4 0 0 K 
4 0 0 K 
4 0 0 K 
4 0 0 K 
4 0 0 K 
4 0 0 
4 0 0 
4 0 0 
4 0 0 
4 0 0 
4 0 0 
4 0 0 
4 0 0 
4 0 0 
4 0 K 
4 0 K 
4 0 K 
4 0 K 
4 0 K 
4 0 K 
4 0 K 
4 0 K 
4 0 K 
4 0 M 
4 0 M 
4 0 M 
4 0 M 
4 0 M 
4 0 M 
4 0 M 
4 0 M 
4 0 M 
4 0 
4 0 
4 0 
4 0 
4 0 
4 0 
4 0 
4 0 
4 0 
4 1 0 K 
4 1 0 K 
4 1 0 K 
4 1 0 K 
4 1 0 K 
4 1 0 K 
4 1 0 K 
4 1 0 K 
4 1 0 K 
4 1 0 
4 1 0 
4 1 0 
4 1 0 
4 1 0 
4 1 0 
4 1 0 
4 1 0 
4 1 0 
4 1 K 
4 1 K 
4 1 K 
4 1 K 
4 1 K 
4 1 K 
4 1 K 
4 1 K 
4 1 K 
4 1 M 
4 1 M 
4 1 M 
4 1 M 
4 1 M 
4 1 M 
4 1 M 
4 1 M 
4 1 M 
4 1 
4 1 
4 1 
4 1 
4 1 
4 1 
4 1 
4 1 
4 1 
4 2 0 K 
4 2 0 K 
4 2 0 K 
4 2 0 K 
4 2 0 K 
4 2 0 K 
4 2 0 K 
4 2 0 K 
4 2 0 K 
4 2 0 
4 2 0 
4 2 0 
4 2 0 
4 2 0 
4 2 0 
4 2 0 
4 2 0 
4 2 0 
4 2 K 
4 2 K 
4 2 K 
4 2 K 
4 2 K 
4 2 K 
4 2 K 
4 2 K 
4 2 K 
4 2 M 
4 2 M 
4 2 M 
4 2 M 
4 2 M 
4 2 M 
4 2 M 
4 2 M 
4 2 M 
4 2 
4 2 
4 2 
4 2 
4 2 
4 2 
4 2 
4 2 
4 2 
4 3 0 K 
4 3 0 K 
4 3 0 K 
4 3 0 K 
4 3 0 K 
4 3 0 K 
4 3 0 K 
4 3 0 K 
4 3 0 K 
4 3 0 
4 3 0 
4 3 0 
4 3 0 
4 3 0 
4 3 0 
4 3 0 
4 3 0 
4 3 0 
4 3 K 
4 3 K 
4 3 K 
4 3 K 
4 3 K 
4 3 K 
4 3 K 
4 3 K 
4 3 K 
4 3 M 
4 3 M 
4 3 M 
4 3 M 
4 3 M 
4 3 M 
4 3 M 
4 3 M 
4 3 M 
4 3 
4 3 
4 3 
4 3 
4 3 
4 3 
4 3 
4 3 
4 3 
4 4 0 K 
4 4 0 K 
4 4 0 K 
4 4 0 K 
4 4 0 K 
4 4 0 K 
4 4 0 K 
4 4 0 K 
4 4 0 K 
4 4 0 
4 4 0 
4 4 0 
4 4 0 
4 4 0 
4 4 0 
4 4 0 
4 4 0 
4 4 0 
4 4 K 
4 4 K 
4 4 K 
4 4 K 
4 4 K 
4 4 K 
4 4 K 
4 4 K 
4 4 K 
4 4 M 
4 4 M 
4 4 M 
4 4 M 
4 4 M 
4 4 M 
4 4 M 
4 4 M 
4 4 M 
4 4 
4 4 
4 4 
4 4 
4 4 
4 4 
4 4 
4 4 
4 4 
4 5 0 K 
4 5 0 K 
4 5 0 K 
4 5 0 K 
4 5 0 K 
4 5 0 K 
4 5 0 K 
4 5 0 K 
4 5 0 K 
4 5 0 
4 5 0 
4 5 0 
4 5 0 
4 5 0 
4 5 0 
4 5 0 
4 5 0 
4 5 0 
4 5 K 
4 5 K 
4 5 K 
4 5 K 
4 5 K 
4 5 K 
4 5 K 
4 5 K 
4 5 K 
4 5 M 
4 5 M 
4 5 M 
4 5 M 
4 5 M 
4 5 M 
4 5 M 
4 5 M 
4 5 M 
4 5 
4 5 
4 5 
4 5 
4 5 
4 5 
4 5 
4 5 
4 5 
4 6 0 K 
4 6 0 K 
4 6 0 K 
4 6 0 K 
4 6 0 K 
4 6 0 K 
4 6 0 K 
4 6 0 K 
4 6 0 K 
4 6 0 
4 6 0 
4 6 0 
4 6 0 
4 6 0 
4 6 0 
4 6 0 
4 6 0 
4 6 0 
4 6 K 
4 6 K 
4 6 K 
4 6 K 
4 6 K 
4 6 K 
4 6 K 
4 6 K 
4 6 K 
4 6 M 
4 6 M 
4 6 M 
4 6 M 
4 6 M 
4 6 M 
4 6 M 
4 6 M 
4 6 M 
4 6 
4 6 
4 6 
4 6 
4 6 
4 6 
4 6 
4 6 
4 6 
4 7 0 K 
4 7 0 K 
4 7 0 K 
4 7 0 K 
4 7 0 K 
4 7 0 K 
4 7 0 K 
4 7 0 K 
4 7 0 K 
4 7 0 
4 7 0 
4 7 0 
4 7 0 
4 7 0 
4 7 0 
4 7 0 
4 7 0 
4 7 0 
4 7 K 
4 7 K 
4 7 K 
4 7 K 
4 7 K 
4 7 K 
4 7 K 
4 7 K 
4 7 K 
4 7 M 
4 7 M 
4 7 M 
4 7 M 
4 7 M 
4 7 M 
4 7 M 
4 7 M 
4 7 M 
4 7 
4 7 
4 7 
4 7 
4 7 
4 7 
4 7 
4 7 
4 7 
4 8 0 K 
4 8 0 K 
4 8 0 K 
4 8 0 K 
4 8 0 K 
4 8 0 K 
4 8 0 K 
4 8 0 K 
4 8 0 K 
4 8 0 
4 8 0 
4 8 0 
4 8 0 
4 8 0 
4 8 0 
4 8 0 
4 8 0 
4 8 0 
4 8 K 
4 8 K 
4 8 K 
4 8 K 
4 8 K 
4 8 K 
4 8 K 
4 8 K 
4 8 K 
4 8 M 
4 8 M 
4 8 M 
4 8 M 
4 8 M 
4 8 M 
4 8 M 
4 8 M 
4 8 M 
4 8 
4 8 
4 8 
4 8 
4 8 
4 8 
4 8 
4 8 
4 8 
4 9 0 K 
4 9 0 K 
4 9 0 K 
4 9 0 K 
4 9 0 K 
4 9 0 K 
4 9 0 K 
4 9 0 K 
4 9 0 K 
4 9 0 
4 9 0 
4 9 0 
4 9 0 
4 9 0 
4 9 0 
4 9 0 
4 9 0 
4 9 0 
4 9 K 
4 9 K 
4 9 K 
4 9 K 
4 9 K 
4 9 K 
4 9 K 
4 9 K 
4 9 K 
4 9 M 
4 9 M 
4 9 M 
4 9 M 
4 9 M 
4 9 M 
4 9 M 
4 9 M 
4 9 M 
4 9 
4 9 
4 9 
4 9 
4 9 
4 9 
4 9 
4 9 
4 9 
4 K 
4 K 
4 K 
4 K 
4 K 
4 K 
4 K 
4 K 
4 K 
4 M 
4 M 
4 M 
4 M 
4 M 
4 M 
4 M 
4 M 
4 M 
4 
4 
4 
4 
4 
4 
4 
4 
4 
5 . 1 K 
5 . 1 K 
5 . 1 K 
5 . 1 K 
5 . 1 K 
5 . 1 K 
5 . 1 K 
5 . 1 K 
5 . 1 K 
5 . 1 M 
5 . 1 M 
5 . 1 M 
5 . 1 M 
5 . 1 M 
5 . 1 M 
5 . 1 M 
5 . 1 M 
5 . 1 M 
5 . 1 
5 . 1 
5 . 1 
5 . 1 
5 . 1 
5 . 1 
5 . 1 
5 . 1 
5 . 1 
5 . 2 K 
5 . 2 K 
5 . 2 K 
5 . 2 K 
5 . 2 K 
5 . 2 K 
5 . 2 K 
5 . 2 K 
5 . 2 K 
5 . 2 M 
5 . 2 M 
5 . 2 M 
5 . 2 M 
5 . 2 M 
5 . 2 M 
5 . 2 M 
5 . 2 M 
5 . 2 M 
5 . 2 
5 . 2 
5 . 2 
5 . 2 
5 . 2 
5 . 2 
5 . 2 
5 . 2 
5 . 2 
5 . 3 K 
5 . 3 K 
5 . 3 K 
5 . 3 K 
5 . 3 K 
5 . 3 K 
5 . 3 K 
5 . 3 K 
5 . 3 K 
5 . 3 M 
5 . 3 M 
5 . 3 M 
5 . 3 M 
5 . 3 M 
5 . 3 M 
5 . 3 M 
5 . 3 M 
5 . 3 M 
5 . 3 
5 . 3 
5 . 3 
5 . 3 
5 . 3 
5 . 3 
5 . 3 
5 . 3 
5 . 3 
5 . 4 K 
5 . 4 K 
5 . 4 K 
5 . 4 K 
5 . 4 K 
5 . 4 K 
5 . 4 K 
5 . 4 K 
5 . 4 K 
5 . 4 M 
5 . 4 M 
5 . 4 M 
5 . 4 M 
5 . 4 M 
5 . 4 M 
5 . 4 M 
5 . 4 M 
5 . 4 M 
5 . 4 
5 . 4 
5 . 4 
5 . 4 
5 . 4 
5 . 4 
5 . 4 
5 . 4 
5 . 4 
5 . 5 K 
5 . 5 K 
5 . 5 K 
5 . 5 K 
5 . 5 K 
5 . 5 K 
5 . 5 K 
5 . 5 K 
5 . 5 K 
5 . 5 M 
5 . 5 M 
5 . 5 M 
5 . 5 M 
5 . 5 M 
5 . 5 M 
5 . 5 M 
5 . 5 M 
5 . 5 M 
5 . 5 
5 . 5 
5 . 5 
5 . 5 
5 . 5 
5 . 5 
5 . 5 
5 . 5 
5 . 5 
5 . 6 K 
5 . 6 K 
5 . 6 K 
5 . 6 K 
5 . 6 K 
5 . 6 K 
5 . 6 K 
5 . 6 K 
5 . 6 K 
5 . 6 M 
5 . 6 M 
5 . 6 M 
5 . 6 M 
5 . 6 M 
5 . 6 M 
5 . 6 M 
5 . 6 M 
5 . 6 M 
5 . 6 
5 . 6 
5 . 6 
5 . 6 
5 . 6 
5 . 6 
5 . 6 
5 . 6 
5 . 6 
5 . 7 K 
5 . 7 K 
5 . 7 K 
5 . 7 K 
5 . 7 K 
5 . 7 K 
5 . 7 K 
5 . 7 K 
5 . 7 K 
5 . 7 M 
5 . 7 M 
5 . 7 M 
5 . 7 M 
5 . 7 M 
5 . 7 M 
5 . 7 M 
5 . 7 M 
5 . 7 M 
5 . 7 
5 . 7 
5 . 7 
5 . 7 
5 . 7 
5 . 7 
5 . 7 
5 . 7 
5 . 7 
5 . 8 K 
5 . 8 K 
5 . 8 K 
5 . 8 K 
5 . 8 K 
5 . 8 K 
5 . 8 K 
5 . 8 K 
5 . 8 K 
5 . 8 M 
5 . 8 M 
5 . 8 M 
5 . 8 M 
5 . 8 M 
5 . 8 M 
5 . 8 M 
5 . 8 M 
5 . 8 M 
5 . 8 
5 . 8 
5 . 8 
5 . 8 
5 . 8 
5 . 8 
5 . 8 
5 . 8 
5 . 8 
5 . 9 K 
5 . 9 K 
5 . 9 K 
5 . 9 K 
5 . 9 K 
5 . 9 K 
5 . 9 K 
5 . 9 K 
5 . 9 K 
5 . 9 M 
5 . 9 M 
5 . 9 M 
5 . 9 M 
5 . 9 M 
5 . 9 M 
5 . 9 M 
5 . 9 M 
5 . 9 M 
5 . 9 
5 . 9 
5 . 9 
5 . 9 
5 . 9 
5 . 9 
5 . 9 
5 . 9 
5 . 9 
5 0 0 K 
5 0 0 K 
5 0 0 K 
5 0 0 K 
5 0 0 K 
5 0 0 K 
5 0 0 K 
5 0 0 K 
5 0 0 K 
5 0 0 
5 0 0 
5 0 0 
5 0 0 
5 0 0 
5 0 0 
5 0 0 
5 0 0 
5 0 0 
5 0 K 
5 0 K 
5 0 K 
5 0 K 
5 0 K 
5 0 K 
5 0 K 
5 0 K 
5 0 K 
5 0 M 
5 0 M 
5 0 M 
5 0 M 
5 0 M 
5 0 M 
5 0 M 
5 0 M 
5 0 M 
5 0 
5 0 
5 0 
5 0 
5 0 
5 0 
5 0 
5 0 
5 0 
5 1 0 K 
5 1 0 K 
5 1 0 K 
5 1 0 K 
5 1 0 K 
5 1 0 K 
5 1 0 K 
5 1 0 K 
5 1 0 K 
5 1 0 
5 1 0 
5 1 0 
5 1 0 
5 1 0 
5 1 0 
5 1 0 
5 1 0 
5 1 0 
5 1 K 
5 1 K 
5 1 K 
5 1 K 
5 1 K 
5 1 K 
5 1 K 
5 1 K 
5 1 K 
5 1 M 
5 1 M 
5 1 M 
5 1 M 
5 1 M 
5 1 M 
5 1 M 
5 1 M 
5 1 M 
5 1 
5 1 
5 1 
5 1 
5 1 
5 1 
5 1 
5 1 
5 1 
5 2 0 K 
5 2 0 K 
5 2 0 K 
5 2 0 K 
5 2 0 K 
5 2 0 K 
5 2 0 K 
5 2 0 K 
5 2 0 K 
5 2 0 
5 2 0 
5 2 0 
5 2 0 
5 2 0 
5 2 0 
5 2 0 
5 2 0 
5 2 0 
5 2 K 
5 2 K 
5 2 K 
5 2 K 
5 2 K 
5 2 K 
5 2 K 
5 2 K 
5 2 K 
5 2 M 
5 2 M 
5 2 M 
5 2 M 
5 2 M 
5 2 M 
5 2 M 
5 2 M 
5 2 M 
5 2 
5 2 
5 2 
5 2 
5 2 
5 2 
5 2 
5 2 
5 2 
5 3 0 K 
5 3 0 K 
5 3 0 K 
5 3 0 K 
5 3 0 K 
5 3 0 K 
5 3 0 K 
5 3 0 K 
5 3 0 K 
5 3 0 
5 3 0 
5 3 0 
5 3 0 
5 3 0 
5 3 0 
5 3 0 
5 3 0 
5 3 0 
5 3 K 
5 3 K 
5 3 K 
5 3 K 
5 3 K 
5 3 K 
5 3 K 
5 3 K 
5 3 K 
5 3 M 
5 3 M 
5 3 M 
5 3 M 
5 3 M 
5 3 M 
5 3 M 
5 3 M 
5 3 M 
5 3 
5 3 
5 3 
5 3 
5 3 
5 3 
5 3 
5 3 
5 3 
5 4 0 K 
5 4 0 K 
5 4 0 K 
5 4 0 K 
5 4 0 K 
5 4 0 K 
5 4 0 K 
5 4 0 K 
5 4 0 K 
5 4 0 
5 4 0 
5 4 0 
5 4 0 
5 4 0 
5 4 0 
5 4 0 
5 4 0 
5 4 0 
5 4 K 
5 4 K 
5 4 K 
5 4 K 
5 4 K 
5 4 K 
5 4 K 
5 4 K 
5 4 K 
5 4 M 
5 4 M 
5 4 M 
5 4 M 
5 4 M 
5 4 M 
5 4 M 
5 4 M 
5 4 M 
5 4 
5 4 
5 4 
5 4 
5 4 
5 4 
5 4 
5 4 
5 4 
5 5 0 K 
5 5 0 K 
5 5 0 K 
5 5 0 K 
5 5 0 K 
5 5 0 K 
5 5 0 K 
5 5 0 K 
5 5 0 K 
5 5 0 
5 5 0 
5 5 0 
5 5 0 
5 5 0 
5 5 0 
5 5 0 
5 5 0 
5 5 0 
5 5 K 
5 5 K 
5 5 K 
5 5 K 
5 5 K 
5 5 K 
5 5 K 
5 5 K 
5 5 K 
5 5 M 
5 5 M 
5 5 M 
5 5 M 
5 5 M 
5 5 M 
5 5 M 
5 5 M 
5 5 M 
5 5 
5 5 
5 5 
5 5 
5 5 
5 5 
5 5 
5 5 
5 5 
5 6 0 K 
5 6 0 K 
5 6 0 K 
5 6 0 K 
5 6 0 K 
5 6 0 K 
5 6 0 K 
5 6 0 K 
5 6 0 K 
5 6 0 
5 6 0 
5 6 0 
5 6 0 
5 6 0 
5 6 0 
5 6 0 
5 6 0 
5 6 0 
5 6 K 
5 6 K 
5 6 K 
5 6 K 
5 6 K 
5 6 K 
5 6 K 
5 6 K 
5 6 K 
5 6 M 
5 6 M 
5 6 M 
5 6 M 
5 6 M 
5 6 M 
5 6 M 
5 6 M 
5 6 M 
5 6 
5 6 
5 6 
5 6 
5 6 
5 6 
5 6 
5 6 
5 6 
5 7 0 K 
5 7 0 K 
5 7 0 K 
5 7 0 K 
5 7 0 K 
5 7 0 K 
5 7 0 K 
5 7 0 K 
5 7 0 K 
5 7 0 
5 7 0 
5 7 0 
5 7 0 
5 7 0 
5 7 0 
5 7 0 
5 7 0 
5 7 0 
5 7 K 
5 7 K 
5 7 K 
5 7 K 
5 7 K 
5 7 K 
5 7 K 
5 7 K 
5 7 K 
5 7 M 
5 7 M 
5 7 M 
5 7 M 
5 7 M 
5 7 M 
5 7 M 
5 7 M 
5 7 M 
5 7 
5 7 
5 7 
5 7 
5 7 
5 7 
5 7 
5 7 
5 7 
5 8 0 K 
5 8 0 K 
5 8 0 K 
5 8 0 K 
5 8 0 K 
5 8 0 K 
5 8 0 K 
5 8 0 K 
5 8 0 K 
5 8 0 
5 8 0 
5 8 0 
5 8 0 
5 8 0 
5 8 0 
5 8 0 
5 8 0 
5 8 0 
5 8 K 
5 8 K 
5 8 K 
5 8 K 
5 8 K 
5 8 K 
5 8 K 
5 8 K 
5 8 K 
5 8 M 
5 8 M 
5 8 M 
5 8 M 
5 8 M 
5 8 M 
5 8 M 
5 8 M 
5 8 M 
5 8 
5 8 
5 8 
5 8 
5 8 
5 8 
5 8 
5 8 
5 8 
5 9 0 K 
5 9 0 K 
5 9 0 K 
5 9 0 K 
5 9 0 K 
5 9 0 K 
5 9 0 K 
5 9 0 K 
5 9 0 K 
5 9 0 
5 9 0 
5 9 0 
5 9 0 
5 9 0 
5 9 0 
5 9 0 
5 9 0 
5 9 0 
5 9 K 
5 9 K 
5 9 K 
5 9 K 
5 9 K 
5 9 K 
5 9 K 
5 9 K 
5 9 K 
5 9 M 
5 9 M 
5 9 M 
5 9 M 
5 9 M 
5 9 M 
5 9 M 
5 9 M 
5 9 M 
5 9 
5 9 
5 9 
5 9 
5 9 
5 9 
5 9 
5 9 
5 9 
5 K 
5 K 
5 K 
5 K 
5 K 
5 K 
5 K 
5 K 
5 K 
5 M 
5 M 
5 M 
5 M 
5 M 
5 M 
5 M 
5 M 
5 M 
5 
5 
5 
5 
5 
5 
5 
5 
5 
6 . 1 K 
6 . 1 K 
6 . 1 K 
6 . 1 K 
6 . 1 K 
6 . 1 K 
6 . 1 K 
6 . 1 K 
6 . 1 K 
6 . 1 M 
6 . 1 M 
6 . 1 M 
6 . 1 M 
6 . 1 M 
6 . 1 M 
6 . 1 M 
6 . 1 M 
6 . 1 M 
6 . 1 
6 . 1 
6 . 1 
6 . 1 
6 . 1 
6 . 1 
6 . 1 
6 . 1 
6 . 1 
6 . 2 K 
6 . 2 K 
6 . 2 K 
6 . 2 K 
6 . 2 K 
6 . 2 K 
6 . 2 K 
6 . 2 K 
6 . 2 K 
6 . 2 M 
6 . 2 M 
6 . 2 M 
6 . 2 M 
6 . 2 M 
6 . 2 M 
6 . 2 M 
6 . 2 M 
6 . 2 M 
6 . 2 
6 . 2 
6 . 2 
6 . 2 
6 . 2 
6 . 2 
6 . 2 
6 . 2 
6 . 2 
6 . 3 K 
6 . 3 K 
6 . 3 K 
6 . 3 K 
6 . 3 K 
6 . 3 K 
6 . 3 K 
6 . 3 K 
6 . 3 K 
6 . 3 M 
6 . 3 M 
6 . 3 M 
6 . 3 M 
6 . 3 M 
6 . 3 M 
6 . 3 M 
6 . 3 M 
6 . 3 M 
6 . 3 
6 . 3 
6 . 3 
6 . 3 
6 . 3 
6 . 3 
6 . 3 
6 . 3 
6 . 3 
6 . 4 K 
6 . 4 K 
6 . 4 K 
6 . 4 K 
6 . 4 K 
6 . 4 K 
6 . 4 K 
6 . 4 K 
6 . 4 K 
6 . 4 M 
6 . 4 M 
6 . 4 M 
6 . 4 M 
6 . 4 M 
6 . 4 M 
6 . 4 M 
6 . 4 M 
6 . 4 M 
6 . 4 
6 . 4 
6 . 4 
6 . 4 
6 . 4 
6 . 4 
6 . 4 
6 . 4 
6 . 4 
6 . 5 K 
6 . 5 K 
6 . 5 K 
6 . 5 K 
6 . 5 K 
6 . 5 K 
6 . 5 K 
6 . 5 K 
6 . 5 K 
6 . 5 M 
6 . 5 M 
6 . 5 M 
6 . 5 M 
6 . 5 M 
6 . 5 M 
6 . 5 M 
6 . 5 M 
6 . 5 M 
6 . 5 
6 . 5 
6 . 5 
6 . 5 
6 . 5 
6 . 5 
6 . 5 
6 . 5 
6 . 5 
6 . 6 K 
6 . 6 K 
6 . 6 K 
6 . 6 K 
6 . 6 K 
6 . 6 K 
6 . 6 K 
6 . 6 K 
6 . 6 K 
6 . 6 M 
6 . 6 M 
6 . 6 M 
6 . 6 M 
6 . 6 M 
6 . 6 M 
6 . 6 M 
6 . 6 M 
6 . 6 M 
6 . 6 
6 . 6 
6 . 6 
6 . 6 
6 . 6 
6 . 6 
6 . 6 
6 . 6 
6 . 6 
6 . 7 K 
6 . 7 K 
6 . 7 K 
6 . 7 K 
6 . 7 K 
6 . 7 K 
6 . 7 K 
6 . 7 K 
6 . 7 K 
6 . 7 M 
6 . 7 M 
6 . 7 M 
6 . 7 M 
6 . 7 M 
6 . 7 M 
6 . 7 M 
6 . 7 M 
6 . 7 M 
6 . 7 
6 . 7 
6 . 7 
6 . 7 
6 . 7 
6 . 7 
6 . 7 
6 . 7 
6 . 7 
6 . 8 K 
6 . 8 K 
6 . 8 K 
6 . 8 K 
6 . 8 K 
6 . 8 K 
6 . 8 K 
6 . 8 K 
6 . 8 K 
6 . 8 M 
6 . 8 M 
6 . 8 M 
6 . 8 M 
6 . 8 M 
6 . 8 M 
6 . 8 M 
6 . 8 M 
6 . 8 M 
6 . 8 
6 . 8 
6 . 8 
6 . 8 
6 . 8 
6 . 8 
6 . 8 
6 . 8 
6 . 8 
6 . 9 K 
6 . 9 K 
6 . 9 K 
6 . 9 K 
6 . 9 K 
6 . 9 K 
6 . 9 K 
6 . 9 K 
6 . 9 K 
6 . 9 M 
6 . 9 M 
6 . 9 M 
6 . 9 M 
6 . 9 M 
6 . 9 M 
6 . 9 M 
6 . 9 M 
6 . 9 M 
6 . 9 
6 . 9 
6 . 9 
6 . 9 
6 . 9 
6 . 9 
6 . 9 
6 . 9 
6 . 9 
6 0 0 K 
6 0 0 K 
6 0 0 K 
6 0 0 K 
6 0 0 K 
6 0 0 K 
6 0 0 K 
6 0 0 K 
6 0 0 K 
6 0 0 
6 0 0 
6 0 0 
6 0 0 
6 0 0 
6 0 0 
6 0 0 
6 0 0 
6 0 0 
6 0 K 
6 0 K 
6 0 K 
6 0 K 
6 0 K 
6 0 K 
6 0 K 
6 0 K 
6 0 K 
6 0 M 
6 0 M 
6 0 M 
6 0 M 
6 0 M 
6 0 M 
6 0 M 
6 0 M 
6 0 M 
6 0 
6 0 
6 0 
6 0 
6 0 
6 0 
6 0 
6 0 
6 0 
6 1 0 K 
6 1 0 K 
6 1 0 K 
6 1 0 K 
6 1 0 K 
6 1 0 K 
6 1 0 K 
6 1 0 K 
6 1 0 K 
6 1 0 
6 1 0 
6 1 0 
6 1 0 
6 1 0 
6 1 0 
6 1 0 
6 1 0 
6 1 0 
6 1 K 
6 1 K 
6 1 K 
6 1 K 
6 1 K 
6 1 K 
6 1 K 
6 1 K 
6 1 K 
6 1 M 
6 1 M 
6 1 M 
6 1 M 
6 1 M 
6 1 M 
6 1 M 
6 1 M 
6 1 M 
6 1 
6 1 
6 1 
6 1 
6 1 
6 1 
6 1 
6 1 
6 1 
6 2 0 K 
6 2 0 K 
6 2 0 K 
6 2 0 K 
6 2 0 K 
6 2 0 K 
6 2 0 K 
6 2 0 K 
6 2 0 K 
6 2 0 
6 2 0 
6 2 0 
6 2 0 
6 2 0 
6 2 0 
6 2 0 
6 2 0 
6 2 0 
6 2 K 
6 2 K 
6 2 K 
6 2 K 
6 2 K 
6 2 K 
6 2 K 
6 2 K 
6 2 K 
6 2 M 
6 2 M 
6 2 M 
6 2 M 
6 2 M 
6 2 M 
6 2 M 
6 2 M 
6 2 M 
6 2 
6 2 
6 2 
6 2 
6 2 
6 2 
6 2 
6 2 
6 2 
6 3 0 K 
6 3 0 K 
6 3 0 K 
6 3 0 K 
6 3 0 K 
6 3 0 K 
6 3 0 K 
6 3 0 K 
6 3 0 K 
6 3 0 
6 3 0 
6 3 0 
6 3 0 
6 3 0 
6 3 0 
6 3 0 
6 3 0 
6 3 0 
6 3 K 
6 3 K 
6 3 K 
6 3 K 
6 3 K 
6 3 K 
6 3 K 
6 3 K 
6 3 K 
6 3 M 
6 3 M 
6 3 M 
6 3 M 
6 3 M 
6 3 M 
6 3 M 
6 3 M 
6 3 M 
6 3 
6 3 
6 3 
6 3 
6 3 
6 3 
6 3 
6 3 
6 3 
6 4 0 K 
6 4 0 K 
6 4 0 K 
6 4 0 K 
6 4 0 K 
6 4 0 K 
6 4 0 K 
6 4 0 K 
6 4 0 K 
6 4 0 
6 4 0 
6 4 0 
6 4 0 
6 4 0 
6 4 0 
6 4 0 
6 4 0 
6 4 0 
6 4 K 
6 4 K 
6 4 K 
6 4 K 
6 4 K 
6 4 K 
6 4 K 
6 4 K 
6 4 K 
6 4 M 
6 4 M 
6 4 M 
6 4 M 
6 4 M 
6 4 M 
6 4 M 
6 4 M 
6 4 M 
6 4 
6 4 
6 4 
6 4 
6 4 
6 4 
6 4 
6 4 
6 4 
6 5 0 K 
6 5 0 K 
6 5 0 K 
6 5 0 K 
6 5 0 K 
6 5 0 K 
6 5 0 K 
6 5 0 K 
6 5 0 K 
6 5 0 
6 5 0 
6 5 0 
6 5 0 
6 5 0 
6 5 0 
6 5 0 
6 5 0 
6 5 0 
6 5 K 
6 5 K 
6 5 K 
6 5 K 
6 5 K 
6 5 K 
6 5 K 
6 5 K 
6 5 K 
6 5 M 
6 5 M 
6 5 M 
6 5 M 
6 5 M 
6 5 M 
6 5 M 
6 5 M 
6 5 M 
6 5 
6 5 
6 5 
6 5 
6 5 
6 5 
6 5 
6 5 
6 5 
6 6 0 K 
6 6 0 K 
6 6 0 K 
6 6 0 K 
6 6 0 K 
6 6 0 K 
6 6 0 K 
6 6 0 K 
6 6 0 K 
6 6 0 
6 6 0 
6 6 0 
6 6 0 
6 6 0 
6 6 0 
6 6 0 
6 6 0 
6 6 0 
6 6 K 
6 6 K 
6 6 K 
6 6 K 
6 6 K 
6 6 K 
6 6 K 
6 6 K 
6 6 K 
6 6 M 
6 6 M 
6 6 M 
6 6 M 
6 6 M 
6 6 M 
6 6 M 
6 6 M 
6 6 M 
6 6 
6 6 
6 6 
6 6 
6 6 
6 6 
6 6 
6 6 
6 6 
6 7 0 K 
6 7 0 K 
6 7 0 K 
6 7 0 K 
6 7 0 K 
6 7 0 K 
6 7 0 K 
6 7 0 K 
6 7 0 K 
6 7 0 
6 7 0 
6 7 0 
6 7 0 
6 7 0 
6 7 0 
6 7 0 
6 7 0 
6 7 0 
6 7 K 
6 7 K 
6 7 K 
6 7 K 
6 7 K 
6 7 K 
6 7 K 
6 7 K 
6 7 K 
6 7 M 
6 7 M 
6 7 M 
6 7 M 
6 7 M 
6 7 M 
6 7 M 
6 7 M 
6 7 M 
6 7 
6 7 
6 7 
6 7 
6 7 
6 7 
6 7 
6 7 
6 7 
6 8 0 K 
6 8 0 K 
6 8 0 K 
6 8 0 K 
6 8 0 K 
6 8 0 K 
6 8 0 K 
6 8 0 K 
6 8 0 K 
6 8 0 
6 8 0 
6 8 0 
6 8 0 
6 8 0 
6 8 0 
6 8 0 
6 8 0 
6 8 0 
6 8 K 
6 8 K 
6 8 K 
6 8 K 
6 8 K 
6 8 K 
6 8 K 
6 8 K 
6 8 K 
6 8 M 
6 8 M 
6 8 M 
6 8 M 
6 8 M 
6 8 M 
6 8 M 
6 8 M 
6 8 M 
6 8 
6 8 
6 8 
6 8 
6 8 
6 8 
6 8 
6 8 
6 8 
6 9 0 K 
6 9 0 K 
6 9 0 K 
6 9 0 K 
6 9 0 K 
6 9 0 K 
6 9 0 K 
6 9 0 K 
6 9 0 K 
6 9 0 
6 9 0 
6 9 0 
6 9 0 
6 9 0 
6 9 0 
6 9 0 
6 9 0 
6 9 0 
6 9 K 
6 9 K 
6 9 K 
6 9 K 
6 9 K 
6 9 K 
6 9 K 
6 9 K 
6 9 K 
6 9 M 
6 9 M 
6 9 M 
6 9 M 
6 9 M 
6 9 M 
6 9 M 
6 9 M 
6 9 M 
6 9 
6 9 
6 9 
6 9 
6 9 
6 9 
6 9 
6 9 
6 9 
6 K 
6 K 
6 K 
6 K 
6 K 
6 K 
6 K 
6 K 
6 K 
6 M 
6 M 
6 M 
6 M 
6 M 
6 M 
6 M 
6 M 
6 M 
6 
6 
6 
6 
6 
6 
6 
6 
6 
7 . 1 K 
7 . 1 K 
7 . 1 K 
7 . 1 K 
7 . 1 K 
7 . 1 K 
7 . 1 K 
7 . 1 K 
7 . 1 K 
7 . 1 M 
7 . 1 M 
7 . 1 M 
7 . 1 M 
7 . 1 M 
7 . 1 M 
7 . 1 M 
7 . 1 M 
7 . 1 M 
7 . 1 
7 . 1 
7 . 1 
7 . 1 
7 . 1 
7 . 1 
7 . 1 
7 . 1 
7 . 1 
7 . 2 K 
7 . 2 K 
7 . 2 K 
7 . 2 K 
7 . 2 K 
7 . 2 K 
7 . 2 K 
7 . 2 K 
7 . 2 K 
7 . 2 M 
7 . 2 M 
7 . 2 M 
7 . 2 M 
7 . 2 M 
7 . 2 M 
7 . 2 M 
7 . 2 M 
7 . 2 M 
7 . 2 
7 . 2 
7 . 2 
7 . 2 
7 . 2 
7 . 2 
7 . 2 
7 . 2 
7 . 2 
7 . 3 K 
7 . 3 K 
7 . 3 K 
7 . 3 K 
7 . 3 K 
7 . 3 K 
7 . 3 K 
7 . 3 K 
7 . 3 K 
7 . 3 M 
7 . 3 M 
7 . 3 M 
7 . 3 M 
7 . 3 M 
7 . 3 M 
7 . 3 M 
7 . 3 M 
7 . 3 M 
7 . 3 
7 . 3 
7 . 3 
7 . 3 
7 . 3 
7 . 3 
7 . 3 
7 . 3 
7 . 3 
7 . 4 K 
7 . 4 K 
7 . 4 K 
7 . 4 K 
7 . 4 K 
7 . 4 K 
7 . 4 K 
7 . 4 K 
7 . 4 K 
7 . 4 M 
7 . 4 M 
7 . 4 M 
7 . 4 M 
7 . 4 M 
7 . 4 M 
7 . 4 M 
7 . 4 M 
7 . 4 M 
7 . 4 
7 . 4 
7 . 4 
7 . 4 
7 . 4 
7 . 4 
7 . 4 
7 . 4 
7 . 4 
7 . 5 K 
7 . 5 K 
7 . 5 K 
7 . 5 K 
7 . 5 K 
7 . 5 K 
7 . 5 K 
7 . 5 K 
7 . 5 K 
7 . 5 M 
7 . 5 M 
7 . 5 M 
7 . 5 M 
7 . 5 M 
7 . 5 M 
7 . 5 M 
7 . 5 M 
7 . 5 M 
7 . 5 
7 . 5 
7 . 5 
7 . 5 
7 . 5 
7 . 5 
7 . 5 
7 . 5 
7 . 5 
7 . 6 K 
7 . 6 K 
7 . 6 K 
7 . 6 K 
7 . 6 K 
7 . 6 K 
7 . 6 K 
7 . 6 K 
7 . 6 K 
7 . 6 M 
7 . 6 M 
7 . 6 M 
7 . 6 M 
7 . 6 M 
7 . 6 M 
7 . 6 M 
7 . 6 M 
7 . 6 M 
7 . 6 
7 . 6 
7 . 6 
7 . 6 
7 . 6 
7 . 6 
7 . 6 
7 . 6 
7 . 6 
7 . 7 K 
7 . 7 K 
7 . 7 K 
7 . 7 K 
7 . 7 K 
7 . 7 K 
7 . 7 K 
7 . 7 K 
7 . 7 K 
7 . 7 M 
7 . 7 M 
7 . 7 M 
7 . 7 M 
7 . 7 M 
7 . 7 M 
7 . 7 M 
7 . 7 M 
7 . 7 M 
7 . 7 
7 . 7 
7 . 7 
7 . 7 
7 . 7 
7 . 7 
7 . 7 
7 . 7 
7 . 7 
7 . 8 K 
7 . 8 K 
7 . 8 K 
7 . 8 K 
7 . 8 K 
7 . 8 K 
7 . 8 K 
7 . 8 K 
7 . 8 K 
7 . 8 M 
7 . 8 M 
7 . 8 M 
7 . 8 M 
7 . 8 M 
7 . 8 M 
7 . 8 M 
7 . 8 M 
7 . 8 M 
7 . 8 
7 . 8 
7 . 8 
7 . 8 
7 . 8 
7 . 8 
7 . 8 
7 . 8 
7 . 8 
7 . 9 K 
7 . 9 K 
7 . 9 K 
7 . 9 K 
7 . 9 K 
7 . 9 K 
7 . 9 K 
7 . 9 K 
7 . 9 K 
7 . 9 M 
7 . 9 M 
7 . 9 M 
7 . 9 M 
7 . 9 M 
7 . 9 M 
7 . 9 M 
7 . 9 M 
7 . 9 M 
7 . 9 
7 . 9 
7 . 9 
7 . 9 
7 . 9 
7 . 9 
7 . 9 
7 . 9 
7 . 9 
7 0 0 K 
7 0 0 K 
7 0 0 K 
7 0 0 K 
7 0 0 K 
7 0 0 K 
7 0 0 K 
7 0 0 K 
7 0 0 K 
7 0 0 
7 0 0 
7 0 0 
7 0 0 
7 0 0 
7 0 0 
7 0 0 
7 0 0 
7 0 0 
7 0 K 
7 0 K 
7 0 K 
7 0 K 
7 0 K 
7 0 K 
7 0 K 
7 0 K 
7 0 K 
7 0 M 
7 0 M 
7 0 M 
7 0 M 
7 0 M 
7 0 M 
7 0 M 
7 0 M 
7 0 M 
7 0 
7 0 
7 0 
7 0 
7 0 
7 0 
7 0 
7 0 
7 0 
7 1 0 K 
7 1 0 K 
7 1 0 K 
7 1 0 K 
7 1 0 K 
7 1 0 K 
7 1 0 K 
7 1 0 K 
7 1 0 K 
7 1 0 
7 1 0 
7 1 0 
7 1 0 
7 1 0 
7 1 0 
7 1 0 
7 1 0 
7 1 0 
7 1 K 
7 1 K 
7 1 K 
7 1 K 
7 1 K 
7 1 K 
7 1 K 
7 1 K 
7 1 K 
7 1 M 
7 1 M 
7 1 M 
7 1 M 
7 1 M 
7 1 M 
7 1 M 
7 1 M 
7 1 M 
7 1 
7 1 
7 1 
7 1 
7 1 
7 1 
7 1 
7 1 
7 1 
7 2 0 K 
7 2 0 K 
7 2 0 K 
7 2 0 K 
7 2 0 K 
7 2 0 K 
7 2 0 K 
7 2 0 K 
7 2 0 K 
7 2 0 
7 2 0 
7 2 0 
7 2 0 
7 2 0 
7 2 0 
7 2 0 
7 2 0 
7 2 0 
7 2 K 
7 2 K 
7 2 K 
7 2 K 
7 2 K 
7 2 K 
7 2 K 
7 2 K 
7 2 K 
7 2 M 
7 2 M 
7 2 M 
7 2 M 
7 2 M 
7 2 M 
7 2 M 
7 2 M 
7 2 M 
7 2 
7 2 
7 2 
7 2 
7 2 
7 2 
7 2 
7 2 
7 2 
7 3 0 K 
7 3 0 K 
7 3 0 K 
7 3 0 K 
7 3 0 K 
7 3 0 K 
7 3 0 K 
7 3 0 K 
7 3 0 K 
7 3 0 
7 3 0 
7 3 0 
7 3 0 
7 3 0 
7 3 0 
7 3 0 
7 3 0 
7 3 0 
7 3 K 
7 3 K 
7 3 K 
7 3 K 
7 3 K 
7 3 K 
7 3 K 
7 3 K 
7 3 K 
7 3 M 
7 3 M 
7 3 M 
7 3 M 
7 3 M 
7 3 M 
7 3 M 
7 3 M 
7 3 M 
7 3 
7 3 
7 3 
7 3 
7 3 
7 3 
7 3 
7 3 
7 3 
7 4 0 K 
7 4 0 K 
7 4 0 K 
7 4 0 K 
7 4 0 K 
7 4 0 K 
7 4 0 K 
7 4 0 K 
7 4 0 K 
7 4 0 
7 4 0 
7 4 0 
7 4 0 
7 4 0 
7 4 0 
7 4 0 
7 4 0 
7 4 0 
7 4 K 
7 4 K 
7 4 K 
7 4 K 
7 4 K 
7 4 K 
7 4 K 
7 4 K 
7 4 K 
7 4 M 
7 4 M 
7 4 M 
7 4 M 
7 4 M 
7 4 M 
7 4 M 
7 4 M 
7 4 M 
7 4 
7 4 
7 4 
7 4 
7 4 
7 4 
7 4 
7 4 
7 4 
7 5 0 K 
7 5 0 K 
7 5 0 K 
7 5 0 K 
7 5 0 K 
7 5 0 K 
7 5 0 K 
7 5 0 K 
7 5 0 K 
7 5 0 
7 5 0 
7 5 0 
7 5 0 
7 5 0 
7 5 0 
7 5 0 
7 5 0 
7 5 0 
7 5 K 
7 5 K 
7 5 K 
7 5 K 
7 5 K 
7 5 K 
7 5 K 
7 5 K 
7 5 K 
7 5 M 
7 5 M 
7 5 M 
7 5 M 
7 5 M 
7 5 M 
7 5 M 
7 5 M 
7 5 M 
7 5 
7 5 
7 5 
7 5 
7 5 
7 5 
7 5 
7 5 
7 5 
7 6 0 K 
7 6 0 K 
7 6 0 K 
7 6 0 K 
7 6 0 K 
7 6 0 K 
7 6 0 K 
7 6 0 K 
7 6 0 K 
7 6 0 
7 6 0 
7 6 0 
7 6 0 
7 6 0 
7 6 0 
7 6 0 
7 6 0 
7 6 0 
7 6 K 
7 6 K 
7 6 K 
7 6 K 
7 6 K 
7 6 K 
7 6 K 
7 6 K 
7 6 K 
7 6 M 
7 6 M 
7 6 M 
7 6 M 
7 6 M 
7 6 M 
7 6 M 
7 6 M 
7 6 M 
7 6 
7 6 
7 6 
7 6 
7 6 
7 6 
7 6 
7 6 
7 6 
7 7 0 K 
7 7 0 K 
7 7 0 K 
7 7 0 K 
7 7 0 K 
7 7 0 K 
7 7 0 K 
7 7 0 K 
7 7 0 K 
7 7 0 
7 7 0 
7 7 0 
7 7 0 
7 7 0 
7 7 0 
7 7 0 
7 7 0 
7 7 0 
7 7 K 
7 7 K 
7 7 K 
7 7 K 
7 7 K 
7 7 K 
7 7 K 
7 7 K 
7 7 K 
7 7 M 
7 7 M 
7 7 M 
7 7 M 
7 7 M 
7 7 M 
7 7 M 
7 7 M 
7 7 M 
7 7 
7 7 
7 7 
7 7 
7 7 
7 7 
7 7 
7 7 
7 7 
7 8 0 K 
7 8 0 K 
7 8 0 K 
7 8 0 K 
7 8 0 K 
7 8 0 K 
7 8 0 K 
7 8 0 K 
7 8 0 K 
7 8 0 
7 8 0 
7 8 0 
7 8 0 
7 8 0 
7 8 0 
7 8 0 
7 8 0 
7 8 0 
7 8 K 
7 8 K 
7 8 K 
7 8 K 
7 8 K 
7 8 K 
7 8 K 
7 8 K 
7 8 K 
7 8 M 
7 8 M 
7 8 M 
7 8 M 
7 8 M 
7 8 M 
7 8 M 
7 8 M 
7 8 M 
7 8 
7 8 
7 8 
7 8 
7 8 
7 8 
7 8 
7 8 
7 8 
7 9 0 K 
7 9 0 K 
7 9 0 K 
7 9 0 K 
7 9 0 K 
7 9 0 K 
7 9 0 K 
7 9 0 K 
7 9 0 K 
7 9 0 
7 9 0 
7 9 0 
7 9 0 
7 9 0 
7 9 0 
7 9 0 
7 9 0 
7 9 0 
7 9 K 
7 9 K 
7 9 K 
7 9 K 
7 9 K 
7 9 K 
7 9 K 
7 9 K 
7 9 K 
7 9 M 
7 9 M 
7 9 M 
7 9 M 
7 9 M 
7 9 M 
7 9 M 
7 9 M 
7 9 M 
7 9 
7 9 
7 9 
7 9 
7 9 
7 9 
7 9 
7 9 
7 9 
7 K 
7 K 
7 K 
7 K 
7 K 
7 K 
7 K 
7 K 
7 K 
7 M 
7 M 
7 M 
7 M 
7 M 
7 M 
7 M 
7 M 
7 M 
7 
7 
7 
7 
7 
7 
7 
7 
7 
8 . 1 K 
8 . 1 K 
8 . 1 K 
8 . 1 K 
8 . 1 K 
8 . 1 K 
8 . 1 K 
8 . 1 K 
8 . 1 K 
8 . 1 M 
8 . 1 M 
8 . 1 M 
8 . 1 M 
8 . 1 M 
8 . 1 M 
8 . 1 M 
8 . 1 M 
8 . 1 M 
8 . 1 
8 . 1 
8 . 1 
8 . 1 
8 . 1 
8 . 1 
8 . 1 
8 . 1 
8 . 1 
8 . 2 K 
8 . 2 K 
8 . 2 K 
8 . 2 K 
8 . 2 K 
8 . 2 K 
8 . 2 K 
8 . 2 K 
8 . 2 K 
8 . 2 M 
8 . 2 M 
8 . 2 M 
8 . 2 M 
8 . 2 M 
8 . 2 M 
8 . 2 M 
8 . 2 M 
8 . 2 M 
8 . 2 
8 . 2 
8 . 2 
8 . 2 
8 . 2 
8 . 2 
8 . 2 
8 . 2 
8 . 2 
8 . 3 K 
8 . 3 K 
8 . 3 K 
8 . 3 K 
8 . 3 K 
8 . 3 K 
8 . 3 K 
8 . 3 K 
8 . 3 K 
8 . 3 M 
8 . 3 M 
8 . 3 M 
8 . 3 M 
8 . 3 M 
8 . 3 M 
8 . 3 M 
8 . 3 M 
8 . 3 M 
8 . 3 
8 . 3 
8 . 3 
8 . 3 
8 . 3 
8 . 3 
8 . 3 
8 . 3 
8 . 3 
8 . 4 K 
8 . 4 K 
8 . 4 K 
8 . 4 K 
8 . 4 K 
8 . 4 K 
8 . 4 K 
8 . 4 K 
8 . 4 K 
8 . 4 M 
8 . 4 M 
8 . 4 M 
8 . 4 M 
8 . 4 M 
8 . 4 M 
8 . 4 M 
8 . 4 M 
8 . 4 M 
8 . 4 
8 . 4 
8 . 4 
8 . 4 
8 . 4 
8 . 4 
8 . 4 
8 . 4 
8 . 4 
8 . 5 K 
8 . 5 K 
8 . 5 K 
8 . 5 K 
8 . 5 K 
8 . 5 K 
8 . 5 K 
8 . 5 K 
8 . 5 K 
8 . 5 M 
8 . 5 M 
8 . 5 M 
8 . 5 M 
8 . 5 M 
8 . 5 M 
8 . 5 M 
8 . 5 M 
8 . 5 M 
8 . 5 
8 . 5 
8 . 5 
8 . 5 
8 . 5 
8 . 5 
8 . 5 
8 . 5 
8 . 5 
8 . 6 K 
8 . 6 K 
8 . 6 K 
8 . 6 K 
8 . 6 K 
8 . 6 K 
8 . 6 K 
8 . 6 K 
8 . 6 K 
8 . 6 M 
8 . 6 M 
8 . 6 M 
8 . 6 M 
8 . 6 M 
8 . 6 M 
8 . 6 M 
8 . 6 M 
8 . 6 M 
8 . 6 
8 . 6 
8 . 6 
8 . 6 
8 . 6 
8 . 6 
8 . 6 
8 . 6 
8 . 6 
8 . 7 K 
8 . 7 K 
8 . 7 K 
8 . 7 K 
8 . 7 K 
8 . 7 K 
8 . 7 K 
8 . 7 K 
8 . 7 K 
8 . 7 M 
8 . 7 M 
8 . 7 M 
8 . 7 M 
8 . 7 M 
8 . 7 M 
8 . 7 M 
8 . 7 M 
8 . 7 M 
8 . 7 
8 . 7 
8 . 7 
8 . 7 
8 . 7 
8 . 7 
8 . 7 
8 . 7 
8 . 7 
8 . 8 K 
8 . 8 K 
8 . 8 K 
8 . 8 K 
8 . 8 K 
8 . 8 K 
8 . 8 K 
8 . 8 K 
8 . 8 K 
8 . 8 M 
8 . 8 M 
8 . 8 M 
8 . 8 M 
8 . 8 M 
8 . 8 M 
8 . 8 M 
8 . 8 M 
8 . 8 M 
8 . 8 
8 . 8 
8 . 8 
8 . 8 
8 . 8 
8 . 8 
8 . 8 
8 . 8 
8 . 8 
8 . 9 K 
8 . 9 K 
8 . 9 K 
8 . 9 K 
8 . 9 K 
8 . 9 K 
8 . 9 K 
8 . 9 K 
8 . 9 K 
8 . 9 M 
8 . 9 M 
8 . 9 M 
8 . 9 M 
8 . 9 M 
8 . 9 M 
8 . 9 M 
8 . 9 M 
8 . 9 M 
8 . 9 
8 . 9 
8 . 9 
8 . 9 
8 . 9 
8 . 9 
8 . 9 
8 . 9 
8 . 9 
8 0 0 K 
8 0 0 K 
8 0 0 K 
8 0 0 K 
8 0 0 K 
8 0 0 K 
8 0 0 K 
8 0 0 K 
8 0 0 K 
8 0 0 
8 0 0 
8 0 0 
8 0 0 
8 0 0 
8 0 0 
8 0 0 
8 0 0 
8 0 0 
8 0 K 
8 0 K 
8 0 K 
8 0 K 
8 0 K 
8 0 K 
8 0 K 
8 0 K 
8 0 K 
8 0 M 
8 0 M 
8 0 M 
8 0 M 
8 0 M 
8 0 M 
8 0 M 
8 0 M 
8 0 M 
8 0 
8 0 
8 0 
8 0 
8 0 
8 0 
8 0 
8 0 
8 0 
8 1 0 K 
8 1 0 K 
8 1 0 K 
8 1 0 K 
8 1 0 K 
8 1 0 K 
8 1 0 K 
8 1 0 K 
8 1 0 K 
8 1 0 
8 1 0 
8 1 0 
8 1 0 
8 1 0 
8 1 0 
8 1 0 
8 1 0 
8 1 0 
8 1 K 
8 1 K 
8 1 K 
8 1 K 
8 1 K 
8 1 K 
8 1 K 
8 1 K 
8 1 K 
8 1 M 
8 1 M 
8 1 M 
8 1 M 
8 1 M 
8 1 M 
8 1 M 
8 1 M 
8 1 M 
8 1 
8 1 
8 1 
8 1 
8 1 
8 1 
8 1 
8 1 
8 1 
8 2 0 K 
8 2 0 K 
8 2 0 K 
8 2 0 K 
8 2 0 K 
8 2 0 K 
8 2 0 K 
8 2 0 K 
8 2 0 K 
8 2 0 
8 2 0 
8 2 0 
8 2 0 
8 2 0 
8 2 0 
8 2 0 
8 2 0 
8 2 0 
8 2 K 
8 2 K 
8 2 K 
8 2 K 
8 2 K 
8 2 K 
8 2 K 
8 2 K 
8 2 K 
8 2 M 
8 2 M 
8 2 M 
8 2 M 
8 2 M 
8 2 M 
8 2 M 
8 2 M 
8 2 M 
8 2 
8 2 
8 2 
8 2 
8 2 
8 2 
8 2 
8 2 
8 2 
8 3 0 K 
8 3 0 K 
8 3 0 K 
8 3 0 K 
8 3 0 K 
8 3 0 K 
8 3 0 K 
8 3 0 K 
8 3 0 K 
8 3 0 
8 3 0 
8 3 0 
8 3 0 
8 3 0 
8 3 0 
8 3 0 
8 3 0 
8 3 0 
8 3 K 
8 3 K 
8 3 K 
8 3 K 
8 3 K 
8 3 K 
8 3 K 
8 3 K 
8 3 K 
8 3 M 
8 3 M 
8 3 M 
8 3 M 
8 3 M 
8 3 M 
8 3 M 
8 3 M 
8 3 M 
8 3 
8 3 
8 3 
8 3 
8 3 
8 3 
8 3 
8 3 
8 3 
8 4 0 K 
8 4 0 K 
8 4 0 K 
8 4 0 K 
8 4 0 K 
8 4 0 K 
8 4 0 K 
8 4 0 K 
8 4 0 K 
8 4 0 
8 4 0 
8 4 0 
8 4 0 
8 4 0 
8 4 0 
8 4 0 
8 4 0 
8 4 0 
8 4 K 
8 4 K 
8 4 K 
8 4 K 
8 4 K 
8 4 K 
8 4 K 
8 4 K 
8 4 K 
8 4 M 
8 4 M 
8 4 M 
8 4 M 
8 4 M 
8 4 M 
8 4 M 
8 4 M 
8 4 M 
8 4 
8 4 
8 4 
8 4 
8 4 
8 4 
8 4 
8 4 
8 4 
8 5 0 K 
8 5 0 K 
8 5 0 K 
8 5 0 K 
8 5 0 K 
8 5 0 K 
8 5 0 K 
8 5 0 K 
8 5 0 K 
8 5 0 
8 5 0 
8 5 0 
8 5 0 
8 5 0 
8 5 0 
8 5 0 
8 5 0 
8 5 0 
8 5 K 
8 5 K 
8 5 K 
8 5 K 
8 5 K 
8 5 K 
8 5 K 
8 5 K 
8 5 K 
8 5 M 
8 5 M 
8 5 M 
8 5 M 
8 5 M 
8 5 M 
8 5 M 
8 5 M 
8 5 M 
8 5 
8 5 
8 5 
8 5 
8 5 
8 5 
8 5 
8 5 
8 5 
8 6 0 K 
8 6 0 K 
8 6 0 K 
8 6 0 K 
8 6 0 K 
8 6 0 K 
8 6 0 K 
8 6 0 K 
8 6 0 K 
8 6 0 
8 6 0 
8 6 0 
8 6 0 
8 6 0 
8 6 0 
8 6 0 
8 6 0 
8 6 0 
8 6 K 
8 6 K 
8 6 K 
8 6 K 
8 6 K 
8 6 K 
8 6 K 
8 6 K 
8 6 K 
8 6 M 
8 6 M 
8 6 M 
8 6 M 
8 6 M 
8 6 M 
8 6 M 
8 6 M 
8 6 M 
8 6 
8 6 
8 6 
8 6 
8 6 
8 6 
8 6 
8 6 
8 6 
8 7 0 K 
8 7 0 K 
8 7 0 K 
8 7 0 K 
8 7 0 K 
8 7 0 K 
8 7 0 K 
8 7 0 K 
8 7 0 K 
8 7 0 
8 7 0 
8 7 0 
8 7 0 
8 7 0 
8 7 0 
8 7 0 
8 7 0 
8 7 0 
8 7 K 
8 7 K 
8 7 K 
8 7 K 
8 7 K 
8 7 K 
8 7 K 
8 7 K 
8 7 K 
8 7 M 
8 7 M 
8 7 M 
8 7 M 
8 7 M 
8 7 M 
8 7 M 
8 7 M 
8 7 M 
8 7 
8 7 
8 7 
8 7 
8 7 
8 7 
8 7 
8 7 
8 7 
8 8 0 K 
8 8 0 K 
8 8 0 K 
8 8 0 K 
8 8 0 K 
8 8 0 K 
8 8 0 K 
8 8 0 K 
8 8 0 K 
8 8 0 
8 8 0 
8 8 0 
8 8 0 
8 8 0 
8 8 0 
8 8 0 
8 8 0 
8 8 0 
8 8 K 
8 8 K 
8 8 K 
8 8 K 
8 8 K 
8 8 K 
8 8 K 
8 8 K 
8 8 K 
8 8 M 
8 8 M 
8 8 M 
8 8 M 
8 8 M 
8 8 M 
8 8 M 
8 8 M 
8 8 M 
8 8 
8 8 
8 8 
8 8 
8 8 
8 8 
8 8 
8 8 
8 8 
8 9 0 K 
8 9 0 K 
8 9 0 K 
8 9 0 K 
8 9 0 K 
8 9 0 K 
8 9 0 K 
8 9 0 K 
8 9 0 K 
8 9 0 
8 9 0 
8 9 0 
8 9 0 
8 9 0 
8 9 0 
8 9 0 
8 9 0 
8 9 0 
8 9 K 
8 9 K 
8 9 K 
8 9 K 
8 9 K 
8 9 K 
8 9 K 
8 9 K 
8 9 K 
8 9 M 
8 9 M 
8 9 M 
8 9 M 
8 9 M 
8 9 M 
8 9 M 
8 9 M 
8 9 M 
8 9 
8 9 
8 9 
8 9 
8 9 
8 9 
8 9 
8 9 
8 9 
8 K 
8 K 
8 K 
8 K 
8 K 
8 K 
8 K 
8 K 
8 K 
8 M 
8 M 
8 M 
8 M 
8 M 
8 M 
8 M 
8 M 
8 M 
8 
8 
8 
8 
8 
8 
8 
8 
8 
9 . 1 K 
9 . 1 K 
9 . 1 K 
9 . 1 K 
9 . 1 K 
9 . 1 K 
9 . 1 K 
9 . 1 K 
9 . 1 K 
9 . 1 M 
9 . 1 M 
9 . 1 M 
9 . 1 M 
9 . 1 M 
9 . 1 M 
9 . 1 M 
9 . 1 M 
9 . 1 M 
9 . 1 
9 . 1 
9 . 1 
9 . 1 
9 . 1 
9 . 1 
9 . 1 
9 . 1 
9 . 1 
9 . 2 K 
9 . 2 K 
9 . 2 K 
9 . 2 K 
9 . 2 K 
9 . 2 K 
9 . 2 K 
9 . 2 K 
9 . 2 K 
9 . 2 M 
9 . 2 M 
9 . 2 M 
9 . 2 M 
9 . 2 M 
9 . 2 M 
9 . 2 M 
9 . 2 M 
9 . 2 M 
9 . 2 
9 . 2 
9 . 2 
9 . 2 
9 . 2 
9 . 2 
9 . 2 
9 . 2 
9 . 2 
9 . 3 K 
9 . 3 K 
9 . 3 K 
9 . 3 K 
9 . 3 K 
9 . 3 K 
9 . 3 K 
9 . 3 K 
9 . 3 K 
9 . 3 M 
9 . 3 M 
9 . 3 M 
9 . 3 M 
9 . 3 M 
9 . 3 M 
9 . 3 M 
9 . 3 M 
9 . 3 M 
9 . 3 
9 . 3 
9 . 3 
9 . 3 
9 . 3 
9 . 3 
9 . 3 
9 . 3 
9 . 3 
9 . 4 K 
9 . 4 K 
9 . 4 K 
9 . 4 K 
9 . 4 K 
9 . 4 K 
9 . 4 K 
9 . 4 K 
9 . 4 K 
9 . 4 M 
9 . 4 M 
9 . 4 M 
9 . 4 M 
9 . 4 M 
9 . 4 M 
9 . 4 M 
9 . 4 M 
9 . 4 M 
9 . 4 
9 . 4 
9 . 4 
9 . 4 
9 . 4 
9 . 4 
9 . 4 
9 . 4 
9 . 4 
9 . 5 K 
9 . 5 K 
9 . 5 K 
9 . 5 K 
9 . 5 K 
9 . 5 K 
9 . 5 K 
9 . 5 K 
9 . 5 K 
9 . 5 M 
9 . 5 M 
9 . 5 M 
9 . 5 M 
9 . 5 M 
9 . 5 M 
9 . 5 M 
9 . 5 M 
9 . 5 M 
9 . 5 
9 . 5 
9 . 5 
9 . 5 
9 . 5 
9 . 5 
9 . 5 
9 . 5 
9 . 5 
9 . 6 K 
9 . 6 K 
9 . 6 K 
9 . 6 K 
9 . 6 K 
9 . 6 K 
9 . 6 K 
9 . 6 K 
9 . 6 K 
9 . 6 M 
9 . 6 M 
9 . 6 M 
9 . 6 M 
9 . 6 M 
9 . 6 M 
9 . 6 M 
9 . 6 M 
9 . 6 M 
9 . 6 
9 . 6 
9 . 6 
9 . 6 
9 . 6 
9 . 6 
9 . 6 
9 . 6 
9 . 6 
9 . 7 K 
9 . 7 K 
9 . 7 K 
9 . 7 K 
9 . 7 K 
9 . 7 K 
9 . 7 K 
9 . 7 K 
9 . 7 K 
9 . 7 M 
9 . 7 M 
9 . 7 M 
9 . 7 M 
9 . 7 M 
9 . 7 M 
9 . 7 M 
9 . 7 M 
9 . 7 M 
9 . 7 
9 . 7 
9 . 7 
9 . 7 
9 . 7 
9 . 7 
9 . 7 
9 . 7 
9 . 7 
9 . 8 K 
9 . 8 K 
9 . 8 K 
9 . 8 K 
9 . 8 K 
9 . 8 K 
9 . 8 K 
9 . 8 K 
9 . 8 K 
9 . 8 M 
9 . 8 M 
9 . 8 M 
9 . 8 M 
9 . 8 M 
9 . 8 M 
9 . 8 M 
9 . 8 M 
9 . 8 M 
9 . 8 
9 . 8 
9 . 8 
9 . 8 
9 . 8 
9 . 8 
9 . 8 
9 . 8 
9 . 8 
9 . 9 K 
9 . 9 K 
9 . 9 K 
9 . 9 K 
9 . 9 K 
9 . 9 K 
9 . 9 K 
9 . 9 K 
9 . 9 K 
9 . 9 M 
9 . 9 M 
9 . 9 M 
9 . 9 M 
9 . 9 M 
9 . 9 M 
9 . 9 M 
9 . 9 M 
9 . 9 M 
9 . 9 
9 . 9 
9 . 9 
9 . 9 
9 . 9 
9 . 9 
9 . 9 
9 . 9 
9 . 9 
9 0 0 K 
9 0 0 K 
9 0 0 K 
9 0 0 K 
9 0 0 K 
9 0 0 K 
9 0 0 K 
9 0 0 K 
9 0 0 K 
9 0 0 
9 0 0 
9 0 0 
9 0 0 
9 0 0 
9 0 0 
9 0 0 
9 0 0 
9 0 0 
9 0 K 
9 0 K 
9 0 K 
9 0 K 
9 0 K 
9 0 K 
9 0 K 
9 0 K 
9 0 K 
9 0 M 
9 0 M 
9 0 M 
9 0 M 
9 0 M 
9 0 M 
9 0 M 
9 0 M 
9 0 M 
9 0 
9 0 
9 0 
9 0 
9 0 
9 0 
9 0 
9 0 
9 0 
9 1 0 K 
9 1 0 K 
9 1 0 K 
9 1 0 K 
9 1 0 K 
9 1 0 K 
9 1 0 K 
9 1 0 K 
9 1 0 K 
9 1 0 
9 1 0 
9 1 0 
9 1 0 
9 1 0 
9 1 0 
9 1 0 
9 1 0 
9 1 0 
9 1 K 
9 1 K 
9 1 K 
9 1 K 
9 1 K 
9 1 K 
9 1 K 
9 1 K 
9 1 K 
9 1 M 
9 1 M 
9 1 M 
9 1 M 
9 1 M 
9 1 M 
9 1 M 
9 1 M 
9 1 M 
9 1 
9 1 
9 1 
9 1 
9 1 
9 1 
9 1 
9 1 
9 1 
9 2 0 K 
9 2 0 K 
9 2 0 K 
9 2 0 K 
9 2 0 K 
9 2 0 K 
9 2 0 K 
9 2 0 K 
9 2 0 K 
9 2 0 
9 2 0 
9 2 0 
9 2 0 
9 2 0 
9 2 0 
9 2 0 
9 2 0 
9 2 0 
9 2 K 
9 2 K 
9 2 K 
9 2 K 
9 2 K 
9 2 K 
9 2 K 
9 2 K 
9 2 K 
9 2 M 
9 2 M 
9 2 M 
9 2 M 
9 2 M 
9 2 M 
9 2 M 
9 2 M 
9 2 M 
9 2 
9 2 
9 2 
9 2 
9 2 
9 2 
9 2 
9 2 
9 2 
9 3 0 K 
9 3 0 K 
9 3 0 K 
9 3 0 K 
9 3 0 K 
9 3 0 K 
9 3 0 K 
9 3 0 K 
9 3 0 K 
9 3 0 
9 3 0 
9 3 0 
9 3 0 
9 3 0 
9 3 0 
9 3 0 
9 3 0 
9 3 0 
9 3 K 
9 3 K 
9 3 K 
9 3 K 
9 3 K 
9 3 K 
9 3 K 
9 3 K 
9 3 K 
9 3 M 
9 3 M 
9 3 M 
9 3 M 
9 3 M 
9 3 M 
9 3 M 
9 3 M 
9 3 M 
9 3 
9 3 
9 3 
9 3 
9 3 
9 3 
9 3 
9 3 
9 3 
9 4 0 K 
9 4 0 K 
9 4 0 K 
9 4 0 K 
9 4 0 K 
9 4 0 K 
9 4 0 K 
9 4 0 K 
9 4 0 K 
9 4 0 
9 4 0 
9 4 0 
9 4 0 
9 4 0 
9 4 0 
9 4 0 
9 4 0 
9 4 0 
9 4 K 
9 4 K 
9 4 K 
9 4 K 
9 4 K 
9 4 K 
9 4 K 
9 4 K 
9 4 K 
9 4 M 
9 4 M 
9 4 M 
9 4 M 
9 4 M 
9 4 M 
9 4 M 
9 4 M 
9 4 M 
9 4 
9 4 
9 4 
9 4 
9 4 
9 4 
9 4 
9 4 
9 4 
9 5 0 K 
9 5 0 K 
9 5 0 K 
9 5 0 K 
9 5 0 K 
9 5 0 K 
9 5 0 K 
9 5 0 K 
9 5 0 K 
9 5 0 
9 5 0 
9 5 0 
9 5 0 
9 5 0 
9 5 0 
9 5 0 
9 5 0 
9 5 0 
9 5 K 
9 5 K 
9 5 K 
9 5 K 
9 5 K 
9 5 K 
9 5 K 
9 5 K 
9 5 K 
9 5 M 
9 5 M 
9 5 M 
9 5 M 
9 5 M 
9 5 M 
9 5 M 
9 5 M 
9 5 M 
9 5 
9 5 
9 5 
9 5 
9 5 
9 5 
9 5 
9 5 
9 5 
9 6 0 K 
9 6 0 K 
9 6 0 K 
9 6 0 K 
9 6 0 K 
9 6 0 K 
9 6 0 K 
9 6 0 K 
9 6 0 K 
9 6 0 
9 6 0 
9 6 0 
9 6 0 
9 6 0 
9 6 0 
9 6 0 
9 6 0 
9 6 0 
9 6 K 
9 6 K 
9 6 K 
9 6 K 
9 6 K 
9 6 K 
9 6 K 
9 6 K 
9 6 K 
9 6 M 
9 6 M 
9 6 M 
9 6 M 
9 6 M 
9 6 M 
9 6 M 
9 6 M 
9 6 M 
9 6 
9 6 
9 6 
9 6 
9 6 
9 6 
9 6 
9 6 
9 6 
9 7 0 K 
9 7 0 K 
9 7 0 K 
9 7 0 K 
9 7 0 K 
9 7 0 K 
9 7 0 K 
9 7 0 K 
9 7 0 K 
9 7 0 
9 7 0 
9 7 0 
9 7 0 
9 7 0 
9 7 0 
9 7 0 
9 7 0 
9 7 0 
9 7 K 
9 7 K 
9 7 K 
9 7 K 
9 7 K 
9 7 K 
9 7 K 
9 7 K 
9 7 K 
9 7 M 
9 7 M 
9 7 M 
9 7 M 
9 7 M 
9 7 M 
9 7 M 
9 7 M 
9 7 M 
9 7 
9 7 
9 7 
9 7 
9 7 
9 7 
9 7 
9 7 
9 7 
9 8 0 K 
9 8 0 K 
9 8 0 K 
9 8 0 K 
9 8 0 K 
9 8 0 K 
9 8 0 K 
9 8 0 K 
9 8 0 K 
9 8 0 
9 8 0 
9 8 0 
9 8 0 
9 8 0 
9 8 0 
9 8 0 
9 8 0 
9 8 0 
9 8 K 
9 8 K 
9 8 K 
9 8 K 
9 8 K 
9 8 K 
9 8 K 
9 8 K 
9 8 K 
9 8 M 
9 8 M 
9 8 M 
9 8 M 
9 8 M 
9 8 M 
9 8 M 
9 8 M 
9 8 M 
9 8 
9 8 
9 8 
9 8 
9 8 
9 8 
9 8 
9 8 
9 8 
9 9 0 K 
9 9 0 K 
9 9 0 K 
9 9 0 K 
9 9 0 K 
9 9 0 K 
9 9 0 K 
9 9 0 K 
9 9 0 K 
9 9 0 
9 9 0 
9 9 0 
9 9 0 
9 9 0 
9 9 0 
9 9 0 
9 9 0 
9 9 0 
9 9 K 
9 9 K 
9 9 K 
9 9 K 
9 9 K 
9 9 K 
9 9 K 
9 9 K 
9 9 K 
9 9 M 
9 9 M 
9 9 M 
9 9 M 
9 9 M 
9 9 M 
9 9 M 
9 9 M 
9 9 M 
9 9 
9 9 
9 9 
9 9 
9 9 
9 9 
9 9 
9 9 
9 9 
9 K 
9 K 
9 K 
9 K 
9 K 
9 K 
9 K 
9 K 
9 K 
9 M 
9 M 
9 M 
9 M 
9 M 
9 M 
9 M 
9 M 
9 M 
9 
9 
9 
9 
9 
9 
9 
9 
9 
