0.11
0.11
0.11
0.11
0.11
0.11
0.11
0.11
0.11
0.12
0.12
0.12
0.12
0.12
0.12
0.12
0.12
0.12
0.13
0.13
0.13
0.13
0.13
0.13
0.13
0.13
0.13
0.14
0.14
0.14
0.14
0.14
0.14
0.14
0.14
0.14
0.15
0.15
0.15
0.15
0.15
0.15
0.15
0.15
0.15
0.16
0.16
0.16
0.16
0.16
0.16
0.16
0.16
0.16
0.17
0.17
0.17
0.17
0.17
0.17
0.17
0.17
0.17
0.18
0.18
0.18
0.18
0.18
0.18
0.18
0.18
0.18
0.19
0.19
0.19
0.19
0.19
0.19
0.19
0.19
0.19
0.1
0.1
0.1
0.1
0.1
0.1
0.1
0.1
0.1
0.21
0.21
0.21
0.21
0.21
0.21
0.21
0.21
0.21
0.22
0.22
0.22
0.22
0.22
0.22
0.22
0.22
0.22
0.23
0.23
0.23
0.23
0.23
0.23
0.23
0.23
0.23
0.24
0.24
0.24
0.24
0.24
0.24
0.24
0.24
0.24
0.25
0.25
0.25
0.25
0.25
0.25
0.25
0.25
0.25
0.26
0.26
0.26
0.26
0.26
0.26
0.26
0.26
0.26
0.27
0.27
0.27
0.27
0.27
0.27
0.27
0.27
0.27
0.28
0.28
0.28
0.28
0.28
0.28
0.28
0.28
0.28
0.29
0.29
0.29
0.29
0.29
0.29
0.29
0.29
0.29
0.2
0.2
0.2
0.2
0.2
0.2
0.2
0.2
0.2
0.31
0.31
0.31
0.31
0.31
0.31
0.31
0.31
0.31
0.32
0.32
0.32
0.32
0.32
0.32
0.32
0.32
0.32
0.33
0.33
0.33
0.33
0.33
0.33
0.33
0.33
0.33
0.34
0.34
0.34
0.34
0.34
0.34
0.34
0.34
0.34
0.35
0.35
0.35
0.35
0.35
0.35
0.35
0.35
0.35
0.36
0.36
0.36
0.36
0.36
0.36
0.36
0.36
0.36
0.37
0.37
0.37
0.37
0.37
0.37
0.37
0.37
0.37
0.38
0.38
0.38
0.38
0.38
0.38
0.38
0.38
0.38
0.39
0.39
0.39
0.39
0.39
0.39
0.39
0.39
0.39
0.3
0.3
0.3
0.3
0.3
0.3
0.3
0.3
0.3
0.41
0.41
0.41
0.41
0.41
0.41
0.41
0.41
0.41
0.42
0.42
0.42
0.42
0.42
0.42
0.42
0.42
0.42
0.43
0.43
0.43
0.43
0.43
0.43
0.43
0.43
0.43
0.44
0.44
0.44
0.44
0.44
0.44
0.44
0.44
0.44
0.45
0.45
0.45
0.45
0.45
0.45
0.45
0.45
0.45
0.46
0.46
0.46
0.46
0.46
0.46
0.46
0.46
0.46
0.47
0.47
0.47
0.47
0.47
0.47
0.47
0.47
0.47
0.48
0.48
0.48
0.48
0.48
0.48
0.48
0.48
0.48
0.49
0.49
0.49
0.49
0.49
0.49
0.49
0.49
0.49
0.4
0.4
0.4
0.4
0.4
0.4
0.4
0.4
0.4
0.51
0.51
0.51
0.51
0.51
0.51
0.51
0.51
0.51
0.52
0.52
0.52
0.52
0.52
0.52
0.52
0.52
0.52
0.53
0.53
0.53
0.53
0.53
0.53
0.53
0.53
0.53
0.54
0.54
0.54
0.54
0.54
0.54
0.54
0.54
0.54
0.55
0.55
0.55
0.55
0.55
0.55
0.55
0.55
0.55
0.56
0.56
0.56
0.56
0.56
0.56
0.56
0.56
0.56
0.57
0.57
0.57
0.57
0.57
0.57
0.57
0.57
0.57
0.58
0.58
0.58
0.58
0.58
0.58
0.58
0.58
0.58
0.59
0.59
0.59
0.59
0.59
0.59
0.59
0.59
0.59
0.5
0.5
0.5
0.5
0.5
0.5
0.5
0.5
0.5
0.61
0.61
0.61
0.61
0.61
0.61
0.61
0.61
0.61
0.62
0.62
0.62
0.62
0.62
0.62
0.62
0.62
0.62
0.63
0.63
0.63
0.63
0.63
0.63
0.63
0.63
0.63
0.64
0.64
0.64
0.64
0.64
0.64
0.64
0.64
0.64
0.65
0.65
0.65
0.65
0.65
0.65
0.65
0.65
0.65
0.66
0.66
0.66
0.66
0.66
0.66
0.66
0.66
0.66
0.67
0.67
0.67
0.67
0.67
0.67
0.67
0.67
0.67
0.68
0.68
0.68
0.68
0.68
0.68
0.68
0.68
0.68
0.69
0.69
0.69
0.69
0.69
0.69
0.69
0.69
0.69
0.6
0.6
0.6
0.6
0.6
0.6
0.6
0.6
0.6
0.71
0.71
0.71
0.71
0.71
0.71
0.71
0.71
0.71
0.72
0.72
0.72
0.72
0.72
0.72
0.72
0.72
0.72
0.73
0.73
0.73
0.73
0.73
0.73
0.73
0.73
0.73
0.74
0.74
0.74
0.74
0.74
0.74
0.74
0.74
0.74
0.75
0.75
0.75
0.75
0.75
0.75
0.75
0.75
0.75
0.76
0.76
0.76
0.76
0.76
0.76
0.76
0.76
0.76
0.77
0.77
0.77
0.77
0.77
0.77
0.77
0.77
0.77
0.78
0.78
0.78
0.78
0.78
0.78
0.78
0.78
0.78
0.79
0.79
0.79
0.79
0.79
0.79
0.79
0.79
0.79
0.7
0.7
0.7
0.7
0.7
0.7
0.7
0.7
0.7
0.81
0.81
0.81
0.81
0.81
0.81
0.81
0.81
0.81
0.82
0.82
0.82
0.82
0.82
0.82
0.82
0.82
0.82
0.83
0.83
0.83
0.83
0.83
0.83
0.83
0.83
0.83
0.84
0.84
0.84
0.84
0.84
0.84
0.84
0.84
0.84
0.85
0.85
0.85
0.85
0.85
0.85
0.85
0.85
0.85
0.86
0.86
0.86
0.86
0.86
0.86
0.86
0.86
0.86
0.87
0.87
0.87
0.87
0.87
0.87
0.87
0.87
0.87
0.88
0.88
0.88
0.88
0.88
0.88
0.88
0.88
0.88
0.89
0.89
0.89
0.89
0.89
0.89
0.89
0.89
0.89
0.8
0.8
0.8
0.8
0.8
0.8
0.8
0.8
0.8
0.91
0.91
0.91
0.91
0.91
0.91
0.91
0.91
0.91
0.92
0.92
0.92
0.92
0.92
0.92
0.92
0.92
0.92
0.93
0.93
0.93
0.93
0.93
0.93
0.93
0.93
0.93
0.94
0.94
0.94
0.94
0.94
0.94
0.94
0.94
0.94
0.95
0.95
0.95
0.95
0.95
0.95
0.95
0.95
0.95
0.96
0.96
0.96
0.96
0.96
0.96
0.96
0.96
0.96
0.97
0.97
0.97
0.97
0.97
0.97
0.97
0.97
0.97
0.98
0.98
0.98
0.98
0.98
0.98
0.98
0.98
0.98
0.99
0.99
0.99
0.99
0.99
0.99
0.99
0.99
0.99
0.9
0.9
0.9
0.9
0.9
0.9
0.9
0.9
0.9
1.1k
1.1k
1.1k
1.1k
1.1k
1.1k
1.1k
1.1k
1.1k
1.1M
1.1M
1.1M
1.1M
1.1M
1.1M
1.1M
1.1M
1.1M
1.1
1.1
1.1
1.1
1.1
1.1
1.1
1.1
1.1
1.2k
1.2k
1.2k
1.2k
1.2k
1.2k
1.2k
1.2k
1.2k
1.2M
1.2M
1.2M
1.2M
1.2M
1.2M
1.2M
1.2M
1.2M
1.2
1.2
1.2
1.2
1.2
1.2
1.2
1.2
1.2
1.3k
1.3k
1.3k
1.3k
1.3k
1.3k
1.3k
1.3k
1.3k
1.3M
1.3M
1.3M
1.3M
1.3M
1.3M
1.3M
1.3M
1.3M
1.3
1.3
1.3
1.3
1.3
1.3
1.3
1.3
1.3
1.4k
1.4k
1.4k
1.4k
1.4k
1.4k
1.4k
1.4k
1.4k
1.4M
1.4M
1.4M
1.4M
1.4M
1.4M
1.4M
1.4M
1.4M
1.4
1.4
1.4
1.4
1.4
1.4
1.4
1.4
1.4
1.5k
1.5k
1.5k
1.5k
1.5k
1.5k
1.5k
1.5k
1.5k
1.5M
1.5M
1.5M
1.5M
1.5M
1.5M
1.5M
1.5M
1.5M
1.5
1.5
1.5
1.5
1.5
1.5
1.5
1.5
1.5
1.6k
1.6k
1.6k
1.6k
1.6k
1.6k
1.6k
1.6k
1.6k
1.6M
1.6M
1.6M
1.6M
1.6M
1.6M
1.6M
1.6M
1.6M
1.6
1.6
1.6
1.6
1.6
1.6
1.6
1.6
1.6
1.7k
1.7k
1.7k
1.7k
1.7k
1.7k
1.7k
1.7k
1.7k
1.7M
1.7M
1.7M
1.7M
1.7M
1.7M
1.7M
1.7M
1.7M
1.7
1.7
1.7
1.7
1.7
1.7
1.7
1.7
1.7
1.8k
1.8k
1.8k
1.8k
1.8k
1.8k
1.8k
1.8k
1.8k
1.8M
1.8M
1.8M
1.8M
1.8M
1.8M
1.8M
1.8M
1.8M
1.8
1.8
1.8
1.8
1.8
1.8
1.8
1.8
1.8
1.9k
1.9k
1.9k
1.9k
1.9k
1.9k
1.9k
1.9k
1.9k
1.9M
1.9M
1.9M
1.9M
1.9M
1.9M
1.9M
1.9M
1.9M
1.9
1.9
1.9
1.9
1.9
1.9
1.9
1.9
1.9
100k
100k
100k
100k
100k
100k
100k
100k
100k
100
100
100
100
100
100
100
100
100
10k
10k
10k
10k
10k
10k
10k
10k
10k
10M
10M
10M
10M
10M
10M
10M
10M
10M
10
10
10
10
10
10
10
10
10
110k
110k
110k
110k
110k
110k
110k
110k
110k
110
110
110
110
110
110
110
110
110
11k
11k
11k
11k
11k
11k
11k
11k
11k
11M
11M
11M
11M
11M
11M
11M
11M
11M
11
11
11
11
11
11
11
11
11
120k
120k
120k
120k
120k
120k
120k
120k
120k
120
120
120
120
120
120
120
120
120
12k
12k
12k
12k
12k
12k
12k
12k
12k
12M
12M
12M
12M
12M
12M
12M
12M
12M
12
12
12
12
12
12
12
12
12
130k
130k
130k
130k
130k
130k
130k
130k
130k
130
130
130
130
130
130
130
130
130
13k
13k
13k
13k
13k
13k
13k
13k
13k
13M
13M
13M
13M
13M
13M
13M
13M
13M
13
13
13
13
13
13
13
13
13
140k
140k
140k
140k
140k
140k
140k
140k
140k
140
140
140
140
140
140
140
140
140
14k
14k
14k
14k
14k
14k
14k
14k
14k
14M
14M
14M
14M
14M
14M
14M
14M
14M
14
14
14
14
14
14
14
14
14
150k
150k
150k
150k
150k
150k
150k
150k
150k
150
150
150
150
150
150
150
150
150
15k
15k
15k
15k
15k
15k
15k
15k
15k
15M
15M
15M
15M
15M
15M
15M
15M
15M
15
15
15
15
15
15
15
15
15
160k
160k
160k
160k
160k
160k
160k
160k
160k
160
160
160
160
160
160
160
160
160
16k
16k
16k
16k
16k
16k
16k
16k
16k
16M
16M
16M
16M
16M
16M
16M
16M
16M
16
16
16
16
16
16
16
16
16
170k
170k
170k
170k
170k
170k
170k
170k
170k
170
170
170
170
170
170
170
170
170
17k
17k
17k
17k
17k
17k
17k
17k
17k
17M
17M
17M
17M
17M
17M
17M
17M
17M
17
17
17
17
17
17
17
17
17
180k
180k
180k
180k
180k
180k
180k
180k
180k
180
180
180
180
180
180
180
180
180
18k
18k
18k
18k
18k
18k
18k
18k
18k
18M
18M
18M
18M
18M
18M
18M
18M
18M
18
18
18
18
18
18
18
18
18
190k
190k
190k
190k
190k
190k
190k
190k
190k
190
190
190
190
190
190
190
190
190
19k
19k
19k
19k
19k
19k
19k
19k
19k
19M
19M
19M
19M
19M
19M
19M
19M
19M
19
19
19
19
19
19
19
19
19
1k
1k
1k
1k
1k
1k
1k
1k
1k
1M
1M
1M
1M
1M
1M
1M
1M
1M
1
1
1
1
1
1
1
1
1
2.1k
2.1k
2.1k
2.1k
2.1k
2.1k
2.1k
2.1k
2.1k
2.1M
2.1M
2.1M
2.1M
2.1M
2.1M
2.1M
2.1M
2.1M
2.1
2.1
2.1
2.1
2.1
2.1
2.1
2.1
2.1
2.2k
2.2k
2.2k
2.2k
2.2k
2.2k
2.2k
2.2k
2.2k
2.2M
2.2M
2.2M
2.2M
2.2M
2.2M
2.2M
2.2M
2.2M
2.2
2.2
2.2
2.2
2.2
2.2
2.2
2.2
2.2
2.3k
2.3k
2.3k
2.3k
2.3k
2.3k
2.3k
2.3k
2.3k
2.3M
2.3M
2.3M
2.3M
2.3M
2.3M
2.3M
2.3M
2.3M
2.3
2.3
2.3
2.3
2.3
2.3
2.3
2.3
2.3
2.4k
2.4k
2.4k
2.4k
2.4k
2.4k
2.4k
2.4k
2.4k
2.4M
2.4M
2.4M
2.4M
2.4M
2.4M
2.4M
2.4M
2.4M
2.4
2.4
2.4
2.4
2.4
2.4
2.4
2.4
2.4
2.5k
2.5k
2.5k
2.5k
2.5k
2.5k
2.5k
2.5k
2.5k
2.5M
2.5M
2.5M
2.5M
2.5M
2.5M
2.5M
2.5M
2.5M
2.5
2.5
2.5
2.5
2.5
2.5
2.5
2.5
2.5
2.6k
2.6k
2.6k
2.6k
2.6k
2.6k
2.6k
2.6k
2.6k
2.6M
2.6M
2.6M
2.6M
2.6M
2.6M
2.6M
2.6M
2.6M
2.6
2.6
2.6
2.6
2.6
2.6
2.6
2.6
2.6
2.7k
2.7k
2.7k
2.7k
2.7k
2.7k
2.7k
2.7k
2.7k
2.7M
2.7M
2.7M
2.7M
2.7M
2.7M
2.7M
2.7M
2.7M
2.7
2.7
2.7
2.7
2.7
2.7
2.7
2.7
2.7
2.8k
2.8k
2.8k
2.8k
2.8k
2.8k
2.8k
2.8k
2.8k
2.8M
2.8M
2.8M
2.8M
2.8M
2.8M
2.8M
2.8M
2.8M
2.8
2.8
2.8
2.8
2.8
2.8
2.8
2.8
2.8
2.9k
2.9k
2.9k
2.9k
2.9k
2.9k
2.9k
2.9k
2.9k
2.9M
2.9M
2.9M
2.9M
2.9M
2.9M
2.9M
2.9M
2.9M
2.9
2.9
2.9
2.9
2.9
2.9
2.9
2.9
2.9
200k
200k
200k
200k
200k
200k
200k
200k
200k
200
200
200
200
200
200
200
200
200
20k
20k
20k
20k
20k
20k
20k
20k
20k
20M
20M
20M
20M
20M
20M
20M
20M
20M
20
20
20
20
20
20
20
20
20
210k
210k
210k
210k
210k
210k
210k
210k
210k
210
210
210
210
210
210
210
210
210
21k
21k
21k
21k
21k
21k
21k
21k
21k
21M
21M
21M
21M
21M
21M
21M
21M
21M
21
21
21
21
21
21
21
21
21
220k
220k
220k
220k
220k
220k
220k
220k
220k
220
220
220
220
220
220
220
220
220
22k
22k
22k
22k
22k
22k
22k
22k
22k
22M
22M
22M
22M
22M
22M
22M
22M
22M
22
22
22
22
22
22
22
22
22
230k
230k
230k
230k
230k
230k
230k
230k
230k
230
230
230
230
230
230
230
230
230
23k
23k
23k
23k
23k
23k
23k
23k
23k
23M
23M
23M
23M
23M
23M
23M
23M
23M
23
23
23
23
23
23
23
23
23
240k
240k
240k
240k
240k
240k
240k
240k
240k
240
240
240
240
240
240
240
240
240
24k
24k
24k
24k
24k
24k
24k
24k
24k
24M
24M
24M
24M
24M
24M
24M
24M
24M
24
24
24
24
24
24
24
24
24
250k
250k
250k
250k
250k
250k
250k
250k
250k
250
250
250
250
250
250
250
250
250
25k
25k
25k
25k
25k
25k
25k
25k
25k
25M
25M
25M
25M
25M
25M
25M
25M
25M
25
25
25
25
25
25
25
25
25
260k
260k
260k
260k
260k
260k
260k
260k
260k
260
260
260
260
260
260
260
260
260
26k
26k
26k
26k
26k
26k
26k
26k
26k
26M
26M
26M
26M
26M
26M
26M
26M
26M
26
26
26
26
26
26
26
26
26
270k
270k
270k
270k
270k
270k
270k
270k
270k
270
270
270
270
270
270
270
270
270
27k
27k
27k
27k
27k
27k
27k
27k
27k
27M
27M
27M
27M
27M
27M
27M
27M
27M
27
27
27
27
27
27
27
27
27
280k
280k
280k
280k
280k
280k
280k
280k
280k
280
280
280
280
280
280
280
280
280
28k
28k
28k
28k
28k
28k
28k
28k
28k
28M
28M
28M
28M
28M
28M
28M
28M
28M
28
28
28
28
28
28
28
28
28
290k
290k
290k
290k
290k
290k
290k
290k
290k
290
290
290
290
290
290
290
290
290
29k
29k
29k
29k
29k
29k
29k
29k
29k
29M
29M
29M
29M
29M
29M
29M
29M
29M
29
29
29
29
29
29
29
29
29
2k
2k
2k
2k
2k
2k
2k
2k
2k
2M
2M
2M
2M
2M
2M
2M
2M
2M
2
2
2
2
2
2
2
2
2
3.1k
3.1k
3.1k
3.1k
3.1k
3.1k
3.1k
3.1k
3.1k
3.1M
3.1M
3.1M
3.1M
3.1M
3.1M
3.1M
3.1M
3.1M
3.1
3.1
3.1
3.1
3.1
3.1
3.1
3.1
3.1
3.2k
3.2k
3.2k
3.2k
3.2k
3.2k
3.2k
3.2k
3.2k
3.2M
3.2M
3.2M
3.2M
3.2M
3.2M
3.2M
3.2M
3.2M
3.2
3.2
3.2
3.2
3.2
3.2
3.2
3.2
3.2
3.3k
3.3k
3.3k
3.3k
3.3k
3.3k
3.3k
3.3k
3.3k
3.3M
3.3M
3.3M
3.3M
3.3M
3.3M
3.3M
3.3M
3.3M
3.3
3.3
3.3
3.3
3.3
3.3
3.3
3.3
3.3
3.4k
3.4k
3.4k
3.4k
3.4k
3.4k
3.4k
3.4k
3.4k
3.4M
3.4M
3.4M
3.4M
3.4M
3.4M
3.4M
3.4M
3.4M
3.4
3.4
3.4
3.4
3.4
3.4
3.4
3.4
3.4
3.5k
3.5k
3.5k
3.5k
3.5k
3.5k
3.5k
3.5k
3.5k
3.5M
3.5M
3.5M
3.5M
3.5M
3.5M
3.5M
3.5M
3.5M
3.5
3.5
3.5
3.5
3.5
3.5
3.5
3.5
3.5
3.6k
3.6k
3.6k
3.6k
3.6k
3.6k
3.6k
3.6k
3.6k
3.6M
3.6M
3.6M
3.6M
3.6M
3.6M
3.6M
3.6M
3.6M
3.6
3.6
3.6
3.6
3.6
3.6
3.6
3.6
3.6
3.7k
3.7k
3.7k
3.7k
3.7k
3.7k
3.7k
3.7k
3.7k
3.7M
3.7M
3.7M
3.7M
3.7M
3.7M
3.7M
3.7M
3.7M
3.7
3.7
3.7
3.7
3.7
3.7
3.7
3.7
3.7
3.8k
3.8k
3.8k
3.8k
3.8k
3.8k
3.8k
3.8k
3.8k
3.8M
3.8M
3.8M
3.8M
3.8M
3.8M
3.8M
3.8M
3.8M
3.8
3.8
3.8
3.8
3.8
3.8
3.8
3.8
3.8
3.9k
3.9k
3.9k
3.9k
3.9k
3.9k
3.9k
3.9k
3.9k
3.9M
3.9M
3.9M
3.9M
3.9M
3.9M
3.9M
3.9M
3.9M
3.9
3.9
3.9
3.9
3.9
3.9
3.9
3.9
3.9
300k
300k
300k
300k
300k
300k
300k
300k
300k
300
300
300
300
300
300
300
300
300
30k
30k
30k
30k
30k
30k
30k
30k
30k
30M
30M
30M
30M
30M
30M
30M
30M
30M
30
30
30
30
30
30
30
30
30
310k
310k
310k
310k
310k
310k
310k
310k
310k
310
310
310
310
310
310
310
310
310
31k
31k
31k
31k
31k
31k
31k
31k
31k
31M
31M
31M
31M
31M
31M
31M
31M
31M
31
31
31
31
31
31
31
31
31
320k
320k
320k
320k
320k
320k
320k
320k
320k
320
320
320
320
320
320
320
320
320
32k
32k
32k
32k
32k
32k
32k
32k
32k
32M
32M
32M
32M
32M
32M
32M
32M
32M
32
32
32
32
32
32
32
32
32
330k
330k
330k
330k
330k
330k
330k
330k
330k
330
330
330
330
330
330
330
330
330
33k
33k
33k
33k
33k
33k
33k
33k
33k
33M
33M
33M
33M
33M
33M
33M
33M
33M
33
33
33
33
33
33
33
33
33
340k
340k
340k
340k
340k
340k
340k
340k
340k
340
340
340
340
340
340
340
340
340
34k
34k
34k
34k
34k
34k
34k
34k
34k
34M
34M
34M
34M
34M
34M
34M
34M
34M
34
34
34
34
34
34
34
34
34
350k
350k
350k
350k
350k
350k
350k
350k
350k
350
350
350
350
350
350
350
350
350
35k
35k
35k
35k
35k
35k
35k
35k
35k
35M
35M
35M
35M
35M
35M
35M
35M
35M
35
35
35
35
35
35
35
35
35
360k
360k
360k
360k
360k
360k
360k
360k
360k
360
360
360
360
360
360
360
360
360
36k
36k
36k
36k
36k
36k
36k
36k
36k
36M
36M
36M
36M
36M
36M
36M
36M
36M
36
36
36
36
36
36
36
36
36
370k
370k
370k
370k
370k
370k
370k
370k
370k
370
370
370
370
370
370
370
370
370
37k
37k
37k
37k
37k
37k
37k
37k
37k
37M
37M
37M
37M
37M
37M
37M
37M
37M
37
37
37
37
37
37
37
37
37
380k
380k
380k
380k
380k
380k
380k
380k
380k
380
380
380
380
380
380
380
380
380
38k
38k
38k
38k
38k
38k
38k
38k
38k
38M
38M
38M
38M
38M
38M
38M
38M
38M
38
38
38
38
38
38
38
38
38
390k
390k
390k
390k
390k
390k
390k
390k
390k
390
390
390
390
390
390
390
390
390
39k
39k
39k
39k
39k
39k
39k
39k
39k
39M
39M
39M
39M
39M
39M
39M
39M
39M
39
39
39
39
39
39
39
39
39
3k
3k
3k
3k
3k
3k
3k
3k
3k
3M
3M
3M
3M
3M
3M
3M
3M
3M
3
3
3
3
3
3
3
3
3
4.1k
4.1k
4.1k
4.1k
4.1k
4.1k
4.1k
4.1k
4.1k
4.1M
4.1M
4.1M
4.1M
4.1M
4.1M
4.1M
4.1M
4.1M
4.1
4.1
4.1
4.1
4.1
4.1
4.1
4.1
4.1
4.2k
4.2k
4.2k
4.2k
4.2k
4.2k
4.2k
4.2k
4.2k
4.2M
4.2M
4.2M
4.2M
4.2M
4.2M
4.2M
4.2M
4.2M
4.2
4.2
4.2
4.2
4.2
4.2
4.2
4.2
4.2
4.3k
4.3k
4.3k
4.3k
4.3k
4.3k
4.3k
4.3k
4.3k
4.3M
4.3M
4.3M
4.3M
4.3M
4.3M
4.3M
4.3M
4.3M
4.3
4.3
4.3
4.3
4.3
4.3
4.3
4.3
4.3
4.4k
4.4k
4.4k
4.4k
4.4k
4.4k
4.4k
4.4k
4.4k
4.4M
4.4M
4.4M
4.4M
4.4M
4.4M
4.4M
4.4M
4.4M
4.4
4.4
4.4
4.4
4.4
4.4
4.4
4.4
4.4
4.5k
4.5k
4.5k
4.5k
4.5k
4.5k
4.5k
4.5k
4.5k
4.5M
4.5M
4.5M
4.5M
4.5M
4.5M
4.5M
4.5M
4.5M
4.5
4.5
4.5
4.5
4.5
4.5
4.5
4.5
4.5
4.6k
4.6k
4.6k
4.6k
4.6k
4.6k
4.6k
4.6k
4.6k
4.6M
4.6M
4.6M
4.6M
4.6M
4.6M
4.6M
4.6M
4.6M
4.6
4.6
4.6
4.6
4.6
4.6
4.6
4.6
4.6
4.7k
4.7k
4.7k
4.7k
4.7k
4.7k
4.7k
4.7k
4.7k
4.7M
4.7M
4.7M
4.7M
4.7M
4.7M
4.7M
4.7M
4.7M
4.7
4.7
4.7
4.7
4.7
4.7
4.7
4.7
4.7
4.8k
4.8k
4.8k
4.8k
4.8k
4.8k
4.8k
4.8k
4.8k
4.8M
4.8M
4.8M
4.8M
4.8M
4.8M
4.8M
4.8M
4.8M
4.8
4.8
4.8
4.8
4.8
4.8
4.8
4.8
4.8
4.9k
4.9k
4.9k
4.9k
4.9k
4.9k
4.9k
4.9k
4.9k
4.9M
4.9M
4.9M
4.9M
4.9M
4.9M
4.9M
4.9M
4.9M
4.9
4.9
4.9
4.9
4.9
4.9
4.9
4.9
4.9
400k
400k
400k
400k
400k
400k
400k
400k
400k
400
400
400
400
400
400
400
400
400
40k
40k
40k
40k
40k
40k
40k
40k
40k
40M
40M
40M
40M
40M
40M
40M
40M
40M
40
40
40
40
40
40
40
40
40
410k
410k
410k
410k
410k
410k
410k
410k
410k
410
410
410
410
410
410
410
410
410
41k
41k
41k
41k
41k
41k
41k
41k
41k
41M
41M
41M
41M
41M
41M
41M
41M
41M
41
41
41
41
41
41
41
41
41
420k
420k
420k
420k
420k
420k
420k
420k
420k
420
420
420
420
420
420
420
420
420
42k
42k
42k
42k
42k
42k
42k
42k
42k
42M
42M
42M
42M
42M
42M
42M
42M
42M
42
42
42
42
42
42
42
42
42
430k
430k
430k
430k
430k
430k
430k
430k
430k
430
430
430
430
430
430
430
430
430
43k
43k
43k
43k
43k
43k
43k
43k
43k
43M
43M
43M
43M
43M
43M
43M
43M
43M
43
43
43
43
43
43
43
43
43
440k
440k
440k
440k
440k
440k
440k
440k
440k
440
440
440
440
440
440
440
440
440
44k
44k
44k
44k
44k
44k
44k
44k
44k
44M
44M
44M
44M
44M
44M
44M
44M
44M
44
44
44
44
44
44
44
44
44
450k
450k
450k
450k
450k
450k
450k
450k
450k
450
450
450
450
450
450
450
450
450
45k
45k
45k
45k
45k
45k
45k
45k
45k
45M
45M
45M
45M
45M
45M
45M
45M
45M
45
45
45
45
45
45
45
45
45
460k
460k
460k
460k
460k
460k
460k
460k
460k
460
460
460
460
460
460
460
460
460
46k
46k
46k
46k
46k
46k
46k
46k
46k
46M
46M
46M
46M
46M
46M
46M
46M
46M
46
46
46
46
46
46
46
46
46
470k
470k
470k
470k
470k
470k
470k
470k
470k
470
470
470
470
470
470
470
470
470
47k
47k
47k
47k
47k
47k
47k
47k
47k
47M
47M
47M
47M
47M
47M
47M
47M
47M
47
47
47
47
47
47
47
47
47
480k
480k
480k
480k
480k
480k
480k
480k
480k
480
480
480
480
480
480
480
480
480
48k
48k
48k
48k
48k
48k
48k
48k
48k
48M
48M
48M
48M
48M
48M
48M
48M
48M
48
48
48
48
48
48
48
48
48
490k
490k
490k
490k
490k
490k
490k
490k
490k
490
490
490
490
490
490
490
490
490
49k
49k
49k
49k
49k
49k
49k
49k
49k
49M
49M
49M
49M
49M
49M
49M
49M
49M
49
49
49
49
49
49
49
49
49
4k
4k
4k
4k
4k
4k
4k
4k
4k
4M
4M
4M
4M
4M
4M
4M
4M
4M
4
4
4
4
4
4
4
4
4
5.1k
5.1k
5.1k
5.1k
5.1k
5.1k
5.1k
5.1k
5.1k
5.1M
5.1M
5.1M
5.1M
5.1M
5.1M
5.1M
5.1M
5.1M
5.1
5.1
5.1
5.1
5.1
5.1
5.1
5.1
5.1
5.2k
5.2k
5.2k
5.2k
5.2k
5.2k
5.2k
5.2k
5.2k
5.2M
5.2M
5.2M
5.2M
5.2M
5.2M
5.2M
5.2M
5.2M
5.2
5.2
5.2
5.2
5.2
5.2
5.2
5.2
5.2
5.3k
5.3k
5.3k
5.3k
5.3k
5.3k
5.3k
5.3k
5.3k
5.3M
5.3M
5.3M
5.3M
5.3M
5.3M
5.3M
5.3M
5.3M
5.3
5.3
5.3
5.3
5.3
5.3
5.3
5.3
5.3
5.4k
5.4k
5.4k
5.4k
5.4k
5.4k
5.4k
5.4k
5.4k
5.4M
5.4M
5.4M
5.4M
5.4M
5.4M
5.4M
5.4M
5.4M
5.4
5.4
5.4
5.4
5.4
5.4
5.4
5.4
5.4
5.5k
5.5k
5.5k
5.5k
5.5k
5.5k
5.5k
5.5k
5.5k
5.5M
5.5M
5.5M
5.5M
5.5M
5.5M
5.5M
5.5M
5.5M
5.5
5.5
5.5
5.5
5.5
5.5
5.5
5.5
5.5
5.6k
5.6k
5.6k
5.6k
5.6k
5.6k
5.6k
5.6k
5.6k
5.6M
5.6M
5.6M
5.6M
5.6M
5.6M
5.6M
5.6M
5.6M
5.6
5.6
5.6
5.6
5.6
5.6
5.6
5.6
5.6
5.7k
5.7k
5.7k
5.7k
5.7k
5.7k
5.7k
5.7k
5.7k
5.7M
5.7M
5.7M
5.7M
5.7M
5.7M
5.7M
5.7M
5.7M
5.7
5.7
5.7
5.7
5.7
5.7
5.7
5.7
5.7
5.8k
5.8k
5.8k
5.8k
5.8k
5.8k
5.8k
5.8k
5.8k
5.8M
5.8M
5.8M
5.8M
5.8M
5.8M
5.8M
5.8M
5.8M
5.8
5.8
5.8
5.8
5.8
5.8
5.8
5.8
5.8
5.9k
5.9k
5.9k
5.9k
5.9k
5.9k
5.9k
5.9k
5.9k
5.9M
5.9M
5.9M
5.9M
5.9M
5.9M
5.9M
5.9M
5.9M
5.9
5.9
5.9
5.9
5.9
5.9
5.9
5.9
5.9
500k
500k
500k
500k
500k
500k
500k
500k
500k
500
500
500
500
500
500
500
500
500
50k
50k
50k
50k
50k
50k
50k
50k
50k
50M
50M
50M
50M
50M
50M
50M
50M
50M
50
50
50
50
50
50
50
50
50
510k
510k
510k
510k
510k
510k
510k
510k
510k
510
510
510
510
510
510
510
510
510
51k
51k
51k
51k
51k
51k
51k
51k
51k
51M
51M
51M
51M
51M
51M
51M
51M
51M
51
51
51
51
51
51
51
51
51
520k
520k
520k
520k
520k
520k
520k
520k
520k
520
520
520
520
520
520
520
520
520
52k
52k
52k
52k
52k
52k
52k
52k
52k
52M
52M
52M
52M
52M
52M
52M
52M
52M
52
52
52
52
52
52
52
52
52
530k
530k
530k
530k
530k
530k
530k
530k
530k
530
530
530
530
530
530
530
530
530
53k
53k
53k
53k
53k
53k
53k
53k
53k
53M
53M
53M
53M
53M
53M
53M
53M
53M
53
53
53
53
53
53
53
53
53
540k
540k
540k
540k
540k
540k
540k
540k
540k
540
540
540
540
540
540
540
540
540
54k
54k
54k
54k
54k
54k
54k
54k
54k
54M
54M
54M
54M
54M
54M
54M
54M
54M
54
54
54
54
54
54
54
54
54
550k
550k
550k
550k
550k
550k
550k
550k
550k
550
550
550
550
550
550
550
550
550
55k
55k
55k
55k
55k
55k
55k
55k
55k
55M
55M
55M
55M
55M
55M
55M
55M
55M
55
55
55
55
55
55
55
55
55
560k
560k
560k
560k
560k
560k
560k
560k
560k
560
560
560
560
560
560
560
560
560
56k
56k
56k
56k
56k
56k
56k
56k
56k
56M
56M
56M
56M
56M
56M
56M
56M
56M
56
56
56
56
56
56
56
56
56
570k
570k
570k
570k
570k
570k
570k
570k
570k
570
570
570
570
570
570
570
570
570
57k
57k
57k
57k
57k
57k
57k
57k
57k
57M
57M
57M
57M
57M
57M
57M
57M
57M
57
57
57
57
57
57
57
57
57
580k
580k
580k
580k
580k
580k
580k
580k
580k
580
580
580
580
580
580
580
580
580
58k
58k
58k
58k
58k
58k
58k
58k
58k
58M
58M
58M
58M
58M
58M
58M
58M
58M
58
58
58
58
58
58
58
58
58
590k
590k
590k
590k
590k
590k
590k
590k
590k
590
590
590
590
590
590
590
590
590
59k
59k
59k
59k
59k
59k
59k
59k
59k
59M
59M
59M
59M
59M
59M
59M
59M
59M
59
59
59
59
59
59
59
59
59
5k
5k
5k
5k
5k
5k
5k
5k
5k
5M
5M
5M
5M
5M
5M
5M
5M
5M
5
5
5
5
5
5
5
5
5
6.1k
6.1k
6.1k
6.1k
6.1k
6.1k
6.1k
6.1k
6.1k
6.1M
6.1M
6.1M
6.1M
6.1M
6.1M
6.1M
6.1M
6.1M
6.1
6.1
6.1
6.1
6.1
6.1
6.1
6.1
6.1
6.2k
6.2k
6.2k
6.2k
6.2k
6.2k
6.2k
6.2k
6.2k
6.2M
6.2M
6.2M
6.2M
6.2M
6.2M
6.2M
6.2M
6.2M
6.2
6.2
6.2
6.2
6.2
6.2
6.2
6.2
6.2
6.3k
6.3k
6.3k
6.3k
6.3k
6.3k
6.3k
6.3k
6.3k
6.3M
6.3M
6.3M
6.3M
6.3M
6.3M
6.3M
6.3M
6.3M
6.3
6.3
6.3
6.3
6.3
6.3
6.3
6.3
6.3
6.4k
6.4k
6.4k
6.4k
6.4k
6.4k
6.4k
6.4k
6.4k
6.4M
6.4M
6.4M
6.4M
6.4M
6.4M
6.4M
6.4M
6.4M
6.4
6.4
6.4
6.4
6.4
6.4
6.4
6.4
6.4
6.5k
6.5k
6.5k
6.5k
6.5k
6.5k
6.5k
6.5k
6.5k
6.5M
6.5M
6.5M
6.5M
6.5M
6.5M
6.5M
6.5M
6.5M
6.5
6.5
6.5
6.5
6.5
6.5
6.5
6.5
6.5
6.6k
6.6k
6.6k
6.6k
6.6k
6.6k
6.6k
6.6k
6.6k
6.6M
6.6M
6.6M
6.6M
6.6M
6.6M
6.6M
6.6M
6.6M
6.6
6.6
6.6
6.6
6.6
6.6
6.6
6.6
6.6
6.7k
6.7k
6.7k
6.7k
6.7k
6.7k
6.7k
6.7k
6.7k
6.7M
6.7M
6.7M
6.7M
6.7M
6.7M
6.7M
6.7M
6.7M
6.7
6.7
6.7
6.7
6.7
6.7
6.7
6.7
6.7
6.8k
6.8k
6.8k
6.8k
6.8k
6.8k
6.8k
6.8k
6.8k
6.8M
6.8M
6.8M
6.8M
6.8M
6.8M
6.8M
6.8M
6.8M
6.8
6.8
6.8
6.8
6.8
6.8
6.8
6.8
6.8
6.9k
6.9k
6.9k
6.9k
6.9k
6.9k
6.9k
6.9k
6.9k
6.9M
6.9M
6.9M
6.9M
6.9M
6.9M
6.9M
6.9M
6.9M
6.9
6.9
6.9
6.9
6.9
6.9
6.9
6.9
6.9
600k
600k
600k
600k
600k
600k
600k
600k
600k
600
600
600
600
600
600
600
600
600
60k
60k
60k
60k
60k
60k
60k
60k
60k
60M
60M
60M
60M
60M
60M
60M
60M
60M
60
60
60
60
60
60
60
60
60
610k
610k
610k
610k
610k
610k
610k
610k
610k
610
610
610
610
610
610
610
610
610
61k
61k
61k
61k
61k
61k
61k
61k
61k
61M
61M
61M
61M
61M
61M
61M
61M
61M
61
61
61
61
61
61
61
61
61
620k
620k
620k
620k
620k
620k
620k
620k
620k
620
620
620
620
620
620
620
620
620
62k
62k
62k
62k
62k
62k
62k
62k
62k
62M
62M
62M
62M
62M
62M
62M
62M
62M
62
62
62
62
62
62
62
62
62
630k
630k
630k
630k
630k
630k
630k
630k
630k
630
630
630
630
630
630
630
630
630
63k
63k
63k
63k
63k
63k
63k
63k
63k
63M
63M
63M
63M
63M
63M
63M
63M
63M
63
63
63
63
63
63
63
63
63
640k
640k
640k
640k
640k
640k
640k
640k
640k
640
640
640
640
640
640
640
640
640
64k
64k
64k
64k
64k
64k
64k
64k
64k
64M
64M
64M
64M
64M
64M
64M
64M
64M
64
64
64
64
64
64
64
64
64
650k
650k
650k
650k
650k
650k
650k
650k
650k
650
650
650
650
650
650
650
650
650
65k
65k
65k
65k
65k
65k
65k
65k
65k
65M
65M
65M
65M
65M
65M
65M
65M
65M
65
65
65
65
65
65
65
65
65
660k
660k
660k
660k
660k
660k
660k
660k
660k
660
660
660
660
660
660
660
660
660
66k
66k
66k
66k
66k
66k
66k
66k
66k
66M
66M
66M
66M
66M
66M
66M
66M
66M
66
66
66
66
66
66
66
66
66
670k
670k
670k
670k
670k
670k
670k
670k
670k
670
670
670
670
670
670
670
670
670
67k
67k
67k
67k
67k
67k
67k
67k
67k
67M
67M
67M
67M
67M
67M
67M
67M
67M
67
67
67
67
67
67
67
67
67
680k
680k
680k
680k
680k
680k
680k
680k
680k
680
680
680
680
680
680
680
680
680
68k
68k
68k
68k
68k
68k
68k
68k
68k
68M
68M
68M
68M
68M
68M
68M
68M
68M
68
68
68
68
68
68
68
68
68
690k
690k
690k
690k
690k
690k
690k
690k
690k
690
690
690
690
690
690
690
690
690
69k
69k
69k
69k
69k
69k
69k
69k
69k
69M
69M
69M
69M
69M
69M
69M
69M
69M
69
69
69
69
69
69
69
69
69
6k
6k
6k
6k
6k
6k
6k
6k
6k
6M
6M
6M
6M
6M
6M
6M
6M
6M
6
6
6
6
6
6
6
6
6
7.1k
7.1k
7.1k
7.1k
7.1k
7.1k
7.1k
7.1k
7.1k
7.1M
7.1M
7.1M
7.1M
7.1M
7.1M
7.1M
7.1M
7.1M
7.1
7.1
7.1
7.1
7.1
7.1
7.1
7.1
7.1
7.2k
7.2k
7.2k
7.2k
7.2k
7.2k
7.2k
7.2k
7.2k
7.2M
7.2M
7.2M
7.2M
7.2M
7.2M
7.2M
7.2M
7.2M
7.2
7.2
7.2
7.2
7.2
7.2
7.2
7.2
7.2
7.3k
7.3k
7.3k
7.3k
7.3k
7.3k
7.3k
7.3k
7.3k
7.3M
7.3M
7.3M
7.3M
7.3M
7.3M
7.3M
7.3M
7.3M
7.3
7.3
7.3
7.3
7.3
7.3
7.3
7.3
7.3
7.4k
7.4k
7.4k
7.4k
7.4k
7.4k
7.4k
7.4k
7.4k
7.4M
7.4M
7.4M
7.4M
7.4M
7.4M
7.4M
7.4M
7.4M
7.4
7.4
7.4
7.4
7.4
7.4
7.4
7.4
7.4
7.5k
7.5k
7.5k
7.5k
7.5k
7.5k
7.5k
7.5k
7.5k
7.5M
7.5M
7.5M
7.5M
7.5M
7.5M
7.5M
7.5M
7.5M
7.5
7.5
7.5
7.5
7.5
7.5
7.5
7.5
7.5
7.6k
7.6k
7.6k
7.6k
7.6k
7.6k
7.6k
7.6k
7.6k
7.6M
7.6M
7.6M
7.6M
7.6M
7.6M
7.6M
7.6M
7.6M
7.6
7.6
7.6
7.6
7.6
7.6
7.6
7.6
7.6
7.7k
7.7k
7.7k
7.7k
7.7k
7.7k
7.7k
7.7k
7.7k
7.7M
7.7M
7.7M
7.7M
7.7M
7.7M
7.7M
7.7M
7.7M
7.7
7.7
7.7
7.7
7.7
7.7
7.7
7.7
7.7
7.8k
7.8k
7.8k
7.8k
7.8k
7.8k
7.8k
7.8k
7.8k
7.8M
7.8M
7.8M
7.8M
7.8M
7.8M
7.8M
7.8M
7.8M
7.8
7.8
7.8
7.8
7.8
7.8
7.8
7.8
7.8
7.9k
7.9k
7.9k
7.9k
7.9k
7.9k
7.9k
7.9k
7.9k
7.9M
7.9M
7.9M
7.9M
7.9M
7.9M
7.9M
7.9M
7.9M
7.9
7.9
7.9
7.9
7.9
7.9
7.9
7.9
7.9
700k
700k
700k
700k
700k
700k
700k
700k
700k
700
700
700
700
700
700
700
700
700
70k
70k
70k
70k
70k
70k
70k
70k
70k
70M
70M
70M
70M
70M
70M
70M
70M
70M
70
70
70
70
70
70
70
70
70
710k
710k
710k
710k
710k
710k
710k
710k
710k
710
710
710
710
710
710
710
710
710
71k
71k
71k
71k
71k
71k
71k
71k
71k
71M
71M
71M
71M
71M
71M
71M
71M
71M
71
71
71
71
71
71
71
71
71
720k
720k
720k
720k
720k
720k
720k
720k
720k
720
720
720
720
720
720
720
720
720
72k
72k
72k
72k
72k
72k
72k
72k
72k
72M
72M
72M
72M
72M
72M
72M
72M
72M
72
72
72
72
72
72
72
72
72
730k
730k
730k
730k
730k
730k
730k
730k
730k
730
730
730
730
730
730
730
730
730
73k
73k
73k
73k
73k
73k
73k
73k
73k
73M
73M
73M
73M
73M
73M
73M
73M
73M
73
73
73
73
73
73
73
73
73
740k
740k
740k
740k
740k
740k
740k
740k
740k
740
740
740
740
740
740
740
740
740
74k
74k
74k
74k
74k
74k
74k
74k
74k
74M
74M
74M
74M
74M
74M
74M
74M
74M
74
74
74
74
74
74
74
74
74
750k
750k
750k
750k
750k
750k
750k
750k
750k
750
750
750
750
750
750
750
750
750
75k
75k
75k
75k
75k
75k
75k
75k
75k
75M
75M
75M
75M
75M
75M
75M
75M
75M
75
75
75
75
75
75
75
75
75
760k
760k
760k
760k
760k
760k
760k
760k
760k
760
760
760
760
760
760
760
760
760
76k
76k
76k
76k
76k
76k
76k
76k
76k
76M
76M
76M
76M
76M
76M
76M
76M
76M
76
76
76
76
76
76
76
76
76
770k
770k
770k
770k
770k
770k
770k
770k
770k
770
770
770
770
770
770
770
770
770
77k
77k
77k
77k
77k
77k
77k
77k
77k
77M
77M
77M
77M
77M
77M
77M
77M
77M
77
77
77
77
77
77
77
77
77
780k
780k
780k
780k
780k
780k
780k
780k
780k
780
780
780
780
780
780
780
780
780
78k
78k
78k
78k
78k
78k
78k
78k
78k
78M
78M
78M
78M
78M
78M
78M
78M
78M
78
78
78
78
78
78
78
78
78
790k
790k
790k
790k
790k
790k
790k
790k
790k
790
790
790
790
790
790
790
790
790
79k
79k
79k
79k
79k
79k
79k
79k
79k
79M
79M
79M
79M
79M
79M
79M
79M
79M
79
79
79
79
79
79
79
79
79
7k
7k
7k
7k
7k
7k
7k
7k
7k
7M
7M
7M
7M
7M
7M
7M
7M
7M
7
7
7
7
7
7
7
7
7
8.1k
8.1k
8.1k
8.1k
8.1k
8.1k
8.1k
8.1k
8.1k
8.1M
8.1M
8.1M
8.1M
8.1M
8.1M
8.1M
8.1M
8.1M
8.1
8.1
8.1
8.1
8.1
8.1
8.1
8.1
8.1
8.2k
8.2k
8.2k
8.2k
8.2k
8.2k
8.2k
8.2k
8.2k
8.2M
8.2M
8.2M
8.2M
8.2M
8.2M
8.2M
8.2M
8.2M
8.2
8.2
8.2
8.2
8.2
8.2
8.2
8.2
8.2
8.3k
8.3k
8.3k
8.3k
8.3k
8.3k
8.3k
8.3k
8.3k
8.3M
8.3M
8.3M
8.3M
8.3M
8.3M
8.3M
8.3M
8.3M
8.3
8.3
8.3
8.3
8.3
8.3
8.3
8.3
8.3
8.4k
8.4k
8.4k
8.4k
8.4k
8.4k
8.4k
8.4k
8.4k
8.4M
8.4M
8.4M
8.4M
8.4M
8.4M
8.4M
8.4M
8.4M
8.4
8.4
8.4
8.4
8.4
8.4
8.4
8.4
8.4
8.5k
8.5k
8.5k
8.5k
8.5k
8.5k
8.5k
8.5k
8.5k
8.5M
8.5M
8.5M
8.5M
8.5M
8.5M
8.5M
8.5M
8.5M
8.5
8.5
8.5
8.5
8.5
8.5
8.5
8.5
8.5
8.6k
8.6k
8.6k
8.6k
8.6k
8.6k
8.6k
8.6k
8.6k
8.6M
8.6M
8.6M
8.6M
8.6M
8.6M
8.6M
8.6M
8.6M
8.6
8.6
8.6
8.6
8.6
8.6
8.6
8.6
8.6
8.7k
8.7k
8.7k
8.7k
8.7k
8.7k
8.7k
8.7k
8.7k
8.7M
8.7M
8.7M
8.7M
8.7M
8.7M
8.7M
8.7M
8.7M
8.7
8.7
8.7
8.7
8.7
8.7
8.7
8.7
8.7
8.8k
8.8k
8.8k
8.8k
8.8k
8.8k
8.8k
8.8k
8.8k
8.8M
8.8M
8.8M
8.8M
8.8M
8.8M
8.8M
8.8M
8.8M
8.8
8.8
8.8
8.8
8.8
8.8
8.8
8.8
8.8
8.9k
8.9k
8.9k
8.9k
8.9k
8.9k
8.9k
8.9k
8.9k
8.9M
8.9M
8.9M
8.9M
8.9M
8.9M
8.9M
8.9M
8.9M
8.9
8.9
8.9
8.9
8.9
8.9
8.9
8.9
8.9
800k
800k
800k
800k
800k
800k
800k
800k
800k
800
800
800
800
800
800
800
800
800
80k
80k
80k
80k
80k
80k
80k
80k
80k
80M
80M
80M
80M
80M
80M
80M
80M
80M
80
80
80
80
80
80
80
80
80
810k
810k
810k
810k
810k
810k
810k
810k
810k
810
810
810
810
810
810
810
810
810
81k
81k
81k
81k
81k
81k
81k
81k
81k
81M
81M
81M
81M
81M
81M
81M
81M
81M
81
81
81
81
81
81
81
81
81
820k
820k
820k
820k
820k
820k
820k
820k
820k
820
820
820
820
820
820
820
820
820
82k
82k
82k
82k
82k
82k
82k
82k
82k
82M
82M
82M
82M
82M
82M
82M
82M
82M
82
82
82
82
82
82
82
82
82
830k
830k
830k
830k
830k
830k
830k
830k
830k
830
830
830
830
830
830
830
830
830
83k
83k
83k
83k
83k
83k
83k
83k
83k
83M
83M
83M
83M
83M
83M
83M
83M
83M
83
83
83
83
83
83
83
83
83
840k
840k
840k
840k
840k
840k
840k
840k
840k
840
840
840
840
840
840
840
840
840
84k
84k
84k
84k
84k
84k
84k
84k
84k
84M
84M
84M
84M
84M
84M
84M
84M
84M
84
84
84
84
84
84
84
84
84
850k
850k
850k
850k
850k
850k
850k
850k
850k
850
850
850
850
850
850
850
850
850
85k
85k
85k
85k
85k
85k
85k
85k
85k
85M
85M
85M
85M
85M
85M
85M
85M
85M
85
85
85
85
85
85
85
85
85
860k
860k
860k
860k
860k
860k
860k
860k
860k
860
860
860
860
860
860
860
860
860
86k
86k
86k
86k
86k
86k
86k
86k
86k
86M
86M
86M
86M
86M
86M
86M
86M
86M
86
86
86
86
86
86
86
86
86
870k
870k
870k
870k
870k
870k
870k
870k
870k
870
870
870
870
870
870
870
870
870
87k
87k
87k
87k
87k
87k
87k
87k
87k
87M
87M
87M
87M
87M
87M
87M
87M
87M
87
87
87
87
87
87
87
87
87
880k
880k
880k
880k
880k
880k
880k
880k
880k
880
880
880
880
880
880
880
880
880
88k
88k
88k
88k
88k
88k
88k
88k
88k
88M
88M
88M
88M
88M
88M
88M
88M
88M
88
88
88
88
88
88
88
88
88
890k
890k
890k
890k
890k
890k
890k
890k
890k
890
890
890
890
890
890
890
890
890
89k
89k
89k
89k
89k
89k
89k
89k
89k
89M
89M
89M
89M
89M
89M
89M
89M
89M
89
89
89
89
89
89
89
89
89
8k
8k
8k
8k
8k
8k
8k
8k
8k
8M
8M
8M
8M
8M
8M
8M
8M
8M
8
8
8
8
8
8
8
8
8
9.1k
9.1k
9.1k
9.1k
9.1k
9.1k
9.1k
9.1k
9.1k
9.1M
9.1M
9.1M
9.1M
9.1M
9.1M
9.1M
9.1M
9.1M
9.1
9.1
9.1
9.1
9.1
9.1
9.1
9.1
9.1
9.2k
9.2k
9.2k
9.2k
9.2k
9.2k
9.2k
9.2k
9.2k
9.2M
9.2M
9.2M
9.2M
9.2M
9.2M
9.2M
9.2M
9.2M
9.2
9.2
9.2
9.2
9.2
9.2
9.2
9.2
9.2
9.3k
9.3k
9.3k
9.3k
9.3k
9.3k
9.3k
9.3k
9.3k
9.3M
9.3M
9.3M
9.3M
9.3M
9.3M
9.3M
9.3M
9.3M
9.3
9.3
9.3
9.3
9.3
9.3
9.3
9.3
9.3
9.4k
9.4k
9.4k
9.4k
9.4k
9.4k
9.4k
9.4k
9.4k
9.4M
9.4M
9.4M
9.4M
9.4M
9.4M
9.4M
9.4M
9.4M
9.4
9.4
9.4
9.4
9.4
9.4
9.4
9.4
9.4
9.5k
9.5k
9.5k
9.5k
9.5k
9.5k
9.5k
9.5k
9.5k
9.5M
9.5M
9.5M
9.5M
9.5M
9.5M
9.5M
9.5M
9.5M
9.5
9.5
9.5
9.5
9.5
9.5
9.5
9.5
9.5
9.6k
9.6k
9.6k
9.6k
9.6k
9.6k
9.6k
9.6k
9.6k
9.6M
9.6M
9.6M
9.6M
9.6M
9.6M
9.6M
9.6M
9.6M
9.6
9.6
9.6
9.6
9.6
9.6
9.6
9.6
9.6
9.7k
9.7k
9.7k
9.7k
9.7k
9.7k
9.7k
9.7k
9.7k
9.7M
9.7M
9.7M
9.7M
9.7M
9.7M
9.7M
9.7M
9.7M
9.7
9.7
9.7
9.7
9.7
9.7
9.7
9.7
9.7
9.8k
9.8k
9.8k
9.8k
9.8k
9.8k
9.8k
9.8k
9.8k
9.8M
9.8M
9.8M
9.8M
9.8M
9.8M
9.8M
9.8M
9.8M
9.8
9.8
9.8
9.8
9.8
9.8
9.8
9.8
9.8
9.9k
9.9k
9.9k
9.9k
9.9k
9.9k
9.9k
9.9k
9.9k
9.9M
9.9M
9.9M
9.9M
9.9M
9.9M
9.9M
9.9M
9.9M
9.9
9.9
9.9
9.9
9.9
9.9
9.9
9.9
9.9
900k
900k
900k
900k
900k
900k
900k
900k
900k
900
900
900
900
900
900
900
900
900
90k
90k
90k
90k
90k
90k
90k
90k
90k
90M
90M
90M
90M
90M
90M
90M
90M
90M
90
90
90
90
90
90
90
90
90
910k
910k
910k
910k
910k
910k
910k
910k
910k
910
910
910
910
910
910
910
910
910
91k
91k
91k
91k
91k
91k
91k
91k
91k
91M
91M
91M
91M
91M
91M
91M
91M
91M
91
91
91
91
91
91
91
91
91
920k
920k
920k
920k
920k
920k
920k
920k
920k
920
920
920
920
920
920
920
920
920
92k
92k
92k
92k
92k
92k
92k
92k
92k
92M
92M
92M
92M
92M
92M
92M
92M
92M
92
92
92
92
92
92
92
92
92
930k
930k
930k
930k
930k
930k
930k
930k
930k
930
930
930
930
930
930
930
930
930
93k
93k
93k
93k
93k
93k
93k
93k
93k
93M
93M
93M
93M
93M
93M
93M
93M
93M
93
93
93
93
93
93
93
93
93
940k
940k
940k
940k
940k
940k
940k
940k
940k
940
940
940
940
940
940
940
940
940
94k
94k
94k
94k
94k
94k
94k
94k
94k
94M
94M
94M
94M
94M
94M
94M
94M
94M
94
94
94
94
94
94
94
94
94
950k
950k
950k
950k
950k
950k
950k
950k
950k
950
950
950
950
950
950
950
950
950
95k
95k
95k
95k
95k
95k
95k
95k
95k
95M
95M
95M
95M
95M
95M
95M
95M
95M
95
95
95
95
95
95
95
95
95
960k
960k
960k
960k
960k
960k
960k
960k
960k
960
960
960
960
960
960
960
960
960
96k
96k
96k
96k
96k
96k
96k
96k
96k
96M
96M
96M
96M
96M
96M
96M
96M
96M
96
96
96
96
96
96
96
96
96
970k
970k
970k
970k
970k
970k
970k
970k
970k
970
970
970
970
970
970
970
970
970
97k
97k
97k
97k
97k
97k
97k
97k
97k
97M
97M
97M
97M
97M
97M
97M
97M
97M
97
97
97
97
97
97
97
97
97
980k
980k
980k
980k
980k
980k
980k
980k
980k
980
980
980
980
980
980
980
980
980
98k
98k
98k
98k
98k
98k
98k
98k
98k
98M
98M
98M
98M
98M
98M
98M
98M
98M
98
98
98
98
98
98
98
98
98
990k
990k
990k
990k
990k
990k
990k
990k
990k
990
990
990
990
990
990
990
990
990
99k
99k
99k
99k
99k
99k
99k
99k
99k
99M
99M
99M
99M
99M
99M
99M
99M
99M
99
99
99
99
99
99
99
99
99
9k
9k
9k
9k
9k
9k
9k
9k
9k
9M
9M
9M
9M
9M
9M
9M
9M
9M
9
9
9
9
9
9
9
9
9
