0 0 basic
1 1 basic
2 2 basic
3 3 basic
4 4 basic
5 5 basic
6 6 basic
8 8 basic
9 9 basic
10 10 basic
11 11 basic
12 12 basic
13 13 basic
14 14 basic
15 15 basic
16 16 basic
17 17 basic
18 18 basic
19 19 basic
21 21 basic
23 23 basic
24 24 basic
25 25 basic
26 26 basic
27 27 basic
28 28 basic
29 29 basic
30 30 basic
31 31 basic
32 32 basic
33 33 basic
34 34 basic
35 35 basic
36 36 basic
37 37 basic
38 38 basic
40 40 basic
41 41 basic
42 42 basic
43 43 basic
44 44 basic
46 46 basic
47 47 basic
48 48 basic
49 49 basic
50 50 basic
52 52 basic
53 53 basic
55 55 basic
56 56 basic
58 58 basic
59 59 basic
60 60 basic
61 61 basic
64 64 basic
66 66 basic
67 67 basic
68 68 basic
70 70 basic
72 72 basic
73 73 basic
74 74 basic
75 75 basic
76 76 basic
77 77 basic
78 78 basic
79 79 basic
80 80 basic
81 81 basic
82 82 basic
84 84 basic
85 85 basic
86 86 basic
87 87 basic
88 88 basic
89 89 basic
90 90 basic
92 92 basic
93 93 basic
94 94 basic
95 95 basic
96 96 basic
98 98 basic
99 99 basic
100 100 basic
101 101 basic
102 102 basic
103 103 basic
104 104 basic
105 105 basic
106 106 basic
107 107 basic
108 108 basic
109 109 basic
110 110 basic
111 111 basic
112 112 basic
113 113 basic
115 115 basic
116 116 basic
120 120 basic
121 121 basic
122 122 basic
123 123 basic
125 125 basic
126 126 basic
127 127 basic
128 128 basic
129 129 basic
130 130 basic
131 131 basic
132 132 basic
133 133 basic
134 134 basic
135 135 basic
136 136 basic
138 138 basic
139 139 basic
141 141 basic
142 142 basic
143 143 basic
144 144 basic
145 145 basic
146 146 basic
147 147 basic
148 148 basic
149 149 basic
150 150 basic
151 151 basic
153 153 basic
154 154 basic
156 156 basic
157 157 basic
158 158 basic
160 160 basic
161 161 basic
162 162 basic
163 163 basic
166 166 basic
167 167 basic
168 168 basic
169 169 basic
171 171 basic
172 172 basic
173 173 basic
174 174 basic
178 178 basic
179 179 basic
180 180 basic
181 181 basic
182 182 basic
183 183 basic
185 185 basic
188 188 basic
189 189 basic
192 192 basic
193 193 basic
194 194 basic
195 195 basic
197 197 basic
198 198 basic
199 199 basic
200 200 basic
201 201 basic
202 202 basic
203 203 basic
204 204 basic
206 206 basic
207 207 basic
208 208 basic
209 209 basic
210 210 basic
211 211 basic
212 212 basic
213 213 basic
215 215 basic
216 216 basic
217 217 basic
218 218 basic
219 219 basic
220 220 basic
221 221 basic
222 222 basic
223 223 basic
224 224 basic
225 225 basic
227 227 basic
228 228 basic
229 229 basic
230 230 basic
232 232 basic
233 233 basic
234 234 basic
235 235 basic
237 237 basic
238 238 basic
240 240 basic
241 241 basic
242 242 basic
243 243 basic
244 244 basic
245 245 basic
246 246 basic
247 247 basic
248 248 basic
250 250 basic
251 251 basic
252 252 basic
253 253 basic
254 254 basic
255 255 basic
258 258 basic
259 259 basic
261 261 basic
262 262 basic
264 264 basic
265 265 basic
266 266 basic
267 267 basic
268 268 basic
269 269 basic
270 270 basic
271 271 basic
272 272 basic
273 273 basic
274 274 basic
275 275 basic
276 276 basic
277 277 basic
278 278 basic
279 279 basic
280 280 basic
281 281 basic
282 282 basic
283 283 basic
284 284 basic
285 285 basic
286 286 basic
287 287 basic
289 289 basic
291 291 basic
292 292 basic
293 293 basic
295 295 basic
296 296 basic
298 298 basic
299 299 basic
301 301 basic
303 303 basic
305 305 basic
306 306 basic
307 307 basic
308 308 basic
309 309 basic
311 311 basic
312 312 basic
313 313 basic
315 315 basic
316 316 basic
317 317 basic
318 318 basic
319 319 basic
320 320 basic
321 321 basic
322 322 basic
323 323 basic
324 324 basic
325 325 basic
327 327 basic
328 328 basic
329 329 basic
330 330 basic
331 331 basic
332 332 basic
334 334 basic
335 335 basic
337 337 basic
338 338 basic
339 339 basic
341 341 basic
342 342 basic
344 344 basic
345 345 basic
346 346 basic
348 348 basic
349 349 basic
350 350 basic
351 351 basic
352 352 basic
353 353 basic
354 354 basic
355 355 basic
356 356 basic
357 357 basic
359 359 basic
360 360 basic
361 361 basic
363 363 basic
364 364 basic
365 365 basic
366 366 basic
369 369 basic
370 370 basic
371 371 basic
372 372 basic
373 373 basic
377 377 basic
378 378 basic
380 380 basic
383 383 basic
384 384 basic
385 385 basic
387 387 basic
388 388 basic
390 390 basic
391 391 basic
392 392 basic
394 394 basic
395 395 basic
397 397 basic
398 398 basic
399 399 basic
400 400 basic
401 401 basic
402 402 basic
403 403 basic
404 404 basic
407 407 basic
408 408 basic
409 409 basic
411 411 basic
412 412 basic
414 414 basic
415 415 basic
416 416 basic
417 417 basic
418 418 basic
420 420 basic
421 421 basic
422 422 basic
423 423 basic
424 424 basic
425 425 basic
426 426 basic
427 427 basic
428 428 basic
429 429 basic
430 430 basic
431 431 basic
433 433 basic
434 434 basic
435 435 basic
437 437 basic
438 438 basic
439 439 basic
440 440 basic
441 441 basic
442 442 basic
445 445 basic
447 447 basic
449 449 basic
451 451 basic
452 452 basic
453 453 basic
454 454 basic
455 455 basic
456 456 basic
458 458 basic
459 459 basic
460 460 basic
461 461 basic
463 463 basic
464 464 basic
465 465 basic
466 466 basic
467 467 basic
468 468 basic
470 470 basic
471 471 basic
472 472 basic
473 473 basic
474 474 basic
476 476 basic
477 477 basic
478 478 basic
479 479 basic
480 480 basic
481 481 basic
483 483 basic
484 484 basic
485 485 basic
487 487 basic
488 488 basic
491 491 basic
492 492 basic
493 493 basic
494 494 basic
495 495 basic
496 496 basic
498 498 basic
499 499 basic
500 500 basic
501 501 basic
502 502 basic
505 505 basic
506 506 basic
508 508 basic
510 510 basic
511 511 basic
512 512 basic
513 513 basic
514 514 basic
516 516 basic
519 519 basic
522 522 basic
523 523 basic
524 524 basic
525 525 basic
527 527 basic
528 528 basic
529 529 basic
530 530 basic
532 532 basic
533 533 basic
534 534 basic
536 536 basic
538 538 basic
539 539 basic
540 540 basic
542 542 basic
543 543 basic
544 544 basic
545 545 basic
546 546 basic
547 547 basic
548 548 basic
549 549 basic
551 551 basic
554 554 basic
555 555 basic
556 556 basic
557 557 basic
559 559 basic
560 560 basic
561 561 basic
563 563 basic
564 564 basic
566 566 basic
567 567 basic
569 569 basic
570 570 basic
571 571 basic
574 574 basic
577 577 basic
578 578 basic
579 579 basic
580 580 basic
581 581 basic
583 583 basic
584 584 basic
585 585 basic
587 587 basic
588 588 basic
589 589 basic
590 590 basic
592 592 basic
593 593 basic
594 594 basic
595 595 basic
596 596 basic
597 597 basic
598 598 basic
599 599 basic
602 602 basic
603 603 basic
604 604 basic
605 605 basic
607 607 basic
608 608 basic
609 609 basic
610 610 basic
612 612 basic
613 613 basic
614 614 basic
615 615 basic
616 616 basic
617 617 basic
618 618 basic
619 619 basic
620 620 basic
621 621 basic
623 623 basic
624 624 basic
626 626 basic
627 627 basic
628 628 basic
629 629 basic
631 631 basic
632 632 basic
633 633 basic
636 636 basic
637 637 basic
638 638 basic
639 639 basic
640 640 basic
642 642 basic
643 643 basic
644 644 basic
646 646 basic
647 647 basic
648 648 basic
649 649 basic
650 650 basic
652 652 basic
653 653 basic
654 654 basic
657 657 basic
658 658 basic
659 659 basic
660 660 basic
661 661 basic
662 662 basic
663 663 basic
664 664 basic
665 665 basic
666 666 basic
667 667 basic
668 668 basic
669 669 basic
670 670 basic
671 671 basic
674 674 basic
675 675 basic
676 676 basic
677 677 basic
678 678 basic
679 679 basic
680 680 basic
681 681 basic
682 682 basic
683 683 basic
684 684 basic
687 687 basic
688 688 basic
691 691 basic
692 692 basic
693 693 basic
695 695 basic
696 696 basic
697 697 basic
698 698 basic
700 700 basic
701 701 basic
703 703 basic
705 705 basic
707 707 basic
708 708 basic
709 709 basic
710 710 basic
711 711 basic
712 712 basic
713 713 basic
714 714 basic
715 715 basic
716 716 basic
718 718 basic
719 719 basic
720 720 basic
721 721 basic
722 722 basic
723 723 basic
724 724 basic
725 725 basic
726 726 basic
727 727 basic
729 729 basic
731 731 basic
732 732 basic
733 733 basic
734 734 basic
735 735 basic
736 736 basic
738 738 basic
741 741 basic
742 742 basic
743 743 basic
745 745 basic
748 748 basic
749 749 basic
750 750 basic
751 751 basic
752 752 basic
753 753 basic
754 754 basic
755 755 basic
756 756 basic
757 757 basic
758 758 basic
760 760 basic
761 761 basic
762 762 basic
767 767 basic
769 769 basic
770 770 basic
771 771 basic
772 772 basic
773 773 basic
774 774 basic
776 776 basic
778 778 basic
779 779 basic
780 780 basic
781 781 basic
783 783 basic
785 785 basic
786 786 basic
787 787 basic
788 788 basic
789 789 basic
790 790 basic
791 791 basic
792 792 basic
793 793 basic
795 795 basic
797 797 basic
800 800 basic
803 803 basic
805 805 basic
806 806 basic
808 808 basic
809 809 basic
810 810 basic
811 811 basic
812 812 basic
813 813 basic
815 815 basic
817 817 basic
819 819 basic
820 820 basic
822 822 basic
824 824 basic
825 825 basic
826 826 basic
827 827 basic
829 829 basic
830 830 basic
832 832 basic
833 833 basic
834 834 basic
835 835 basic
836 836 basic
837 837 basic
838 838 basic
839 839 basic
840 840 basic
841 841 basic
842 842 basic
843 843 basic
844 844 basic
845 845 basic
846 846 basic
848 848 basic
849 849 basic
850 850 basic
851 851 basic
852 852 basic
853 853 basic
856 856 basic
858 858 basic
861 861 basic
863 863 basic
864 864 basic
865 865 basic
866 866 basic
867 867 basic
868 868 basic
869 869 basic
870 870 basic
871 871 basic
872 872 basic
873 873 basic
874 874 basic
875 875 basic
876 876 basic
877 877 basic
878 878 basic
880 880 basic
881 881 basic
882 882 basic
885 885 basic
886 886 basic
887 887 basic
888 888 basic
890 890 basic
891 891 basic
892 892 basic
893 893 basic
894 894 basic
897 897 basic
900 900 basic
902 902 basic
903 903 basic
904 904 basic
905 905 basic
906 906 basic
907 907 basic
908 908 basic
909 909 basic
910 910 basic
911 911 basic
912 912 basic
914 914 basic
915 915 basic
916 916 basic
917 917 basic
918 918 basic
919 919 basic
920 920 basic
922 922 basic
923 923 basic
924 924 basic
925 925 basic
926 926 basic
928 928 basic
929 929 basic
930 930 basic
931 931 basic
932 932 basic
933 933 basic
934 934 basic
935 935 basic
938 938 basic
939 939 basic
940 940 basic
941 941 basic
942 942 basic
943 943 basic
944 944 basic
945 945 basic
946 946 basic
947 947 basic
948 948 basic
949 949 basic
950 950 basic
951 951 basic
952 952 basic
953 953 basic
954 954 basic
955 955 basic
958 958 basic
959 959 basic
960 960 basic
961 961 basic
963 963 basic
965 965 basic
967 967 basic
968 968 basic
969 969 basic
970 970 basic
971 971 basic
972 972 basic
973 973 basic
974 974 basic
976 976 basic
978 978 basic
979 979 basic
980 980 basic
982 982 basic
983 983 basic
984 984 basic
986 986 basic
987 987 basic
988 988 basic
989 989 basic
990 990 basic
992 992 basic
993 993 basic
995 995 basic
996 996 basic
997 997 basic
998 998 basic
1000 1000 basic
1001 1001 basic
1003 1003 basic
1004 1004 basic
1005 1005 basic
1006 1006 basic
1007 1007 basic
1008 1008 basic
1009 1009 basic
1010 1010 basic
1012 1012 basic
1013 1013 basic
1014 1014 basic
1015 1015 basic
1016 1016 basic
1017 1017 basic
1018 1018 basic
1019 1019 basic
1020 1020 basic
1021 1021 basic
1022 1022 basic
1023 1023 basic
1024 1024 basic
1025 1025 basic
1026 1026 basic
1027 1027 basic
1028 1028 basic
1029 1029 basic
1030 1030 basic
1031 1031 basic
1033 1033 basic
1034 1034 basic
1035 1035 basic
1038 1038 basic
1039 1039 basic
1040 1040 basic
1041 1041 basic
1043 1043 basic
1044 1044 basic
1045 1045 basic
1046 1046 basic
1047 1047 basic
1048 1048 basic
1049 1049 basic
1050 1050 basic
1051 1051 basic
1052 1052 basic
1053 1053 basic
1056 1056 basic
1058 1058 basic
1059 1059 basic
1061 1061 basic
1062 1062 basic
1063 1063 basic
1064 1064 basic
1065 1065 basic
1066 1066 basic
1068 1068 basic
1069 1069 basic
1070 1070 basic
1071 1071 basic
1072 1072 basic
1073 1073 basic
1074 1074 basic
1075 1075 basic
1076 1076 basic
1077 1077 basic
1078 1078 basic
1079 1079 basic
1080 1080 basic
1081 1081 basic
1082 1082 basic
1083 1083 basic
1087 1087 basic
1088 1088 basic
1089 1089 basic
1090 1090 basic
1091 1091 basic
1092 1092 basic
1093 1093 basic
1094 1094 basic
1095 1095 basic
1096 1096 basic
1097 1097 basic
1098 1098 basic
1099 1099 basic
1100 1100 basic
1101 1101 basic
1102 1102 basic
1103 1103 basic
1104 1104 basic
1105 1105 basic
1106 1106 basic
1107 1107 basic
1108 1108 basic
1109 1109 basic
1110 1110 basic
1111 1111 basic
1112 1112 basic
1113 1113 basic
1114 1114 basic
1116 1116 basic
1117 1117 basic
1118 1118 basic
1119 1119 basic
1120 1120 basic
1121 1121 basic
1122 1122 basic
1123 1123 basic
1125 1125 basic
1126 1126 basic
1127 1127 basic
1128 1128 basic
1131 1131 basic
1132 1132 basic
1133 1133 basic
1135 1135 basic
1136 1136 basic
1137 1137 basic
1138 1138 basic
1139 1139 basic
1140 1140 basic
1141 1141 basic
1142 1142 basic
1143 1143 basic
1144 1144 basic
1145 1145 basic
1147 1147 basic
1148 1148 basic
1149 1149 basic
1151 1151 basic
1152 1152 basic
1154 1154 basic
1156 1156 basic
1159 1159 basic
1160 1160 basic
1161 1161 basic
1162 1162 basic
1163 1163 basic
1164 1164 basic
1166 1166 basic
1168 1168 basic
1169 1169 basic
1170 1170 basic
1172 1172 basic
1173 1173 basic
1174 1174 basic
1175 1175 basic
1176 1176 basic
1178 1178 basic
1179 1179 basic
1180 1180 basic
1181 1181 basic
1182 1182 basic
1183 1183 basic
1184 1184 basic
1185 1185 basic
1186 1186 basic
1187 1187 basic
1188 1188 basic
1190 1190 basic
1191 1191 basic
1193 1193 basic
1195 1195 basic
1196 1196 basic
1197 1197 basic
1198 1198 basic
1200 1200 basic
1201 1201 basic
1203 1203 basic
1204 1204 basic
1205 1205 basic
1206 1206 basic
1207 1207 basic
1208 1208 basic
1209 1209 basic
1211 1211 basic
1212 1212 basic
1213 1213 basic
1214 1214 basic
1215 1215 basic
1217 1217 basic
1218 1218 basic
1219 1219 basic
1220 1220 basic
1221 1221 basic
1222 1222 basic
1223 1223 basic
1224 1224 basic
1225 1225 basic
1227 1227 basic
1228 1228 basic
1229 1229 basic
1230 1230 basic
1231 1231 basic
1232 1232 basic
1234 1234 basic
1235 1235 basic
1236 1236 basic
1238 1238 basic
1241 1241 basic
1242 1242 basic
1244 1244 basic
1246 1246 basic
1247 1247 basic
1248 1248 basic
1250 1250 basic
1251 1251 basic
1252 1252 basic
1253 1253 basic
1254 1254 basic
1256 1256 basic
1257 1257 basic
1258 1258 basic
1259 1259 basic
1260 1260 basic
1263 1263 basic
1264 1264 basic
1265 1265 basic
1266 1266 basic
1267 1267 basic
1268 1268 basic
1269 1269 basic
1270 1270 basic
1271 1271 basic
1273 1273 basic
1274 1274 basic
1275 1275 basic
1276 1276 basic
1277 1277 basic
1278 1278 basic
1279 1279 basic
1280 1280 basic
1281 1281 basic
1282 1282 basic
1283 1283 basic
1285 1285 basic
1286 1286 basic
1287 1287 basic
1288 1288 basic
1289 1289 basic
1290 1290 basic
1291 1291 basic
1292 1292 basic
1293 1293 basic
1294 1294 basic
1295 1295 basic
1296 1296 basic
1297 1297 basic
1298 1298 basic
1299 1299 basic
1300 1300 basic
1301 1301 basic
1302 1302 basic
1304 1304 basic
1305 1305 basic
1306 1306 basic
1307 1307 basic
1309 1309 basic
1311 1311 basic
1314 1314 basic
1315 1315 basic
1316 1316 basic
1317 1317 basic
1318 1318 basic
1320 1320 basic
1321 1321 basic
1322 1322 basic
1323 1323 basic
1324 1324 basic
1325 1325 basic
1326 1326 basic
1329 1329 basic
1331 1331 basic
1335 1335 basic
1336 1336 basic
1337 1337 basic
1338 1338 basic
1339 1339 basic
1340 1340 basic
1343 1343 basic
1344 1344 basic
1345 1345 basic
1346 1346 basic
1347 1347 basic
1348 1348 basic
1349 1349 basic
1350 1350 basic
1351 1351 basic
1352 1352 basic
1353 1353 basic
1354 1354 basic
1355 1355 basic
1358 1358 basic
1361 1361 basic
1362 1362 basic
1363 1363 basic
1364 1364 basic
1365 1365 basic
1366 1366 basic
1367 1367 basic
1369 1369 basic
1370 1370 basic
1371 1371 basic
1373 1373 basic
1375 1375 basic
1377 1377 basic
1378 1378 basic
1380 1380 basic
1382 1382 basic
1383 1383 basic
1384 1384 basic
1385 1385 basic
1386 1386 basic
1387 1387 basic
1388 1388 basic
1389 1389 basic
1390 1390 basic
1391 1391 basic
1392 1392 basic
1394 1394 basic
1395 1395 basic
1396 1396 basic
1397 1397 basic
1399 1399 basic
1400 1400 basic
1401 1401 basic
1402 1402 basic
1403 1403 basic
1404 1404 basic
1405 1405 basic
1406 1406 basic
1407 1407 basic
1408 1408 basic
1409 1409 basic
1412 1412 basic
1414 1414 basic
1416 1416 basic
1418 1418 basic
1419 1419 basic
1421 1421 basic
1422 1422 basic
1423 1423 basic
1424 1424 basic
1425 1425 basic
1426 1426 basic
1428 1428 basic
1429 1429 basic
1430 1430 basic
1431 1431 basic
1432 1432 basic
1433 1433 basic
1434 1434 basic
1436 1436 basic
1437 1437 basic
1438 1438 basic
1439 1439 basic
1440 1440 basic
1441 1441 basic
1442 1442 basic
1443 1443 basic
1444 1444 basic
1445 1445 basic
1446 1446 basic
1447 1447 basic
1448 1448 basic
1449 1449 basic
1450 1450 basic
1451 1451 basic
1452 1452 basic
1453 1453 basic
1454 1454 basic
1455 1455 basic
1456 1456 basic
1458 1458 basic
1460 1460 basic
1461 1461 basic
1462 1462 basic
1463 1463 basic
1465 1465 basic
1467 1467 basic
1468 1468 basic
1469 1469 basic
1470 1470 basic
1471 1471 basic
1472 1472 basic
1473 1473 basic
1474 1474 basic
1475 1475 basic
1477 1477 basic
1478 1478 basic
1480 1480 basic
1481 1481 basic
1482 1482 basic
1483 1483 basic
1484 1484 basic
1485 1485 basic
1488 1488 basic
1489 1489 basic
1490 1490 basic
1491 1491 basic
1493 1493 basic
1494 1494 basic
1495 1495 basic
1496 1496 basic
1497 1497 basic
1498 1498 basic
1500 1500 basic
1501 1501 basic
1502 1502 basic
1503 1503 basic
1506 1506 basic
1507 1507 basic
1508 1508 basic
1509 1509 basic
1510 1510 basic
1511 1511 basic
1512 1512 basic
1513 1513 basic
1514 1514 basic
1515 1515 basic
1516 1516 basic
1517 1517 basic
1518 1518 basic
1519 1519 basic
1520 1520 basic
1521 1521 basic
1523 1523 basic
1524 1524 basic
1525 1525 basic
1526 1526 basic
1527 1527 basic
1528 1528 basic
1530 1530 basic
1532 1532 basic
1533 1533 basic
1534 1534 basic
1536 1536 basic
1537 1537 basic
1538 1538 basic
1539 1539 basic
1540 1540 basic
1542 1542 basic
1543 1543 basic
1545 1545 basic
1547 1547 basic
1548 1548 basic
1551 1551 basic
1552 1552 basic
1553 1553 basic
1554 1554 basic
1555 1555 basic
1556 1556 basic
1557 1557 basic
1558 1558 basic
1559 1559 basic
1560 1560 basic
1561 1561 basic
1564 1564 basic
1565 1565 basic
1566 1566 basic
1567 1567 basic
1568 1568 basic
1569 1569 basic
1571 1571 basic
1572 1572 basic
1573 1573 basic
1574 1574 basic
1575 1575 basic
1577 1577 basic
1578 1578 basic
1580 1580 basic
1581 1581 basic
1582 1582 basic
1583 1583 basic
1585 1585 basic
1586 1586 basic
1587 1587 basic
1588 1588 basic
1590 1590 basic
1591 1591 basic
1592 1592 basic
1593 1593 basic
1594 1594 basic
1595 1595 basic
1596 1596 basic
1597 1597 basic
1598 1598 basic
1599 1599 basic
1600 1600 basic
1601 1601 basic
1602 1602 basic
1603 1603 basic
1604 1604 basic
1605 1605 basic
1606 1606 basic
1608 1608 basic
1609 1609 basic
1610 1610 basic
1611 1611 basic
1613 1613 basic
1614 1614 basic
1615 1615 basic
1617 1617 basic
1618 1618 basic
1619 1619 basic
1620 1620 basic
1621 1621 basic
1622 1622 basic
1623 1623 basic
1624 1624 basic
1625 1625 basic
1627 1627 basic
1628 1628 basic
1629 1629 basic
1630 1630 basic
1632 1632 basic
1633 1633 basic
1634 1634 basic
1635 1635 basic
1637 1637 basic
1638 1638 basic
1639 1639 basic
1640 1640 basic
1641 1641 basic
1642 1642 basic
1643 1643 basic
1644 1644 basic
1645 1645 basic
1646 1646 basic
1647 1647 basic
1649 1649 basic
1650 1650 basic
1651 1651 basic
1653 1653 basic
1656 1656 basic
1657 1657 basic
1658 1658 basic
1659 1659 basic
1660 1660 basic
1661 1661 basic
1662 1662 basic
1663 1663 basic
1664 1664 basic
1665 1665 basic
1666 1666 basic
1667 1667 basic
1668 1668 basic
1670 1670 basic
1671 1671 basic
1672 1672 basic
1673 1673 basic
1674 1674 basic
1675 1675 basic
1676 1676 basic
1677 1677 basic
1679 1679 basic
1680 1680 basic
1681 1681 basic
1683 1683 basic
1684 1684 basic
1687 1687 basic
1688 1688 basic
1689 1689 basic
1690 1690 basic
1691 1691 basic
1692 1692 basic
1693 1693 basic
1694 1694 basic
1695 1695 basic
1696 1696 basic
1697 1697 basic
1698 1698 basic
1699 1699 basic
1700 1700 basic
1701 1701 basic
1703 1703 basic
1704 1704 basic
1706 1706 basic
1707 1707 basic
1709 1709 basic
1710 1710 basic
1711 1711 basic
1712 1712 basic
1714 1714 basic
1715 1715 basic
1716 1716 basic
1717 1717 basic
1718 1718 basic
1719 1719 basic
1720 1720 basic
1721 1721 basic
1722 1722 basic
1724 1724 basic
1725 1725 basic
1727 1727 basic
1728 1728 basic
1729 1729 basic
1731 1731 basic
1733 1733 basic
1734 1734 basic
1735 1735 basic
1736 1736 basic
1737 1737 basic
1738 1738 basic
1739 1739 basic
1740 1740 basic
1741 1741 basic
1742 1742 basic
1743 1743 basic
1744 1744 basic
1745 1745 basic
1747 1747 basic
1748 1748 basic
1749 1749 basic
1750 1750 basic
1751 1751 basic
1752 1752 basic
1753 1753 basic
1756 1756 basic
1757 1757 basic
1759 1759 basic
1760 1760 basic
1761 1761 basic
1762 1762 basic
1763 1763 basic
1764 1764 basic
1765 1765 basic
1766 1766 basic
1767 1767 basic
1768 1768 basic
1772 1772 basic
1774 1774 basic
1775 1775 basic
1776 1776 basic
1778 1778 basic
1779 1779 basic
1780 1780 basic
1781 1781 basic
1782 1782 basic
1783 1783 basic
1785 1785 basic
1786 1786 basic
1787 1787 basic
1788 1788 basic
1789 1789 basic
1790 1790 basic
1791 1791 basic
1797 1797 basic
1800 1800 basic
1801 1801 basic
1802 1802 basic
1803 1803 basic
1804 1804 basic
1805 1805 basic
1806 1806 basic
1807 1807 basic
1810 1810 basic
1811 1811 basic
1812 1812 basic
1813 1813 basic
1814 1814 basic
1816 1816 basic
1817 1817 basic
1818 1818 basic
1819 1819 basic
1821 1821 basic
1823 1823 basic
1824 1824 basic
1825 1825 basic
1826 1826 basic
1827 1827 basic
1828 1828 basic
1829 1829 basic
1830 1830 basic
1831 1831 basic
1834 1834 basic
1836 1836 basic
1837 1837 basic
1838 1838 basic
1839 1839 basic
1841 1841 basic
1842 1842 basic
1843 1843 basic
1844 1844 basic
1846 1846 basic
1847 1847 basic
1848 1848 basic
1849 1849 basic
1850 1850 basic
1851 1851 basic
1852 1852 basic
1853 1853 basic
1858 1858 basic
1859 1859 basic
1860 1860 basic
1862 1862 basic
1863 1863 basic
1864 1864 basic
1865 1865 basic
1866 1866 basic
1867 1867 basic
1869 1869 basic
1870 1870 basic
1871 1871 basic
1872 1872 basic
1874 1874 basic
1875 1875 basic
1876 1876 basic
1877 1877 basic
1878 1878 basic
1880 1880 basic
1881 1881 basic
1882 1882 basic
1883 1883 basic
1884 1884 basic
1885 1885 basic
1886 1886 basic
1887 1887 basic
1889 1889 basic
1892 1892 basic
1893 1893 basic
1894 1894 basic
1896 1896 basic
1897 1897 basic
1899 1899 basic
1900 1900 basic
1901 1901 basic
1902 1902 basic
1903 1903 basic
1906 1906 basic
1907 1907 basic
1909 1909 basic
1911 1911 basic
1912 1912 basic
1913 1913 basic
1914 1914 basic
1915 1915 basic
1916 1916 basic
1917 1917 basic
1918 1918 basic
1919 1919 basic
1921 1921 basic
1922 1922 basic
1923 1923 basic
1924 1924 basic
1925 1925 basic
1928 1928 basic
1929 1929 basic
1930 1930 basic
1932 1932 basic
1933 1933 basic
1934 1934 basic
1935 1935 basic
1936 1936 basic
1937 1937 basic
1938 1938 basic
1939 1939 basic
1941 1941 basic
1942 1942 basic
1943 1943 basic
1944 1944 basic
1945 1945 basic
1946 1946 basic
1948 1948 basic
1949 1949 basic
1950 1950 basic
1952 1952 basic
1953 1953 basic
1954 1954 basic
1955 1955 basic
1956 1956 basic
1957 1957 basic
1958 1958 basic
1959 1959 basic
1960 1960 basic
1961 1961 basic
1962 1962 basic
1963 1963 basic
1966 1966 basic
1967 1967 basic
1970 1970 basic
1971 1971 basic
1972 1972 basic
1973 1973 basic
1974 1974 basic
1975 1975 basic
1977 1977 basic
1978 1978 basic
1980 1980 basic
1981 1981 basic
1982 1982 basic
1983 1983 basic
1984 1984 basic
1986 1986 basic
1987 1987 basic
1988 1988 basic
1989 1989 basic
1990 1990 basic
1991 1991 basic
1992 1992 basic
1993 1993 basic
1994 1994 basic
1996 1996 basic
1997 1997 basic
1998 1998 basic
1999 1999 basic
2000 2000 basic
2004 2004 basic
2005 2005 basic
2006 2006 basic
2007 2007 basic
2008 2008 basic
2009 2009 basic
2010 2010 basic
2011 2011 basic
2012 2012 basic
2013 2013 basic
2014 2014 basic
2017 2017 basic
2018 2018 basic
2019 2019 basic
2020 2020 basic
2022 2022 basic
2023 2023 basic
2024 2024 basic
2025 2025 basic
2026 2026 basic
2027 2027 basic
2028 2028 basic
2030 2030 basic
2031 2031 basic
2032 2032 basic
2033 2033 basic
2034 2034 basic
2035 2035 basic
2036 2036 basic
2037 2037 basic
2039 2039 basic
2040 2040 basic
2041 2041 basic
2042 2042 basic
2044 2044 basic
2046 2046 basic
2047 2047 basic
2048 2048 basic
2049 2049 basic
2051 2051 basic
2052 2052 basic
2053 2053 basic
2054 2054 basic
2055 2055 basic
2056 2056 basic
2057 2057 basic
2058 2058 basic
2059 2059 basic
2060 2060 basic
2061 2061 basic
2063 2063 basic
2064 2064 basic
2065 2065 basic
2066 2066 basic
2067 2067 basic
2068 2068 basic
2069 2069 basic
2071 2071 basic
2072 2072 basic
2074 2074 basic
2075 2075 basic
2076 2076 basic
2077 2077 basic
2079 2079 basic
2081 2081 basic
2083 2083 basic
2085 2085 basic
2086 2086 basic
2087 2087 basic
2088 2088 basic
2089 2089 basic
2091 2091 basic
2092 2092 basic
2093 2093 basic
2094 2094 basic
2095 2095 basic
2096 2096 basic
2098 2098 basic
2100 2100 basic
2103 2103 basic
2104 2104 basic
2105 2105 basic
2107 2107 basic
2109 2109 basic
2112 2112 basic
2113 2113 basic
2114 2114 basic
2115 2115 basic
2116 2116 basic
2117 2117 basic
2119 2119 basic
2120 2120 basic
2121 2121 basic
2122 2122 basic
2124 2124 basic
2125 2125 basic
2126 2126 basic
2127 2127 basic
2128 2128 basic
2129 2129 basic
2130 2130 basic
2131 2131 basic
2133 2133 basic
2134 2134 basic
2136 2136 basic
2137 2137 basic
2139 2139 basic
2140 2140 basic
2141 2141 basic
2142 2142 basic
2143 2143 basic
2146 2146 basic
2147 2147 basic
2148 2148 basic
2149 2149 basic
2150 2150 basic
2151 2151 basic
2152 2152 basic
2153 2153 basic
2154 2154 basic
2157 2157 basic
2158 2158 basic
2159 2159 basic
2160 2160 basic
2161 2161 basic
2162 2162 basic
2164 2164 basic
2165 2165 basic
2166 2166 basic
2167 2167 basic
2168 2168 basic
2169 2169 basic
2170 2170 basic
2171 2171 basic
2172 2172 basic
2173 2173 basic
2174 2174 basic
2176 2176 basic
2177 2177 basic
2178 2178 basic
2180 2180 basic
2181 2181 basic
2183 2183 basic
2185 2185 basic
2186 2186 basic
2187 2187 basic
2188 2188 basic
2189 2189 basic
2190 2190 basic
2191 2191 basic
2193 2193 basic
2195 2195 basic
2197 2197 basic
2198 2198 basic
2199 2199 basic
2201 2201 basic
2202 2202 basic
2203 2203 basic
2204 2204 basic
2205 2205 basic
2207 2207 basic
2210 2210 basic
2211 2211 basic
2214 2214 basic
2216 2216 basic
2217 2217 basic
2221 2221 basic
2223 2223 basic
2224 2224 basic
2226 2226 basic
2228 2228 basic
2229 2229 basic
2232 2232 basic
2233 2233 basic
2235 2235 basic
2236 2236 basic
2237 2237 basic
2238 2238 basic
2239 2239 basic
2241 2241 basic
2242 2242 basic
2243 2243 basic
2246 2246 basic
2247 2247 basic
2248 2248 basic
2249 2249 basic
2250 2250 basic
2251 2251 basic
2252 2252 basic
2253 2253 basic
2254 2254 basic
2255 2255 basic
2256 2256 basic
2257 2257 basic
2258 2258 basic
2259 2259 basic
2262 2262 basic
2263 2263 basic
2267 2267 basic
2269 2269 basic
2271 2271 basic
2272 2272 basic
2273 2273 basic
2274 2274 basic
2275 2275 basic
2276 2276 basic
2277 2277 basic
2279 2279 basic
2280 2280 basic
2281 2281 basic
2282 2282 basic
2283 2283 basic
2285 2285 basic
2286 2286 basic
2287 2287 basic
2288 2288 basic
2290 2290 basic
2291 2291 basic
2292 2292 basic
2293 2293 basic
2294 2294 basic
2296 2296 basic
2297 2297 basic
2298 2298 basic
2299 2299 basic
2301 2301 basic
2302 2302 basic
2304 2304 basic
2306 2306 basic
2307 2307 basic
2308 2308 basic
2309 2309 basic
2311 2311 basic
2313 2313 basic
2315 2315 basic
2316 2316 basic
2317 2317 basic
2318 2318 basic
2319 2319 basic
2320 2320 basic
2321 2321 basic
2322 2322 basic
2323 2323 basic
2324 2324 basic
2325 2325 basic
2327 2327 basic
2329 2329 basic
2330 2330 basic
2331 2331 basic
2332 2332 basic
2334 2334 basic
2336 2336 basic
2337 2337 basic
2338 2338 basic
2339 2339 basic
2341 2341 basic
2342 2342 basic
2345 2345 basic
2346 2346 basic
2347 2347 basic
2348 2348 basic
2349 2349 basic
2350 2350 basic
2351 2351 basic
2353 2353 basic
2354 2354 basic
2355 2355 basic
2356 2356 basic
2357 2357 basic
2359 2359 basic
2360 2360 basic
2361 2361 basic
2362 2362 basic
2365 2365 basic
2371 2371 basic
2372 2372 basic
2373 2373 basic
2374 2374 basic
2375 2375 basic
2376 2376 basic
2377 2377 basic
2378 2378 basic
2382 2382 basic
2383 2383 basic
2385 2385 basic
2386 2386 basic
2387 2387 basic
2388 2388 basic
2389 2389 basic
2390 2390 basic
2391 2391 basic
2392 2392 basic
2393 2393 basic
2395 2395 basic
2396 2396 basic
2397 2397 basic
2399 2399 basic
2400 2400 basic
2401 2401 basic
2402 2402 basic
2403 2403 basic
2404 2404 basic
2406 2406 basic
2407 2407 basic
2408 2408 basic
2409 2409 basic
2410 2410 basic
2411 2411 basic
2412 2412 basic
2413 2413 basic
2415 2415 basic
2416 2416 basic
2417 2417 basic
2418 2418 basic
2419 2419 basic
2421 2421 basic
2422 2422 basic
2423 2423 basic
2424 2424 basic
2427 2427 basic
2431 2431 basic
2432 2432 basic
2433 2433 basic
2434 2434 basic
2435 2435 basic
2437 2437 basic
2438 2438 basic
2441 2441 basic
2442 2442 basic
2444 2444 basic
2445 2445 basic
2447 2447 basic
2449 2449 basic
2450 2450 basic
2451 2451 basic
2452 2452 basic
2453 2453 basic
2454 2454 basic
2455 2455 basic
2456 2456 basic
2457 2457 basic
2459 2459 basic
2462 2462 basic
2463 2463 basic
2464 2464 basic
2465 2465 basic
2466 2466 basic
2467 2467 basic
2468 2468 basic
2469 2469 basic
2470 2470 basic
2471 2471 basic
2472 2472 basic
2473 2473 basic
2475 2475 basic
2476 2476 basic
2477 2477 basic
2478 2478 basic
2479 2479 basic
2481 2481 basic
2482 2482 basic
2483 2483 basic
2484 2484 basic
2485 2485 basic
2486 2486 basic
2487 2487 basic
2488 2488 basic
2489 2489 basic
2490 2490 basic
2491 2491 basic
2492 2492 basic
2493 2493 basic
2497 2497 basic
2498 2498 basic
2499 2499 basic
2500 2500 basic
2501 2501 basic
2502 2502 basic
2503 2503 basic
2504 2504 basic
2505 2505 basic
2506 2506 basic
2507 2507 basic
2508 2508 basic
2509 2509 basic
2510 2510 basic
2511 2511 basic
2512 2512 basic
2513 2513 basic
2514 2514 basic
2515 2515 basic
2516 2516 basic
2517 2517 basic
2518 2518 basic
2519 2519 basic
2520 2520 basic
2521 2521 basic
2524 2524 basic
2525 2525 basic
2526 2526 basic
2528 2528 basic
2530 2530 basic
2532 2532 basic
2533 2533 basic
2534 2534 basic
2535 2535 basic
2536 2536 basic
2537 2537 basic
2538 2538 basic
2539 2539 basic
2540 2540 basic
2541 2541 basic
2542 2542 basic
2543 2543 basic
2544 2544 basic
2545 2545 basic
2547 2547 basic
2548 2548 basic
2549 2549 basic
2550 2550 basic
2551 2551 basic
2553 2553 basic
2554 2554 basic
2556 2556 basic
2557 2557 basic
2558 2558 basic
2559 2559 basic
2561 2561 basic
2562 2562 basic
2563 2563 basic
2564 2564 basic
2565 2565 basic
2569 2569 basic
2570 2570 basic
2571 2571 basic
2572 2572 basic
2573 2573 basic
2574 2574 basic
2577 2577 basic
2579 2579 basic
2580 2580 basic
2581 2581 basic
2582 2582 basic
2583 2583 basic
2584 2584 basic
2585 2585 basic
2587 2587 basic
2588 2588 basic
2589 2589 basic
2590 2590 basic
2591 2591 basic
2592 2592 basic
2593 2593 basic
2594 2594 basic
2595 2595 basic
2596 2596 basic
2597 2597 basic
2599 2599 basic
2600 2600 basic
2603 2603 basic
2604 2604 basic
2605 2605 basic
2607 2607 basic
2608 2608 basic
2609 2609 basic
2610 2610 basic
2611 2611 basic
2612 2612 basic
2613 2613 basic
2614 2614 basic
2615 2615 basic
2618 2618 basic
2619 2619 basic
2621 2621 basic
2622 2622 basic
2623 2623 basic
2624 2624 basic
2625 2625 basic
2626 2626 basic
2627 2627 basic
2628 2628 basic
2629 2629 basic
2630 2630 basic
2631 2631 basic
2632 2632 basic
2633 2633 basic
2634 2634 basic
2635 2635 basic
2636 2636 basic
2637 2637 basic
2639 2639 basic
2640 2640 basic
2641 2641 basic
2642 2642 basic
2644 2644 basic
2645 2645 basic
2646 2646 basic
2647 2647 basic
2648 2648 basic
2649 2649 basic
2650 2650 basic
2651 2651 basic
2653 2653 basic
2654 2654 basic
2655 2655 basic
2656 2656 basic
2657 2657 basic
2658 2658 basic
2659 2659 basic
2660 2660 basic
2661 2661 basic
2662 2662 basic
2663 2663 basic
2664 2664 basic
2665 2665 basic
2666 2666 basic
2667 2667 basic
2668 2668 basic
2669 2669 basic
2670 2670 basic
2671 2671 basic
2672 2672 basic
2674 2674 basic
2675 2675 basic
2676 2676 basic
2677 2677 basic
2678 2678 basic
2682 2682 basic
2683 2683 basic
2684 2684 basic
2685 2685 basic
2686 2686 basic
2689 2689 basic
2691 2691 basic
2692 2692 basic
2694 2694 basic
2695 2695 basic
2696 2696 basic
2697 2697 basic
2698 2698 basic
2699 2699 basic
2700 2700 basic
2701 2701 basic
2702 2702 basic
2703 2703 basic
2704 2704 basic
2705 2705 basic
2706 2706 basic
2707 2707 basic
2708 2708 basic
2711 2711 basic
2712 2712 basic
2713 2713 basic
2714 2714 basic
2716 2716 basic
2717 2717 basic
2718 2718 basic
2719 2719 basic
2720 2720 basic
2722 2722 basic
2724 2724 basic
2725 2725 basic
2727 2727 basic
2728 2728 basic
2729 2729 basic
2731 2731 basic
2732 2732 basic
2733 2733 basic
2734 2734 basic
2735 2735 basic
2736 2736 basic
2738 2738 basic
2740 2740 basic
2741 2741 basic
2742 2742 basic
2743 2743 basic
2744 2744 basic
2745 2745 basic
2746 2746 basic
2747 2747 basic
2748 2748 basic
2749 2749 basic
2750 2750 basic
2752 2752 basic
2753 2753 basic
2754 2754 basic
2755 2755 basic
2757 2757 basic
2759 2759 basic
2760 2760 basic
2761 2761 basic
2763 2763 basic
2765 2765 basic
2766 2766 basic
2769 2769 basic
2770 2770 basic
2771 2771 basic
2772 2772 basic
2773 2773 basic
2774 2774 basic
2775 2775 basic
2776 2776 basic
2777 2777 basic
2778 2778 basic
2780 2780 basic
2781 2781 basic
2782 2782 basic
2783 2783 basic
2784 2784 basic
2785 2785 basic
2786 2786 basic
2789 2789 basic
2790 2790 basic
2791 2791 basic
2792 2792 basic
2793 2793 basic
2794 2794 basic
2795 2795 basic
2796 2796 basic
2797 2797 basic
2798 2798 basic
2800 2800 basic
2801 2801 basic
2803 2803 basic
2804 2804 basic
2805 2805 basic
2806 2806 basic
2808 2808 basic
2809 2809 basic
2810 2810 basic
2811 2811 basic
2812 2812 basic
2813 2813 basic
2814 2814 basic
2815 2815 basic
2817 2817 basic
2818 2818 basic
2820 2820 basic
2821 2821 basic
2822 2822 basic
2823 2823 basic
2825 2825 basic
2826 2826 basic
2827 2827 basic
2828 2828 basic
2829 2829 basic
2830 2830 basic
2831 2831 basic
2832 2832 basic
2833 2833 basic
2834 2834 basic
2835 2835 basic
2836 2836 basic
2837 2837 basic
2838 2838 basic
2839 2839 basic
2840 2840 basic
2841 2841 basic
2842 2842 basic
2843 2843 basic
2844 2844 basic
2845 2845 basic
2848 2848 basic
2849 2849 basic
2850 2850 basic
2851 2851 basic
2852 2852 basic
2853 2853 basic
2854 2854 basic
2855 2855 basic
2856 2856 basic
2857 2857 basic
2858 2858 basic
2860 2860 basic
2861 2861 basic
2862 2862 basic
2863 2863 basic
2865 2865 basic
2866 2866 basic
2867 2867 basic
2868 2868 basic
2869 2869 basic
2870 2870 basic
2871 2871 basic
2872 2872 basic
2873 2873 basic
2874 2874 basic
2875 2875 basic
2877 2877 basic
2878 2878 basic
2880 2880 basic
2881 2881 basic
2882 2882 basic
2883 2883 basic
2886 2886 basic
2889 2889 basic
2892 2892 basic
2893 2893 basic
2894 2894 basic
2895 2895 basic
2896 2896 basic
2897 2897 basic
2898 2898 basic
2899 2899 basic
2900 2900 basic
2901 2901 basic
2902 2902 basic
2903 2903 basic
2904 2904 basic
2905 2905 basic
2906 2906 basic
2907 2907 basic
2910 2910 basic
2911 2911 basic
2912 2912 basic
2913 2913 basic
2914 2914 basic
2915 2915 basic
2916 2916 basic
2917 2917 basic
2918 2918 basic
2919 2919 basic
2920 2920 basic
2921 2921 basic
2922 2922 basic
2923 2923 basic
2924 2924 basic
2925 2925 basic
2927 2927 basic
2929 2929 basic
2930 2930 basic
2931 2931 basic
2932 2932 basic
2933 2933 basic
2934 2934 basic
2935 2935 basic
2936 2936 basic
2937 2937 basic
2939 2939 basic
2940 2940 basic
2941 2941 basic
2944 2944 basic
2945 2945 basic
2950 2950 basic
2951 2951 basic
2953 2953 basic
2954 2954 basic
2955 2955 basic
2956 2956 basic
2957 2957 basic
2958 2958 basic
2959 2959 basic
2960 2960 basic
2961 2961 basic
2964 2964 basic
2965 2965 basic
2966 2966 basic
2967 2967 basic
2968 2968 basic
2969 2969 basic
2970 2970 basic
2971 2971 basic
2972 2972 basic
2973 2973 basic
2975 2975 basic
2976 2976 basic
2977 2977 basic
2978 2978 basic
2980 2980 basic
2982 2982 basic
2983 2983 basic
2984 2984 basic
2985 2985 basic
2986 2986 basic
2988 2988 basic
2990 2990 basic
2991 2991 basic
2992 2992 basic
2993 2993 basic
2994 2994 basic
2995 2995 basic
2996 2996 basic
2997 2997 basic
2998 2998 basic
2999 2999 basic
3001 3001 basic
3002 3002 basic
3004 3004 basic
3005 3005 basic
3006 3006 basic
3007 3007 basic
3008 3008 basic
3009 3009 basic
3010 3010 basic
3011 3011 basic
3012 3012 basic
3013 3013 basic
3015 3015 basic
3016 3016 basic
3018 3018 basic
3019 3019 basic
3021 3021 basic
3022 3022 basic
3023 3023 basic
3024 3024 basic
3025 3025 basic
3026 3026 basic
3028 3028 basic
3029 3029 basic
3031 3031 basic
3032 3032 basic
3033 3033 basic
3035 3035 basic
3036 3036 basic
3037 3037 basic
3039 3039 basic
3040 3040 basic
3041 3041 basic
3042 3042 basic
3044 3044 basic
3046 3046 basic
3047 3047 basic
3048 3048 basic
3049 3049 basic
3050 3050 basic
3051 3051 basic
3052 3052 basic
3053 3053 basic
3054 3054 basic
3055 3055 basic
3056 3056 basic
3057 3057 basic
3058 3058 basic
3060 3060 basic
3061 3061 basic
3062 3062 basic
3063 3063 basic
3064 3064 basic
3066 3066 basic
3068 3068 basic
3069 3069 basic
3072 3072 basic
3073 3073 basic
3074 3074 basic
3075 3075 basic
3076 3076 basic
3077 3077 basic
3078 3078 basic
3079 3079 basic
3080 3080 basic
3081 3081 basic
3082 3082 basic
3085 3085 basic
3086 3086 basic
3087 3087 basic
3089 3089 basic
3090 3090 basic
3091 3091 basic
3092 3092 basic
3095 3095 basic
3096 3096 basic
3098 3098 basic
3099 3099 basic
3100 3100 basic
3101 3101 basic
3104 3104 basic
3105 3105 basic
3106 3106 basic
3107 3107 basic
3108 3108 basic
3109 3109 basic
3110 3110 basic
3111 3111 basic
3112 3112 basic
3113 3113 basic
3115 3115 basic
3116 3116 basic
3117 3117 basic
3118 3118 basic
3119 3119 basic
3120 3120 basic
3121 3121 basic
3122 3122 basic
3124 3124 basic
3126 3126 basic
3127 3127 basic
3128 3128 basic
3131 3131 basic
3132 3132 basic
3133 3133 basic
3134 3134 basic
3136 3136 basic
3137 3137 basic
3138 3138 basic
3139 3139 basic
3140 3140 basic
3141 3141 basic
3143 3143 basic
3144 3144 basic
3145 3145 basic
3147 3147 basic
3150 3150 basic
3151 3151 basic
3152 3152 basic
3155 3155 basic
3156 3156 basic
3157 3157 basic
3158 3158 basic
3159 3159 basic
3161 3161 basic
3162 3162 basic
3163 3163 basic
3164 3164 basic
3165 3165 basic
3166 3166 basic
3168 3168 basic
3170 3170 basic
3171 3171 basic
3172 3172 basic
3173 3173 basic
3174 3174 basic
3175 3175 basic
3176 3176 basic
3177 3177 basic
3178 3178 basic
3179 3179 basic
3180 3180 basic
3182 3182 basic
3183 3183 basic
3184 3184 basic
3185 3185 basic
3187 3187 basic
3188 3188 basic
3189 3189 basic
3190 3190 basic
3191 3191 basic
3192 3192 basic
3193 3193 basic
3194 3194 basic
3195 3195 basic
3196 3196 basic
3197 3197 basic
3198 3198 basic
3199 3199 basic
3201 3201 basic
3202 3202 basic
3203 3203 basic
3204 3204 basic
3205 3205 basic
3206 3206 basic
3207 3207 basic
3208 3208 basic
3209 3209 basic
3210 3210 basic
3211 3211 basic
3212 3212 basic
3214 3214 basic
3216 3216 basic
3217 3217 basic
3219 3219 basic
3221 3221 basic
3222 3222 basic
3223 3223 basic
3224 3224 basic
3225 3225 basic
3226 3226 basic
3227 3227 basic
3228 3228 basic
3229 3229 basic
3230 3230 basic
3231 3231 basic
3232 3232 basic
3234 3234 basic
3235 3235 basic
3236 3236 basic
3237 3237 basic
3238 3238 basic
3241 3241 basic
3242 3242 basic
3243 3243 basic
3244 3244 basic
3247 3247 basic
3248 3248 basic
3249 3249 basic
3251 3251 basic
3252 3252 basic
3253 3253 basic
3254 3254 basic
3255 3255 basic
3257 3257 basic
3258 3258 basic
3259 3259 basic
3260 3260 basic
3261 3261 basic
3263 3263 basic
3264 3264 basic
3265 3265 basic
3266 3266 basic
3267 3267 basic
3268 3268 basic
3269 3269 basic
3270 3270 basic
3271 3271 basic
3273 3273 basic
3274 3274 basic
3275 3275 basic
3276 3276 basic
3278 3278 basic
3279 3279 basic
3280 3280 basic
3281 3281 basic
3282 3282 basic
3283 3283 basic
3284 3284 basic
3285 3285 basic
3286 3286 basic
3287 3287 basic
3288 3288 basic
3290 3290 basic
3291 3291 basic
3292 3292 basic
3293 3293 basic
3294 3294 basic
3295 3295 basic
3296 3296 basic
3297 3297 basic
3298 3298 basic
3299 3299 basic
3300 3300 basic
3301 3301 basic
3302 3302 basic
3303 3303 basic
3304 3304 basic
3306 3306 basic
3307 3307 basic
3308 3308 basic
3309 3309 basic
3310 3310 basic
3312 3312 basic
3313 3313 basic
3314 3314 basic
3315 3315 basic
3316 3316 basic
3317 3317 basic
3318 3318 basic
3319 3319 basic
3320 3320 basic
3321 3321 basic
3322 3322 basic
3323 3323 basic
3324 3324 basic
3326 3326 basic
3327 3327 basic
3328 3328 basic
3330 3330 basic
3331 3331 basic
3332 3332 basic
3334 3334 basic
3335 3335 basic
3336 3336 basic
3337 3337 basic
3339 3339 basic
3340 3340 basic
3341 3341 basic
3342 3342 basic
3343 3343 basic
3344 3344 basic
3345 3345 basic
3346 3346 basic
3347 3347 basic
3348 3348 basic
3349 3349 basic
3350 3350 basic
3352 3352 basic
3353 3353 basic
3354 3354 basic
3355 3355 basic
3356 3356 basic
3357 3357 basic
3358 3358 basic
3359 3359 basic
3360 3360 basic
3361 3361 basic
3363 3363 basic
3364 3364 basic
3365 3365 basic
3366 3366 basic
3367 3367 basic
3368 3368 basic
3369 3369 basic
3370 3370 basic
3373 3373 basic
3374 3374 basic
3375 3375 basic
3376 3376 basic
3377 3377 basic
3378 3378 basic
3380 3380 basic
3381 3381 basic
3382 3382 basic
3384 3384 basic
3385 3385 basic
3387 3387 basic
3388 3388 basic
3389 3389 basic
3390 3390 basic
3391 3391 basic
3392 3392 basic
3393 3393 basic
3394 3394 basic
3396 3396 basic
3398 3398 basic
3399 3399 basic
3401 3401 basic
3402 3402 basic
3403 3403 basic
3404 3404 basic
3405 3405 basic
3406 3406 basic
3407 3407 basic
3408 3408 basic
3409 3409 basic
3410 3410 basic
3411 3411 basic
3412 3412 basic
3413 3413 basic
3414 3414 basic
3415 3415 basic
3416 3416 basic
3418 3418 basic
3420 3420 basic
3421 3421 basic
3422 3422 basic
3423 3423 basic
3425 3425 basic
3426 3426 basic
3427 3427 basic
3428 3428 basic
3431 3431 basic
3432 3432 basic
3433 3433 basic
3435 3435 basic
3436 3436 basic
3437 3437 basic
3438 3438 basic
3439 3439 basic
3440 3440 basic
3441 3441 basic
3442 3442 basic
3443 3443 basic
3445 3445 basic
3446 3446 basic
3447 3447 basic
3448 3448 basic
3449 3449 basic
3450 3450 basic
3451 3451 basic
3453 3453 basic
3455 3455 basic
3457 3457 basic
3458 3458 basic
3459 3459 basic
3460 3460 basic
3461 3461 basic
3462 3462 basic
3463 3463 basic
3464 3464 basic
3465 3465 basic
3466 3466 basic
3467 3467 basic
3468 3468 basic
3470 3470 basic
3471 3471 basic
3472 3472 basic
3474 3474 basic
3475 3475 basic
3477 3477 basic
3478 3478 basic
3479 3479 basic
3480 3480 basic
3482 3482 basic
3483 3483 basic
3484 3484 basic
3485 3485 basic
3487 3487 basic
3489 3489 basic
3490 3490 basic
3492 3492 basic
3493 3493 basic
3494 3494 basic
3495 3495 basic
3496 3496 basic
3497 3497 basic
3498 3498 basic
3499 3499 basic
3501 3501 basic
3502 3502 basic
3503 3503 basic
3504 3504 basic
3505 3505 basic
3507 3507 basic
3508 3508 basic
3509 3509 basic
3510 3510 basic
3511 3511 basic
3512 3512 basic
3515 3515 basic
3516 3516 basic
3517 3517 basic
3518 3518 basic
3519 3519 basic
3520 3520 basic
3521 3521 basic
3522 3522 basic
3524 3524 basic
3525 3525 basic
3526 3526 basic
3527 3527 basic
3528 3528 basic
3529 3529 basic
3530 3530 basic
3531 3531 basic
3532 3532 basic
3533 3533 basic
3534 3534 basic
3535 3535 basic
3537 3537 basic
3539 3539 basic
3540 3540 basic
3542 3542 basic
3543 3543 basic
3544 3544 basic
3545 3545 basic
3546 3546 basic
3548 3548 basic
3549 3549 basic
3551 3551 basic
3552 3552 basic
3553 3553 basic
3554 3554 basic
3555 3555 basic
3556 3556 basic
3557 3557 basic
3560 3560 basic
3561 3561 basic
3562 3562 basic
3563 3563 basic
3564 3564 basic
3565 3565 basic
3566 3566 basic
3567 3567 basic
3568 3568 basic
3569 3569 basic
3570 3570 basic
3572 3572 basic
3574 3574 basic
3575 3575 basic
3576 3576 basic
3577 3577 basic
3578 3578 basic
3579 3579 basic
3580 3580 basic
3581 3581 basic
3582 3582 basic
3583 3583 basic
3585 3585 basic
3586 3586 basic
3588 3588 basic
3589 3589 basic
3590 3590 basic
3591 3591 basic
3592 3592 basic
3593 3593 basic
3595 3595 basic
3596 3596 basic
3597 3597 basic
3599 3599 basic
3600 3600 basic
3601 3601 basic
3602 3602 basic
3603 3603 basic
3605 3605 basic
3606 3606 basic
3607 3607 basic
3610 3610 basic
3611 3611 basic
3614 3614 basic
3615 3615 basic
3616 3616 basic
3618 3618 basic
3619 3619 basic
3620 3620 basic
3621 3621 basic
3623 3623 basic
3624 3624 basic
3625 3625 basic
3626 3626 basic
3627 3627 basic
3631 3631 basic
3632 3632 basic
3633 3633 basic
3634 3634 basic
3638 3638 basic
3639 3639 basic
3641 3641 basic
3644 3644 basic
3645 3645 basic
3648 3648 basic
3649 3649 basic
3650 3650 basic
3651 3651 basic
3652 3652 basic
3653 3653 basic
3655 3655 basic
3656 3656 basic
3657 3657 basic
3658 3658 basic
3659 3659 basic
3660 3660 basic
3661 3661 basic
3662 3662 basic
3663 3663 basic
3665 3665 basic
3667 3667 basic
3669 3669 basic
3670 3670 basic
3671 3671 basic
3672 3672 basic
3674 3674 basic
3675 3675 basic
3676 3676 basic
3678 3678 basic
3679 3679 basic
3680 3680 basic
3681 3681 basic
3682 3682 basic
3683 3683 basic
3684 3684 basic
3685 3685 basic
3686 3686 basic
3687 3687 basic
3688 3688 basic
3689 3689 basic
3690 3690 basic
3691 3691 basic
3692 3692 basic
3693 3693 basic
3694 3694 basic
3695 3695 basic
3696 3696 basic
3698 3698 basic
3699 3699 basic
3700 3700 basic
3701 3701 basic
3702 3702 basic
3703 3703 basic
3704 3704 basic
3706 3706 basic
3707 3707 basic
3708 3708 basic
3709 3709 basic
3711 3711 basic
3712 3712 basic
3713 3713 basic
3714 3714 basic
3716 3716 basic
3717 3717 basic
3719 3719 basic
3721 3721 basic
3722 3722 basic
3723 3723 basic
3724 3724 basic
3725 3725 basic
3726 3726 basic
3727 3727 basic
3728 3728 basic
3729 3729 basic
3730 3730 basic
3731 3731 basic
3733 3733 basic
3734 3734 basic
3735 3735 basic
3736 3736 basic
3737 3737 basic
3738 3738 basic
3739 3739 basic
3740 3740 basic
3741 3741 basic
3742 3742 basic
3743 3743 basic
3744 3744 basic
3745 3745 basic
3746 3746 basic
3747 3747 basic
3748 3748 basic
3749 3749 basic
3750 3750 basic
3751 3751 basic
3752 3752 basic
3753 3753 basic
3754 3754 basic
3755 3755 basic
3757 3757 basic
3758 3758 basic
3759 3759 basic
3760 3760 basic
3763 3763 basic
3765 3765 basic
3768 3768 basic
3769 3769 basic
3771 3771 basic
3772 3772 basic
3773 3773 basic
3774 3774 basic
3775 3775 basic
3776 3776 basic
3777 3777 basic
3780 3780 basic
3781 3781 basic
3782 3782 basic
3784 3784 basic
3785 3785 basic
3786 3786 basic
3787 3787 basic
3788 3788 basic
3789 3789 basic
3790 3790 basic
3791 3791 basic
3794 3794 basic
3795 3795 basic
3796 3796 basic
3797 3797 basic
3798 3798 basic
3799 3799 basic
3800 3800 basic
3801 3801 basic
3802 3802 basic
3803 3803 basic
3804 3804 basic
3806 3806 basic
3807 3807 basic
3808 3808 basic
3809 3809 basic
3810 3810 basic
3811 3811 basic
3812 3812 basic
3813 3813 basic
3815 3815 basic
3816 3816 basic
3818 3818 basic
3819 3819 basic
3820 3820 basic
3821 3821 basic
3822 3822 basic
3823 3823 basic
3824 3824 basic
3825 3825 basic
3826 3826 basic
3827 3827 basic
3829 3829 basic
3830 3830 basic
3831 3831 basic
3832 3832 basic
3833 3833 basic
3834 3834 basic
3835 3835 basic
3836 3836 basic
3837 3837 basic
3838 3838 basic
3839 3839 basic
3840 3840 basic
3841 3841 basic
3842 3842 basic
3844 3844 basic
3845 3845 basic
3846 3846 basic
3847 3847 basic
3848 3848 basic
3849 3849 basic
3850 3850 basic
3851 3851 basic
3852 3852 basic
3854 3854 basic
3857 3857 basic
3858 3858 basic
3859 3859 basic
3860 3860 basic
3861 3861 basic
3862 3862 basic
3864 3864 basic
3865 3865 basic
3866 3866 basic
3868 3868 basic
3869 3869 basic
3870 3870 basic
3871 3871 basic
3873 3873 basic
3874 3874 basic
3875 3875 basic
3876 3876 basic
3877 3877 basic
3878 3878 basic
3879 3879 basic
3880 3880 basic
3881 3881 basic
3882 3882 basic
3883 3883 basic
3884 3884 basic
3885 3885 basic
3886 3886 basic
3887 3887 basic
3888 3888 basic
3889 3889 basic
3890 3890 basic
3891 3891 basic
3892 3892 basic
3895 3895 basic
3896 3896 basic
3897 3897 basic
3898 3898 basic
3899 3899 basic
3900 3900 basic
3901 3901 basic
3903 3903 basic
3904 3904 basic
3905 3905 basic
3906 3906 basic
3907 3907 basic
3908 3908 basic
3909 3909 basic
3910 3910 basic
3911 3911 basic
3913 3913 basic
3914 3914 basic
3915 3915 basic
3916 3916 basic
3917 3917 basic
3918 3918 basic
3919 3919 basic
3921 3921 basic
3924 3924 basic
3925 3925 basic
3926 3926 basic
3929 3929 basic
3930 3930 basic
3931 3931 basic
3933 3933 basic
3934 3934 basic
3935 3935 basic
3936 3936 basic
3937 3937 basic
3938 3938 basic
3940 3940 basic
3944 3944 basic
3947 3947 basic
3948 3948 basic
3949 3949 basic
3950 3950 basic
3951 3951 basic
3952 3952 basic
3953 3953 basic
3954 3954 basic
3955 3955 basic
3957 3957 basic
3960 3960 basic
3961 3961 basic
3964 3964 basic
3965 3965 basic
3966 3966 basic
3967 3967 basic
3968 3968 basic
3969 3969 basic
3970 3970 basic
3971 3971 basic
3972 3972 basic
3973 3973 basic
3974 3974 basic
3976 3976 basic
3978 3978 basic
3979 3979 basic
3980 3980 basic
3982 3982 basic
3983 3983 basic
3984 3984 basic
3986 3986 basic
3987 3987 basic
3989 3989 basic
3990 3990 basic
3991 3991 basic
3992 3992 basic
3993 3993 basic
3994 3994 basic
3995 3995 basic
3996 3996 basic
3998 3998 basic
3999 3999 basic
4000 4000 basic
4001 4001 basic
4002 4002 basic
4003 4003 basic
4004 4004 basic
4005 4005 basic
4006 4006 basic
4007 4007 basic
4008 4008 basic
4009 4009 basic
4010 4010 basic
4012 4012 basic
4013 4013 basic
4014 4014 basic
4015 4015 basic
4016 4016 basic
4017 4017 basic
4018 4018 basic
4019 4019 basic
4021 4021 basic
4023 4023 basic
4024 4024 basic
4025 4025 basic
4026 4026 basic
4027 4027 basic
4029 4029 basic
4031 4031 basic
4032 4032 basic
4033 4033 basic
4034 4034 basic
4035 4035 basic
4036 4036 basic
4037 4037 basic
4038 4038 basic
4039 4039 basic
4040 4040 basic
4042 4042 basic
4043 4043 basic
4045 4045 basic
4046 4046 basic
4047 4047 basic
4049 4049 basic
4050 4050 basic
4051 4051 basic
4053 4053 basic
4054 4054 basic
4055 4055 basic
4056 4056 basic
4057 4057 basic
4060 4060 basic
4061 4061 basic
4062 4062 basic
4064 4064 basic
4065 4065 basic
4066 4066 basic
4067 4067 basic
4068 4068 basic
4070 4070 basic
4071 4071 basic
4073 4073 basic
4074 4074 basic
4075 4075 basic
4077 4077 basic
4078 4078 basic
4079 4079 basic
4080 4080 basic
4081 4081 basic
4083 4083 basic
4084 4084 basic
4085 4085 basic
4086 4086 basic
4088 4088 basic
4090 4090 basic
4091 4091 basic
4092 4092 basic
4093 4093 basic
4094 4094 basic
4095 4095 basic
4096 4096 basic
4097 4097 basic
4099 4099 basic
4100 4100 basic
4101 4101 basic
4102 4102 basic
4104 4104 basic
4105 4105 basic
4106 4106 basic
4107 4107 basic
4108 4108 basic
4109 4109 basic
4110 4110 basic
4111 4111 basic
4112 4112 basic
4114 4114 basic
4115 4115 basic
4116 4116 basic
4117 4117 basic
4118 4118 basic
4119 4119 basic
4120 4120 basic
4121 4121 basic
4122 4122 basic
4123 4123 basic
4125 4125 basic
4126 4126 basic
4127 4127 basic
4128 4128 basic
4129 4129 basic
4130 4130 basic
4131 4131 basic
4132 4132 basic
4134 4134 basic
4135 4135 basic
4140 4140 basic
4141 4141 basic
4142 4142 basic
4143 4143 basic
4144 4144 basic
4145 4145 basic
4146 4146 basic
4147 4147 basic
4148 4148 basic
4149 4149 basic
4151 4151 basic
4153 4153 basic
4154 4154 basic
4155 4155 basic
4156 4156 basic
4157 4157 basic
4158 4158 basic
4159 4159 basic
4161 4161 basic
4163 4163 basic
4164 4164 basic
4165 4165 basic
4166 4166 basic
4167 4167 basic
4168 4168 basic
4169 4169 basic
4170 4170 basic
4171 4171 basic
4172 4172 basic
4173 4173 basic
4174 4174 basic
4175 4175 basic
4176 4176 basic
4177 4177 basic
4178 4178 basic
4179 4179 basic
4181 4181 basic
4183 4183 basic
4184 4184 basic
4185 4185 basic
4187 4187 basic
4188 4188 basic
4189 4189 basic
4190 4190 basic
4191 4191 basic
4192 4192 basic
4193 4193 basic
4194 4194 basic
4195 4195 basic
4196 4196 basic
4198 4198 basic
4199 4199 basic
4200 4200 basic
4201 4201 basic
4202 4202 basic
4203 4203 basic
4204 4204 basic
4205 4205 basic
4206 4206 basic
4207 4207 basic
4208 4208 basic
4209 4209 basic
4211 4211 basic
4212 4212 basic
4213 4213 basic
4214 4214 basic
4215 4215 basic
4216 4216 basic
4217 4217 basic
4218 4218 basic
4220 4220 basic
4221 4221 basic
4222 4222 basic
4223 4223 basic
4224 4224 basic
4225 4225 basic
4227 4227 basic
4228 4228 basic
4229 4229 basic
4231 4231 basic
4232 4232 basic
4233 4233 basic
4234 4234 basic
4235 4235 basic
4236 4236 basic
4237 4237 basic
4239 4239 basic
4240 4240 basic
4241 4241 basic
4242 4242 basic
4243 4243 basic
4244 4244 basic
4245 4245 basic
4247 4247 basic
4248 4248 basic
4249 4249 basic
4250 4250 basic
4252 4252 basic
4253 4253 basic
4254 4254 basic
4255 4255 basic
4256 4256 basic
4257 4257 basic
4258 4258 basic
4260 4260 basic
4261 4261 basic
4263 4263 basic
4264 4264 basic
4265 4265 basic
4266 4266 basic
4267 4267 basic
4268 4268 basic
4269 4269 basic
4270 4270 basic
4273 4273 basic
4274 4274 basic
4275 4275 basic
4276 4276 basic
4277 4277 basic
4278 4278 basic
4279 4279 basic
4280 4280 basic
4282 4282 basic
4283 4283 basic
4284 4284 basic
4285 4285 basic
4286 4286 basic
4287 4287 basic
4288 4288 basic
4289 4289 basic
4290 4290 basic
4291 4291 basic
4292 4292 basic
4295 4295 basic
4296 4296 basic
4297 4297 basic
4298 4298 basic
4299 4299 basic
4300 4300 basic
4301 4301 basic
4302 4302 basic
4303 4303 basic
4304 4304 basic
4305 4305 basic
4306 4306 basic
4307 4307 basic
4309 4309 basic
4310 4310 basic
4311 4311 basic
4312 4312 basic
4313 4313 basic
4314 4314 basic
4315 4315 basic
4316 4316 basic
4317 4317 basic
4318 4318 basic
4319 4319 basic
4322 4322 basic
4325 4325 basic
4326 4326 basic
4328 4328 basic
4329 4329 basic
4330 4330 basic
4331 4331 basic
4332 4332 basic
4333 4333 basic
4334 4334 basic
4336 4336 basic
4338 4338 basic
4342 4342 basic
4343 4343 basic
4346 4346 basic
4347 4347 basic
4348 4348 basic
4349 4349 basic
4350 4350 basic
4351 4351 basic
4352 4352 basic
4355 4355 basic
4356 4356 basic
4358 4358 basic
4359 4359 basic
4360 4360 basic
4361 4361 basic
4362 4362 basic
4364 4364 basic
4365 4365 basic
4366 4366 basic
4367 4367 basic
4368 4368 basic
4369 4369 basic
4370 4370 basic
4371 4371 basic
4373 4373 basic
4374 4374 basic
4375 4375 basic
4376 4376 basic
4377 4377 basic
4378 4378 basic
4379 4379 basic
4380 4380 basic
4381 4381 basic
4382 4382 basic
4383 4383 basic
4384 4384 basic
4385 4385 basic
4386 4386 basic
4387 4387 basic
4388 4388 basic
4389 4389 basic
4390 4390 basic
4391 4391 basic
4392 4392 basic
4393 4393 basic
4394 4394 basic
4396 4396 basic
4398 4398 basic
4400 4400 basic
4401 4401 basic
4402 4402 basic
4403 4403 basic
4405 4405 basic
4406 4406 basic
4407 4407 basic
4408 4408 basic
4410 4410 basic
4411 4411 basic
4413 4413 basic
4414 4414 basic
4415 4415 basic
4416 4416 basic
4418 4418 basic
4419 4419 basic
4420 4420 basic
4422 4422 basic
4423 4423 basic
4424 4424 basic
4425 4425 basic
4426 4426 basic
4427 4427 basic
4428 4428 basic
4429 4429 basic
4430 4430 basic
4431 4431 basic
4432 4432 basic
4433 4433 basic
4434 4434 basic
4435 4435 basic
4436 4436 basic
4437 4437 basic
4438 4438 basic
4439 4439 basic
4440 4440 basic
4443 4443 basic
4444 4444 basic
4445 4445 basic
4446 4446 basic
4447 4447 basic
4448 4448 basic
4450 4450 basic
4451 4451 basic
4452 4452 basic
4453 4453 basic
4454 4454 basic
4455 4455 basic
4457 4457 basic
4458 4458 basic
4459 4459 basic
4460 4460 basic
4461 4461 basic
4462 4462 basic
4463 4463 basic
4464 4464 basic
4467 4467 basic
4468 4468 basic
4469 4469 basic
4470 4470 basic
4471 4471 basic
4472 4472 basic
4474 4474 basic
4475 4475 basic
4476 4476 basic
4479 4479 basic
4481 4481 basic
4482 4482 basic
4484 4484 basic
4485 4485 basic
4486 4486 basic
4487 4487 basic
4488 4488 basic
4490 4490 basic
4491 4491 basic
4492 4492 basic
4493 4493 basic
4495 4495 basic
4496 4496 basic
4497 4497 basic
4498 4498 basic
4499 4499 basic
4500 4500 basic
4501 4501 basic
4503 4503 basic
4504 4504 basic
4505 4505 basic
4506 4506 basic
4507 4507 basic
4509 4509 basic
4510 4510 basic
4512 4512 basic
4513 4513 basic
4514 4514 basic
4515 4515 basic
4516 4516 basic
4517 4517 basic
4520 4520 basic
4521 4521 basic
4522 4522 basic
4523 4523 basic
4524 4524 basic
4525 4525 basic
4529 4529 basic
4530 4530 basic
4532 4532 basic
4533 4533 basic
4534 4534 basic
4535 4535 basic
4536 4536 basic
4537 4537 basic
4538 4538 basic
4539 4539 basic
4540 4540 basic
4541 4541 basic
4542 4542 basic
4543 4543 basic
4544 4544 basic
4545 4545 basic
4547 4547 basic
4548 4548 basic
4549 4549 basic
4550 4550 basic
4551 4551 basic
4552 4552 basic
4553 4553 basic
4554 4554 basic
4555 4555 basic
4556 4556 basic
4557 4557 basic
4560 4560 basic
4561 4561 basic
4562 4562 basic
4563 4563 basic
4564 4564 basic
4565 4565 basic
4566 4566 basic
4567 4567 basic
4569 4569 basic
4571 4571 basic
4573 4573 basic
4574 4574 basic
4575 4575 basic
4576 4576 basic
4577 4577 basic
4578 4578 basic
4579 4579 basic
4580 4580 basic
4581 4581 basic
4582 4582 basic
4583 4583 basic
4585 4585 basic
4586 4586 basic
4587 4587 basic
4589 4589 basic
4590 4590 basic
4591 4591 basic
4592 4592 basic
4593 4593 basic
4595 4595 basic
4596 4596 basic
4597 4597 basic
4598 4598 basic
4599 4599 basic
4600 4600 basic
4601 4601 basic
4602 4602 basic
4604 4604 basic
4605 4605 basic
4606 4606 basic
4607 4607 basic
4608 4608 basic
4609 4609 basic
4611 4611 basic
4612 4612 basic
4613 4613 basic
4614 4614 basic
4616 4616 basic
4617 4617 basic
4618 4618 basic
4619 4619 basic
4620 4620 basic
4621 4621 basic
4622 4622 basic
4625 4625 basic
4626 4626 basic
4627 4627 basic
4629 4629 basic
4630 4630 basic
4631 4631 basic
4633 4633 basic
4634 4634 basic
4635 4635 basic
4636 4636 basic
4637 4637 basic
4638 4638 basic
4640 4640 basic
4641 4641 basic
4642 4642 basic
4643 4643 basic
4644 4644 basic
4645 4645 basic
4646 4646 basic
4647 4647 basic
4648 4648 basic
4650 4650 basic
4652 4652 basic
4654 4654 basic
4655 4655 basic
4656 4656 basic
4657 4657 basic
4659 4659 basic
4662 4662 basic
4663 4663 basic
4664 4664 basic
4665 4665 basic
4666 4666 basic
4668 4668 basic
4669 4669 basic
4670 4670 basic
4671 4671 basic
4672 4672 basic
4674 4674 basic
4675 4675 basic
4676 4676 basic
4677 4677 basic
4678 4678 basic
4679 4679 basic
4681 4681 basic
4682 4682 basic
4684 4684 basic
4685 4685 basic
4687 4687 basic
4688 4688 basic
4689 4689 basic
4690 4690 basic
4691 4691 basic
4692 4692 basic
4693 4693 basic
4694 4694 basic
4695 4695 basic
4696 4696 basic
4699 4699 basic
4700 4700 basic
4701 4701 basic
4702 4702 basic
4703 4703 basic
4704 4704 basic
4705 4705 basic
4706 4706 basic
4707 4707 basic
4708 4708 basic
4709 4709 basic
4710 4710 basic
4711 4711 basic
4712 4712 basic
4713 4713 basic
4714 4714 basic
4715 4715 basic
4718 4718 basic
4719 4719 basic
4720 4720 basic
4721 4721 basic
4722 4722 basic
4724 4724 basic
4726 4726 basic
4727 4727 basic
4729 4729 basic
4730 4730 basic
4731 4731 basic
4732 4732 basic
4733 4733 basic
4735 4735 basic
4736 4736 basic
4737 4737 basic
4738 4738 basic
4739 4739 basic
4740 4740 basic
4741 4741 basic
4742 4742 basic
4743 4743 basic
4744 4744 basic
4745 4745 basic
4746 4746 basic
4747 4747 basic
4748 4748 basic
4750 4750 basic
4751 4751 basic
4752 4752 basic
4753 4753 basic
4754 4754 basic
4755 4755 basic
4756 4756 basic
4757 4757 basic
4758 4758 basic
4759 4759 basic
4761 4761 basic
4762 4762 basic
4764 4764 basic
4765 4765 basic
4767 4767 basic
4768 4768 basic
4770 4770 basic
4772 4772 basic
4773 4773 basic
4774 4774 basic
4775 4775 basic
4776 4776 basic
4777 4777 basic
4778 4778 basic
4781 4781 basic
4783 4783 basic
4785 4785 basic
4786 4786 basic
4787 4787 basic
4788 4788 basic
4789 4789 basic
4791 4791 basic
4792 4792 basic
4794 4794 basic
4795 4795 basic
4796 4796 basic
4798 4798 basic
4799 4799 basic
4800 4800 basic
4801 4801 basic
4802 4802 basic
4803 4803 basic
4804 4804 basic
4805 4805 basic
4806 4806 basic
4807 4807 basic
4808 4808 basic
4809 4809 basic
4810 4810 basic
4811 4811 basic
4812 4812 basic
4813 4813 basic
4814 4814 basic
4816 4816 basic
4817 4817 basic
4819 4819 basic
4821 4821 basic
4822 4822 basic
4823 4823 basic
4825 4825 basic
4826 4826 basic
4827 4827 basic
4828 4828 basic
4829 4829 basic
4830 4830 basic
4832 4832 basic
4833 4833 basic
4834 4834 basic
4835 4835 basic
4836 4836 basic
4837 4837 basic
4838 4838 basic
4839 4839 basic
4840 4840 basic
4841 4841 basic
4842 4842 basic
4843 4843 basic
4844 4844 basic
4845 4845 basic
4846 4846 basic
4847 4847 basic
4848 4848 basic
4849 4849 basic
4850 4850 basic
4851 4851 basic
4853 4853 basic
4854 4854 basic
4855 4855 basic
4857 4857 basic
4858 4858 basic
4859 4859 basic
4861 4861 basic
4863 4863 basic
4864 4864 basic
4866 4866 basic
4867 4867 basic
4868 4868 basic
4869 4869 basic
4870 4870 basic
4872 4872 basic
4873 4873 basic
4874 4874 basic
4875 4875 basic
4876 4876 basic
4877 4877 basic
4878 4878 basic
4879 4879 basic
4880 4880 basic
4882 4882 basic
4883 4883 basic
4884 4884 basic
4885 4885 basic
4890 4890 basic
4891 4891 basic
4892 4892 basic
4893 4893 basic
4894 4894 basic
4896 4896 basic
4898 4898 basic
4899 4899 basic
4900 4900 basic
4901 4901 basic
4902 4902 basic
4903 4903 basic
4904 4904 basic
4905 4905 basic
4906 4906 basic
4907 4907 basic
4908 4908 basic
4909 4909 basic
4910 4910 basic
4911 4911 basic
4912 4912 basic
4913 4913 basic
4914 4914 basic
4917 4917 basic
4918 4918 basic
4919 4919 basic
4922 4922 basic
4923 4923 basic
4924 4924 basic
4925 4925 basic
4926 4926 basic
4927 4927 basic
4928 4928 basic
4929 4929 basic
4930 4930 basic
4932 4932 basic
4933 4933 basic
4934 4934 basic
4935 4935 basic
4937 4937 basic
4938 4938 basic
4939 4939 basic
4940 4940 basic
4941 4941 basic
4942 4942 basic
4944 4944 basic
4945 4945 basic
4947 4947 basic
4948 4948 basic
4949 4949 basic
4950 4950 basic
4952 4952 basic
4953 4953 basic
4954 4954 basic
4955 4955 basic
4956 4956 basic
4957 4957 basic
4958 4958 basic
4959 4959 basic
4960 4960 basic
4961 4961 basic
4962 4962 basic
4963 4963 basic
4964 4964 basic
4965 4965 basic
4966 4966 basic
4967 4967 basic
4968 4968 basic
4969 4969 basic
4970 4970 basic
4971 4971 basic
4972 4972 basic
4973 4973 basic
4974 4974 basic
4975 4975 basic
4976 4976 basic
4977 4977 basic
4978 4978 basic
4979 4979 basic
4980 4980 basic
4982 4982 basic
4983 4983 basic
4984 4984 basic
4985 4985 basic
4986 4986 basic
4988 4988 basic
4989 4989 basic
4990 4990 basic
4991 4991 basic
4992 4992 basic
4993 4993 basic
4994 4994 basic
4995 4995 basic
4996 4996 basic
4997 4997 basic
4998 4998 basic
4999 4999 basic
5000 5000 basic
5001 5001 basic
5002 5002 basic
5003 5003 basic
5004 5004 basic
5006 5006 basic
5007 5007 basic
5008 5008 basic
5009 5009 basic
5010 5010 basic
5012 5012 basic
5014 5014 basic
5016 5016 basic
5017 5017 basic
5019 5019 basic
5020 5020 basic
5021 5021 basic
5022 5022 basic
5023 5023 basic
5024 5024 basic
5027 5027 basic
5028 5028 basic
5029 5029 basic
5030 5030 basic
5031 5031 basic
5032 5032 basic
5033 5033 basic
5034 5034 basic
5035 5035 basic
5037 5037 basic
5038 5038 basic
5039 5039 basic
5040 5040 basic
5041 5041 basic
5042 5042 basic
5044 5044 basic
5045 5045 basic
5046 5046 basic
5047 5047 basic
5048 5048 basic
5049 5049 basic
5050 5050 basic
5051 5051 basic
5052 5052 basic
5053 5053 basic
5054 5054 basic
5055 5055 basic
5056 5056 basic
5058 5058 basic
5059 5059 basic
5060 5060 basic
5061 5061 basic
5062 5062 basic
5063 5063 basic
5064 5064 basic
5065 5065 basic
5066 5066 basic
5067 5067 basic
5068 5068 basic
5069 5069 basic
5071 5071 basic
5072 5072 basic
5073 5073 basic
5075 5075 basic
5076 5076 basic
5077 5077 basic
5078 5078 basic
5079 5079 basic
5080 5080 basic
5081 5081 basic
5085 5085 basic
5086 5086 basic
5087 5087 basic
5088 5088 basic
5089 5089 basic
5090 5090 basic
5092 5092 basic
5094 5094 basic
5095 5095 basic
5096 5096 basic
5098 5098 basic
5099 5099 basic
5101 5101 basic
5102 5102 basic
5103 5103 basic
5104 5104 basic
5105 5105 basic
5106 5106 basic
5107 5107 basic
5108 5108 basic
5109 5109 basic
5111 5111 basic
5112 5112 basic
5114 5114 basic
5115 5115 basic
5116 5116 basic
5117 5117 basic
5118 5118 basic
5119 5119 basic
5121 5121 basic
5124 5124 basic
5127 5127 basic
5128 5128 basic
5129 5129 basic
5130 5130 basic
5131 5131 basic
5133 5133 basic
5134 5134 basic
5136 5136 basic
5137 5137 basic
5138 5138 basic
5139 5139 basic
5140 5140 basic
5141 5141 basic
5142 5142 basic
5143 5143 basic
5144 5144 basic
5145 5145 basic
5146 5146 basic
5147 5147 basic
5148 5148 basic
5149 5149 basic
5150 5150 basic
5152 5152 basic
5154 5154 basic
5155 5155 basic
5156 5156 basic
5157 5157 basic
5158 5158 basic
5159 5159 basic
5160 5160 basic
5161 5161 basic
5162 5162 basic
5163 5163 basic
5164 5164 basic
5165 5165 basic
5166 5166 basic
5167 5167 basic
5168 5168 basic
5169 5169 basic
5170 5170 basic
5171 5171 basic
5172 5172 basic
5173 5173 basic
5175 5175 basic
5176 5176 basic
5177 5177 basic
5178 5178 basic
5179 5179 basic
5180 5180 basic
5181 5181 basic
5182 5182 basic
5183 5183 basic
5184 5184 basic
5186 5186 basic
5188 5188 basic
5189 5189 basic
5190 5190 basic
5191 5191 basic
5193 5193 basic
5194 5194 basic
5195 5195 basic
5196 5196 basic
5199 5199 basic
5200 5200 basic
5202 5202 basic
5203 5203 basic
5205 5205 basic
5206 5206 basic
5207 5207 basic
5208 5208 basic
5209 5209 basic
5210 5210 basic
5213 5213 basic
5214 5214 basic
5215 5215 basic
5216 5216 basic
5217 5217 basic
5219 5219 basic
5220 5220 basic
5221 5221 basic
5222 5222 basic
5223 5223 basic
5225 5225 basic
5228 5228 basic
5229 5229 basic
5230 5230 basic
5233 5233 basic
5234 5234 basic
5235 5235 basic
5236 5236 basic
5238 5238 basic
5239 5239 basic
5240 5240 basic
5241 5241 basic
5243 5243 basic
5245 5245 basic
5246 5246 basic
5247 5247 basic
5248 5248 basic
5249 5249 basic
5251 5251 basic
5253 5253 basic
5254 5254 basic
5256 5256 basic
5257 5257 basic
5258 5258 basic
5259 5259 basic
5260 5260 basic
5261 5261 basic
5262 5262 basic
5263 5263 basic
5265 5265 basic
5266 5266 basic
5267 5267 basic
5268 5268 basic
5269 5269 basic
5270 5270 basic
5271 5271 basic
5273 5273 basic
5274 5274 basic
5275 5275 basic
5276 5276 basic
5277 5277 basic
5278 5278 basic
5279 5279 basic
5280 5280 basic
5281 5281 basic
5282 5282 basic
5284 5284 basic
5285 5285 basic
5286 5286 basic
5287 5287 basic
5289 5289 basic
5290 5290 basic
5291 5291 basic
5292 5292 basic
5293 5293 basic
5296 5296 basic
5297 5297 basic
5298 5298 basic
5299 5299 basic
5300 5300 basic
5301 5301 basic
5302 5302 basic
5303 5303 basic
5304 5304 basic
5305 5305 basic
5306 5306 basic
5307 5307 basic
5308 5308 basic
5310 5310 basic
5311 5311 basic
5312 5312 basic
5313 5313 basic
5314 5314 basic
5315 5315 basic
5316 5316 basic
5317 5317 basic
5319 5319 basic
5320 5320 basic
5321 5321 basic
5323 5323 basic
5325 5325 basic
5326 5326 basic
5327 5327 basic
5328 5328 basic
5329 5329 basic
5330 5330 basic
5332 5332 basic
5333 5333 basic
5334 5334 basic
5335 5335 basic
5337 5337 basic
5338 5338 basic
5339 5339 basic
5340 5340 basic
5341 5341 basic
5342 5342 basic
5344 5344 basic
5345 5345 basic
5346 5346 basic
5347 5347 basic
5348 5348 basic
5349 5349 basic
5351 5351 basic
5352 5352 basic
5353 5353 basic
5354 5354 basic
5355 5355 basic
5356 5356 basic
5357 5357 basic
5358 5358 basic
5360 5360 basic
5361 5361 basic
5362 5362 basic
5363 5363 basic
5364 5364 basic
5366 5366 basic
5367 5367 basic
5369 5369 basic
5370 5370 basic
5371 5371 basic
5372 5372 basic
5373 5373 basic
5375 5375 basic
5376 5376 basic
5377 5377 basic
5378 5378 basic
5379 5379 basic
5380 5380 basic
5381 5381 basic
5383 5383 basic
5384 5384 basic
5385 5385 basic
5386 5386 basic
5388 5388 basic
5389 5389 basic
5390 5390 basic
5393 5393 basic
5394 5394 basic
5395 5395 basic
5396 5396 basic
5397 5397 basic
5398 5398 basic
5400 5400 basic
5402 5402 basic
5403 5403 basic
5404 5404 basic
5405 5405 basic
5406 5406 basic
5408 5408 basic
5410 5410 basic
5411 5411 basic
5412 5412 basic
5413 5413 basic
5414 5414 basic
5416 5416 basic
5417 5417 basic
5418 5418 basic
5419 5419 basic
5420 5420 basic
5421 5421 basic
5422 5422 basic
5424 5424 basic
5425 5425 basic
5427 5427 basic
5428 5428 basic
5429 5429 basic
5430 5430 basic
5431 5431 basic
5432 5432 basic
5433 5433 basic
5434 5434 basic
5435 5435 basic
5436 5436 basic
5437 5437 basic
5438 5438 basic
5439 5439 basic
5440 5440 basic
5441 5441 basic
5442 5442 basic
5443 5443 basic
5444 5444 basic
5446 5446 basic
5447 5447 basic
5449 5449 basic
5450 5450 basic
5451 5451 basic
5452 5452 basic
5453 5453 basic
5454 5454 basic
5455 5455 basic
5456 5456 basic
5457 5457 basic
5458 5458 basic
5460 5460 basic
5461 5461 basic
5462 5462 basic
5464 5464 basic
5465 5465 basic
5466 5466 basic
5467 5467 basic
5469 5469 basic
5470 5470 basic
5471 5471 basic
5472 5472 basic
5473 5473 basic
5474 5474 basic
5475 5475 basic
5477 5477 basic
5478 5478 basic
5479 5479 basic
5480 5480 basic
5481 5481 basic
5482 5482 basic
5483 5483 basic
5484 5484 basic
5485 5485 basic
5486 5486 basic
5487 5487 basic
5488 5488 basic
5489 5489 basic
5490 5490 basic
5491 5491 basic
5493 5493 basic
5497 5497 basic
5498 5498 basic
5499 5499 basic
5500 5500 basic
5502 5502 basic
5503 5503 basic
5504 5504 basic
5505 5505 basic
5506 5506 basic
5508 5508 basic
5509 5509 basic
5510 5510 basic
5511 5511 basic
5514 5514 basic
5515 5515 basic
5516 5516 basic
5518 5518 basic
5519 5519 basic
5520 5520 basic
5521 5521 basic
5522 5522 basic
5523 5523 basic
5526 5526 basic
5527 5527 basic
5528 5528 basic
5530 5530 basic
5531 5531 basic
5532 5532 basic
5533 5533 basic
5534 5534 basic
5535 5535 basic
5536 5536 basic
5537 5537 basic
5538 5538 basic
5541 5541 basic
5542 5542 basic
5545 5545 basic
5547 5547 basic
5548 5548 basic
5549 5549 basic
5550 5550 basic
5551 5551 basic
5552 5552 basic
5553 5553 basic
5554 5554 basic
5555 5555 basic
5556 5556 basic
5558 5558 basic
5559 5559 basic
5560 5560 basic
5561 5561 basic
5562 5562 basic
5563 5563 basic
5564 5564 basic
5565 5565 basic
5566 5566 basic
5567 5567 basic
5568 5568 basic
5569 5569 basic
5570 5570 basic
5571 5571 basic
5572 5572 basic
5574 5574 basic
5575 5575 basic
5576 5576 basic
5577 5577 basic
5578 5578 basic
5579 5579 basic
5580 5580 basic
5581 5581 basic
5582 5582 basic
5583 5583 basic
5584 5584 basic
5585 5585 basic
5586 5586 basic
5587 5587 basic
5588 5588 basic
5589 5589 basic
5590 5590 basic
5591 5591 basic
5592 5592 basic
5593 5593 basic
5594 5594 basic
5597 5597 basic
5599 5599 basic
5600 5600 basic
5601 5601 basic
5602 5602 basic
5603 5603 basic
5604 5604 basic
5605 5605 basic
5606 5606 basic
5608 5608 basic
5609 5609 basic
5611 5611 basic
5612 5612 basic
5613 5613 basic
5614 5614 basic
5615 5615 basic
5616 5616 basic
5618 5618 basic
5620 5620 basic
5621 5621 basic
5623 5623 basic
5624 5624 basic
5625 5625 basic
5626 5626 basic
5628 5628 basic
5629 5629 basic
5630 5630 basic
5631 5631 basic
5632 5632 basic
5633 5633 basic
5634 5634 basic
5636 5636 basic
5637 5637 basic
5638 5638 basic
5639 5639 basic
5640 5640 basic
5642 5642 basic
5643 5643 basic
5644 5644 basic
5646 5646 basic
5647 5647 basic
5648 5648 basic
5649 5649 basic
5650 5650 basic
5652 5652 basic
5654 5654 basic
5655 5655 basic
5656 5656 basic
5657 5657 basic
5658 5658 basic
5659 5659 basic
5660 5660 basic
5662 5662 basic
5664 5664 basic
5665 5665 basic
5666 5666 basic
5667 5667 basic
5668 5668 basic
5669 5669 basic
5670 5670 basic
5671 5671 basic
5672 5672 basic
5674 5674 basic
5675 5675 basic
5676 5676 basic
5677 5677 basic
5678 5678 basic
5679 5679 basic
5680 5680 basic
5681 5681 basic
5682 5682 basic
5683 5683 basic
5684 5684 basic
5685 5685 basic
5686 5686 basic
5687 5687 basic
5688 5688 basic
5689 5689 basic
5691 5691 basic
5693 5693 basic
5694 5694 basic
5695 5695 basic
5696 5696 basic
5697 5697 basic
5698 5698 basic
5699 5699 basic
5700 5700 basic
5701 5701 basic
5703 5703 basic
5705 5705 basic
5706 5706 basic
5707 5707 basic
5708 5708 basic
5710 5710 basic
5712 5712 basic
5714 5714 basic
5715 5715 basic
5716 5716 basic
5717 5717 basic
5718 5718 basic
5720 5720 basic
5722 5722 basic
5724 5724 basic
5725 5725 basic
5726 5726 basic
5727 5727 basic
5729 5729 basic
5730 5730 basic
5731 5731 basic
5733 5733 basic
5734 5734 basic
5735 5735 basic
5736 5736 basic
5737 5737 basic
5738 5738 basic
5739 5739 basic
5740 5740 basic
5741 5741 basic
5742 5742 basic
5743 5743 basic
5744 5744 basic
5746 5746 basic
5747 5747 basic
5748 5748 basic
5750 5750 basic
5751 5751 basic
5752 5752 basic
5753 5753 basic
5754 5754 basic
5755 5755 basic
5756 5756 basic
5760 5760 basic
5761 5761 basic
5762 5762 basic
5763 5763 basic
5764 5764 basic
5765 5765 basic
5767 5767 basic
5769 5769 basic
5771 5771 basic
5773 5773 basic
5775 5775 basic
5776 5776 basic
5777 5777 basic
5778 5778 basic
5779 5779 basic
5780 5780 basic
5781 5781 basic
5783 5783 basic
5784 5784 basic
5785 5785 basic
5786 5786 basic
5787 5787 basic
5788 5788 basic
5789 5789 basic
5790 5790 basic
5791 5791 basic
5792 5792 basic
5793 5793 basic
5794 5794 basic
5795 5795 basic
5796 5796 basic
5797 5797 basic
5799 5799 basic
5801 5801 basic
5802 5802 basic
5805 5805 basic
5807 5807 basic
5808 5808 basic
5809 5809 basic
5811 5811 basic
5812 5812 basic
5813 5813 basic
5814 5814 basic
5815 5815 basic
5816 5816 basic
5817 5817 basic
5818 5818 basic
5819 5819 basic
5821 5821 basic
5823 5823 basic
5824 5824 basic
5825 5825 basic
5826 5826 basic
5827 5827 basic
5828 5828 basic
5829 5829 basic
5830 5830 basic
5832 5832 basic
5834 5834 basic
5835 5835 basic
5836 5836 basic
5837 5837 basic
5838 5838 basic
5839 5839 basic
5840 5840 basic
5841 5841 basic
5842 5842 basic
5843 5843 basic
5846 5846 basic
5847 5847 basic
5848 5848 basic
5850 5850 basic
5851 5851 basic
5852 5852 basic
5854 5854 basic
5855 5855 basic
5856 5856 basic
5857 5857 basic
5858 5858 basic
5859 5859 basic
5860 5860 basic
5861 5861 basic
5862 5862 basic
5863 5863 basic
5864 5864 basic
5866 5866 basic
5868 5868 basic
5869 5869 basic
5871 5871 basic
5872 5872 basic
5873 5873 basic
5874 5874 basic
5875 5875 basic
5876 5876 basic
5877 5877 basic
5878 5878 basic
5879 5879 basic
5880 5880 basic
5882 5882 basic
5883 5883 basic
5884 5884 basic
5886 5886 basic
5888 5888 basic
5889 5889 basic
5890 5890 basic
5891 5891 basic
5892 5892 basic
5893 5893 basic
5894 5894 basic
5895 5895 basic
5898 5898 basic
5900 5900 basic
5902 5902 basic
5903 5903 basic
5905 5905 basic
5906 5906 basic
5907 5907 basic
5908 5908 basic
5909 5909 basic
5910 5910 basic
5911 5911 basic
5912 5912 basic
5913 5913 basic
5914 5914 basic
5915 5915 basic
5916 5916 basic
5917 5917 basic
5918 5918 basic
5919 5919 basic
5920 5920 basic
5921 5921 basic
5922 5922 basic
5923 5923 basic
5924 5924 basic
5925 5925 basic
5927 5927 basic
5928 5928 basic
5929 5929 basic
5930 5930 basic
5931 5931 basic
5932 5932 basic
5933 5933 basic
5934 5934 basic
5935 5935 basic
5938 5938 basic
5939 5939 basic
5940 5940 basic
5941 5941 basic
5942 5942 basic
5944 5944 basic
5945 5945 basic
5947 5947 basic
5948 5948 basic
5949 5949 basic
5950 5950 basic
5952 5952 basic
5954 5954 basic
5955 5955 basic
5956 5956 basic
5957 5957 basic
5958 5958 basic
5959 5959 basic
5960 5960 basic
5961 5961 basic
5963 5963 basic
5965 5965 basic
5966 5966 basic
5967 5967 basic
5968 5968 basic
5969 5969 basic
5970 5970 basic
5971 5971 basic
5972 5972 basic
5974 5974 basic
5976 5976 basic
5979 5979 basic
5980 5980 basic
5981 5981 basic
5983 5983 basic
5985 5985 basic
5986 5986 basic
5987 5987 basic
5989 5989 basic
5990 5990 basic
5991 5991 basic
5992 5992 basic
5994 5994 basic
5996 5996 basic
5997 5997 basic
5999 5999 basic
6000 6000 basic
6001 6001 basic
6003 6003 basic
6004 6004 basic
6006 6006 basic
6008 6008 basic
6009 6009 basic
6011 6011 basic
6012 6012 basic
6013 6013 basic
6015 6015 basic
6016 6016 basic
6017 6017 basic
6018 6018 basic
6019 6019 basic
6020 6020 basic
6021 6021 basic
6022 6022 basic
6023 6023 basic
6024 6024 basic
6025 6025 basic
6026 6026 basic
6028 6028 basic
6029 6029 basic
6030 6030 basic
6031 6031 basic
6033 6033 basic
6034 6034 basic
6035 6035 basic
6036 6036 basic
6037 6037 basic
6038 6038 basic
6040 6040 basic
6041 6041 basic
6043 6043 basic
6046 6046 basic
6049 6049 basic
6050 6050 basic
6052 6052 basic
6053 6053 basic
6054 6054 basic
6056 6056 basic
6057 6057 basic
6058 6058 basic
6059 6059 basic
6060 6060 basic
6061 6061 basic
6062 6062 basic
6063 6063 basic
6064 6064 basic
6065 6065 basic
6066 6066 basic
6067 6067 basic
6068 6068 basic
6070 6070 basic
6071 6071 basic
6072 6072 basic
6073 6073 basic
6076 6076 basic
6077 6077 basic
6079 6079 basic
6081 6081 basic
6082 6082 basic
6084 6084 basic
6085 6085 basic
6086 6086 basic
6087 6087 basic
6088 6088 basic
6089 6089 basic
6090 6090 basic
6091 6091 basic
6092 6092 basic
6094 6094 basic
6095 6095 basic
6096 6096 basic
6097 6097 basic
6099 6099 basic
6100 6100 basic
6101 6101 basic
6102 6102 basic
6104 6104 basic
6105 6105 basic
6106 6106 basic
6107 6107 basic
6108 6108 basic
6110 6110 basic
6112 6112 basic
6113 6113 basic
6114 6114 basic
6115 6115 basic
6116 6116 basic
6117 6117 basic
6118 6118 basic
6120 6120 basic
6123 6123 basic
6125 6125 basic
6126 6126 basic
6127 6127 basic
6128 6128 basic
6129 6129 basic
6130 6130 basic
6131 6131 basic
6132 6132 basic
6133 6133 basic
6134 6134 basic
6135 6135 basic
6137 6137 basic
6138 6138 basic
6139 6139 basic
6142 6142 basic
6143 6143 basic
6145 6145 basic
6146 6146 basic
6147 6147 basic
6148 6148 basic
6151 6151 basic
6152 6152 basic
6154 6154 basic
6155 6155 basic
6156 6156 basic
6157 6157 basic
6158 6158 basic
6159 6159 basic
6160 6160 basic
6161 6161 basic
6162 6162 basic
6164 6164 basic
6165 6165 basic
6166 6166 basic
6167 6167 basic
6168 6168 basic
6169 6169 basic
6170 6170 basic
6171 6171 basic
6172 6172 basic
6173 6173 basic
6174 6174 basic
6175 6175 basic
6176 6176 basic
6177 6177 basic
6178 6178 basic
6179 6179 basic
6180 6180 basic
6181 6181 basic
6183 6183 basic
6185 6185 basic
6186 6186 basic
6187 6187 basic
6188 6188 basic
6189 6189 basic
6191 6191 basic
6193 6193 basic
6194 6194 basic
6195 6195 basic
6196 6196 basic
6198 6198 basic
6199 6199 basic
6200 6200 basic
6201 6201 basic
6202 6202 basic
6203 6203 basic
6204 6204 basic
6205 6205 basic
6206 6206 basic
6208 6208 basic
6209 6209 basic
6210 6210 basic
6211 6211 basic
6212 6212 basic
6213 6213 basic
6214 6214 basic
6215 6215 basic
6216 6216 basic
6217 6217 basic
6219 6219 basic
6220 6220 basic
6222 6222 basic
6223 6223 basic
6224 6224 basic
6225 6225 basic
6226 6226 basic
6227 6227 basic
6228 6228 basic
6229 6229 basic
6230 6230 basic
6231 6231 basic
6232 6232 basic
6233 6233 basic
6234 6234 basic
6235 6235 basic
6236 6236 basic
6238 6238 basic
6239 6239 basic
6241 6241 basic
6244 6244 basic
6245 6245 basic
6246 6246 basic
6247 6247 basic
6250 6250 basic
6251 6251 basic
6255 6255 basic
6256 6256 basic
6259 6259 basic
6260 6260 basic
6261 6261 basic
6262 6262 basic
6263 6263 basic
6264 6264 basic
6265 6265 basic
6267 6267 basic
6268 6268 basic
6269 6269 basic
6270 6270 basic
6271 6271 basic
6273 6273 basic
6274 6274 basic
6275 6275 basic
6276 6276 basic
6277 6277 basic
6278 6278 basic
6279 6279 basic
6280 6280 basic
6282 6282 basic
6283 6283 basic
6286 6286 basic
6288 6288 basic
6289 6289 basic
6290 6290 basic
6291 6291 basic
6295 6295 basic
6296 6296 basic
6297 6297 basic
6298 6298 basic
6299 6299 basic
6300 6300 basic
6302 6302 basic
6303 6303 basic
6305 6305 basic
6306 6306 basic
6307 6307 basic
6308 6308 basic
6309 6309 basic
6310 6310 basic
6311 6311 basic
6312 6312 basic
6314 6314 basic
6315 6315 basic
6317 6317 basic
6318 6318 basic
6319 6319 basic
6320 6320 basic
6321 6321 basic
6322 6322 basic
6323 6323 basic
6324 6324 basic
6326 6326 basic
6327 6327 basic
6329 6329 basic
6331 6331 basic
6333 6333 basic
6334 6334 basic
6336 6336 basic
6337 6337 basic
6340 6340 basic
6341 6341 basic
6342 6342 basic
6343 6343 basic
6344 6344 basic
6345 6345 basic
6347 6347 basic
6348 6348 basic
6349 6349 basic
6351 6351 basic
6352 6352 basic
6353 6353 basic
6355 6355 basic
6356 6356 basic
6357 6357 basic
6358 6358 basic
6359 6359 basic
6360 6360 basic
6361 6361 basic
6362 6362 basic
6363 6363 basic
6364 6364 basic
6366 6366 basic
6367 6367 basic
6368 6368 basic
6369 6369 basic
6370 6370 basic
6371 6371 basic
6372 6372 basic
6373 6373 basic
6374 6374 basic
6375 6375 basic
6377 6377 basic
6378 6378 basic
6379 6379 basic
6381 6381 basic
6382 6382 basic
6383 6383 basic
6384 6384 basic
6385 6385 basic
6386 6386 basic
6387 6387 basic
6388 6388 basic
6389 6389 basic
6390 6390 basic
6391 6391 basic
6392 6392 basic
6394 6394 basic
6395 6395 basic
6396 6396 basic
6397 6397 basic
6399 6399 basic
6404 6404 basic
6405 6405 basic
6407 6407 basic
6408 6408 basic
6409 6409 basic
6410 6410 basic
6411 6411 basic
6414 6414 basic
6415 6415 basic
6417 6417 basic
6418 6418 basic
6419 6419 basic
6420 6420 basic
6421 6421 basic
6423 6423 basic
6424 6424 basic
6426 6426 basic
6428 6428 basic
6430 6430 basic
6431 6431 basic
6432 6432 basic
6433 6433 basic
6434 6434 basic
6435 6435 basic
6436 6436 basic
6438 6438 basic
6439 6439 basic
6440 6440 basic
6441 6441 basic
6443 6443 basic
6444 6444 basic
6445 6445 basic
6446 6446 basic
6447 6447 basic
6448 6448 basic
6451 6451 basic
6453 6453 basic
6454 6454 basic
6455 6455 basic
6457 6457 basic
6458 6458 basic
6459 6459 basic
6460 6460 basic
6461 6461 basic
6462 6462 basic
6463 6463 basic
6464 6464 basic
6466 6466 basic
6467 6467 basic
6468 6468 basic
6470 6470 basic
6471 6471 basic
6472 6472 basic
6473 6473 basic
6474 6474 basic
6476 6476 basic
6477 6477 basic
6478 6478 basic
6479 6479 basic
6480 6480 basic
6482 6482 basic
6483 6483 basic
6484 6484 basic
6486 6486 basic
6487 6487 basic
6488 6488 basic
6489 6489 basic
6490 6490 basic
6491 6491 basic
6492 6492 basic
6495 6495 basic
6496 6496 basic
6497 6497 basic
6498 6498 basic
6499 6499 basic
6500 6500 basic
6502 6502 basic
6504 6504 basic
6505 6505 basic
6506 6506 basic
6508 6508 basic
6510 6510 basic
6512 6512 basic
6513 6513 basic
6514 6514 basic
6515 6515 basic
6516 6516 basic
6517 6517 basic
6518 6518 basic
6519 6519 basic
6520 6520 basic
6521 6521 basic
6522 6522 basic
6525 6525 basic
6526 6526 basic
6527 6527 basic
6528 6528 basic
6532 6532 basic
6533 6533 basic
6534 6534 basic
6536 6536 basic
6537 6537 basic
6538 6538 basic
6539 6539 basic
6540 6540 basic
6541 6541 basic
6542 6542 basic
6544 6544 basic
6545 6545 basic
6546 6546 basic
6547 6547 basic
6548 6548 basic
6549 6549 basic
6550 6550 basic
6551 6551 basic
6552 6552 basic
6553 6553 basic
6554 6554 basic
6555 6555 basic
6556 6556 basic
6557 6557 basic
6558 6558 basic
6559 6559 basic
6560 6560 basic
6561 6561 basic
6562 6562 basic
6563 6563 basic
6564 6564 basic
6565 6565 basic
6566 6566 basic
6567 6567 basic
6568 6568 basic
6569 6569 basic
6570 6570 basic
6572 6572 basic
6573 6573 basic
6574 6574 basic
6575 6575 basic
6576 6576 basic
6577 6577 basic
6578 6578 basic
6579 6579 basic
6580 6580 basic
6581 6581 basic
6582 6582 basic
6583 6583 basic
6585 6585 basic
6587 6587 basic
6588 6588 basic
6589 6589 basic
6590 6590 basic
6591 6591 basic
6592 6592 basic
6593 6593 basic
6594 6594 basic
6595 6595 basic
6596 6596 basic
6597 6597 basic
6598 6598 basic
6599 6599 basic
6600 6600 basic
6601 6601 basic
6603 6603 basic
6604 6604 basic
6605 6605 basic
6607 6607 basic
6608 6608 basic
6609 6609 basic
6610 6610 basic
6611 6611 basic
6613 6613 basic
6614 6614 basic
6615 6615 basic
6616 6616 basic
6617 6617 basic
6618 6618 basic
6620 6620 basic
6621 6621 basic
6622 6622 basic
6623 6623 basic
6624 6624 basic
6626 6626 basic
6627 6627 basic
6628 6628 basic
6630 6630 basic
6631 6631 basic
6633 6633 basic
6634 6634 basic
6635 6635 basic
6636 6636 basic
6637 6637 basic
6638 6638 basic
6639 6639 basic
6640 6640 basic
6642 6642 basic
6645 6645 basic
6646 6646 basic
6647 6647 basic
6648 6648 basic
6649 6649 basic
6650 6650 basic
6652 6652 basic
6653 6653 basic
6654 6654 basic
6655 6655 basic
6657 6657 basic
6658 6658 basic
6659 6659 basic
6660 6660 basic
6662 6662 basic
6663 6663 basic
6664 6664 basic
6665 6665 basic
6667 6667 basic
6668 6668 basic
6669 6669 basic
6670 6670 basic
6671 6671 basic
6674 6674 basic
6675 6675 basic
6676 6676 basic
6677 6677 basic
6678 6678 basic
6679 6679 basic
6680 6680 basic
6682 6682 basic
6683 6683 basic
6684 6684 basic
6685 6685 basic
6686 6686 basic
6687 6687 basic
6688 6688 basic
6689 6689 basic
6690 6690 basic
6692 6692 basic
6694 6694 basic
6695 6695 basic
6696 6696 basic
6697 6697 basic
6698 6698 basic
6699 6699 basic
6701 6701 basic
6702 6702 basic
6703 6703 basic
6704 6704 basic
6705 6705 basic
6706 6706 basic
6708 6708 basic
6710 6710 basic
6711 6711 basic
6712 6712 basic
6713 6713 basic
6714 6714 basic
6715 6715 basic
6716 6716 basic
6717 6717 basic
6718 6718 basic
6719 6719 basic
6721 6721 basic
6723 6723 basic
6725 6725 basic
6726 6726 basic
6728 6728 basic
6729 6729 basic
6730 6730 basic
6731 6731 basic
6733 6733 basic
6735 6735 basic
6736 6736 basic
6737 6737 basic
6738 6738 basic
6739 6739 basic
6740 6740 basic
6741 6741 basic
6742 6742 basic
6743 6743 basic
6744 6744 basic
6746 6746 basic
6747 6747 basic
6749 6749 basic
6751 6751 basic
6752 6752 basic
6755 6755 basic
6756 6756 basic
6757 6757 basic
6758 6758 basic
6759 6759 basic
6761 6761 basic
6762 6762 basic
6763 6763 basic
6764 6764 basic
6766 6766 basic
6767 6767 basic
6768 6768 basic
6769 6769 basic
6770 6770 basic
6771 6771 basic
6772 6772 basic
6773 6773 basic
6774 6774 basic
6775 6775 basic
6776 6776 basic
6777 6777 basic
6779 6779 basic
6780 6780 basic
6781 6781 basic
6782 6782 basic
6783 6783 basic
6784 6784 basic
6785 6785 basic
6786 6786 basic
6787 6787 basic
6788 6788 basic
6789 6789 basic
6790 6790 basic
6791 6791 basic
6792 6792 basic
6793 6793 basic
6794 6794 basic
6795 6795 basic
6796 6796 basic
6797 6797 basic
6798 6798 basic
6799 6799 basic
6800 6800 basic
6801 6801 basic
6802 6802 basic
6803 6803 basic
6804 6804 basic
6805 6805 basic
6806 6806 basic
6808 6808 basic
6809 6809 basic
6810 6810 basic
6812 6812 basic
6813 6813 basic
6814 6814 basic
6815 6815 basic
6816 6816 basic
6817 6817 basic
6818 6818 basic
6819 6819 basic
6820 6820 basic
6821 6821 basic
6822 6822 basic
6823 6823 basic
6824 6824 basic
6826 6826 basic
6827 6827 basic
6829 6829 basic
6831 6831 basic
6832 6832 basic
6833 6833 basic
6834 6834 basic
6835 6835 basic
6836 6836 basic
6837 6837 basic
6838 6838 basic
6839 6839 basic
6840 6840 basic
6841 6841 basic
6842 6842 basic
6844 6844 basic
6845 6845 basic
6846 6846 basic
6847 6847 basic
6848 6848 basic
6849 6849 basic
6850 6850 basic
6851 6851 basic
6852 6852 basic
6855 6855 basic
6858 6858 basic
6859 6859 basic
6860 6860 basic
6861 6861 basic
6863 6863 basic
6864 6864 basic
6865 6865 basic
6866 6866 basic
6868 6868 basic
6869 6869 basic
6870 6870 basic
6871 6871 basic
6872 6872 basic
6873 6873 basic
6874 6874 basic
6875 6875 basic
6876 6876 basic
6877 6877 basic
6878 6878 basic
6881 6881 basic
6882 6882 basic
6883 6883 basic
6885 6885 basic
6886 6886 basic
6887 6887 basic
6888 6888 basic
6889 6889 basic
6890 6890 basic
6891 6891 basic
6892 6892 basic
6893 6893 basic
6894 6894 basic
6896 6896 basic
6897 6897 basic
6898 6898 basic
6899 6899 basic
6900 6900 basic
6901 6901 basic
6903 6903 basic
6904 6904 basic
6906 6906 basic
6907 6907 basic
6908 6908 basic
6909 6909 basic
6910 6910 basic
6912 6912 basic
6913 6913 basic
6914 6914 basic
6916 6916 basic
6917 6917 basic
6918 6918 basic
6921 6921 basic
6922 6922 basic
6923 6923 basic
6925 6925 basic
6926 6926 basic
6927 6927 basic
6928 6928 basic
6929 6929 basic
6930 6930 basic
6931 6931 basic
6932 6932 basic
6935 6935 basic
6936 6936 basic
6937 6937 basic
6938 6938 basic
6941 6941 basic
6942 6942 basic
6944 6944 basic
6946 6946 basic
6947 6947 basic
6948 6948 basic
6949 6949 basic
6950 6950 basic
6952 6952 basic
6953 6953 basic
6954 6954 basic
6955 6955 basic
6956 6956 basic
6957 6957 basic
6958 6958 basic
6959 6959 basic
6960 6960 basic
6961 6961 basic
6962 6962 basic
6964 6964 basic
6965 6965 basic
6966 6966 basic
6967 6967 basic
6968 6968 basic
6970 6970 basic
6973 6973 basic
6974 6974 basic
6975 6975 basic
6976 6976 basic
6977 6977 basic
6978 6978 basic
6980 6980 basic
6981 6981 basic
6985 6985 basic
6987 6987 basic
6988 6988 basic
6989 6989 basic
6992 6992 basic
6993 6993 basic
6994 6994 basic
6995 6995 basic
6996 6996 basic
6997 6997 basic
6998 6998 basic
6999 6999 basic
7001 7001 basic
7002 7002 basic
7003 7003 basic
7004 7004 basic
7005 7005 basic
7006 7006 basic
7008 7008 basic
7009 7009 basic
7011 7011 basic
7013 7013 basic
7016 7016 basic
7017 7017 basic
7019 7019 basic
7020 7020 basic
7021 7021 basic
7022 7022 basic
7024 7024 basic
7027 7027 basic
7029 7029 basic
7030 7030 basic
7031 7031 basic
7032 7032 basic
7033 7033 basic
7034 7034 basic
7035 7035 basic
7036 7036 basic
7037 7037 basic
7039 7039 basic
7040 7040 basic
7041 7041 basic
7042 7042 basic
7044 7044 basic
7045 7045 basic
7047 7047 basic
7050 7050 basic
7051 7051 basic
7052 7052 basic
7053 7053 basic
7054 7054 basic
7055 7055 basic
7056 7056 basic
7057 7057 basic
7058 7058 basic
7059 7059 basic
7065 7065 basic
7066 7066 basic
7068 7068 basic
7069 7069 basic
7071 7071 basic
7072 7072 basic
7075 7075 basic
7076 7076 basic
7077 7077 basic
7078 7078 basic
7079 7079 basic
7081 7081 basic
7082 7082 basic
7083 7083 basic
7084 7084 basic
7086 7086 basic
7087 7087 basic
7088 7088 basic
7089 7089 basic
7090 7090 basic
7092 7092 basic
7093 7093 basic
7094 7094 basic
7095 7095 basic
7096 7096 basic
7097 7097 basic
7098 7098 basic
7100 7100 basic
7101 7101 basic
7102 7102 basic
7103 7103 basic
7104 7104 basic
7105 7105 basic
7107 7107 basic
7109 7109 basic
7112 7112 basic
7113 7113 basic
7114 7114 basic
7116 7116 basic
7118 7118 basic
7120 7120 basic
7121 7121 basic
7122 7122 basic
7123 7123 basic
7124 7124 basic
7126 7126 basic
7128 7128 basic
7129 7129 basic
7131 7131 basic
7132 7132 basic
7133 7133 basic
7134 7134 basic
7136 7136 basic
7138 7138 basic
7139 7139 basic
7140 7140 basic
7141 7141 basic
7142 7142 basic
7143 7143 basic
7145 7145 basic
7146 7146 basic
7147 7147 basic
7148 7148 basic
7149 7149 basic
7150 7150 basic
7151 7151 basic
7153 7153 basic
7154 7154 basic
7155 7155 basic
7157 7157 basic
7158 7158 basic
7159 7159 basic
7162 7162 basic
7163 7163 basic
7164 7164 basic
7166 7166 basic
7167 7167 basic
7168 7168 basic
7169 7169 basic
7170 7170 basic
7171 7171 basic
7173 7173 basic
7176 7176 basic
7178 7178 basic
7180 7180 basic
7181 7181 basic
7182 7182 basic
7183 7183 basic
7185 7185 basic
7186 7186 basic
7187 7187 basic
7188 7188 basic
7191 7191 basic
7192 7192 basic
7194 7194 basic
7195 7195 basic
7197 7197 basic
7198 7198 basic
7200 7200 basic
7201 7201 basic
7202 7202 basic
7206 7206 basic
7207 7207 basic
7208 7208 basic
7209 7209 basic
7210 7210 basic
7211 7211 basic
7212 7212 basic
7213 7213 basic
7214 7214 basic
7215 7215 basic
7216 7216 basic
7217 7217 basic
7218 7218 basic
7219 7219 basic
7220 7220 basic
7221 7221 basic
7222 7222 basic
7223 7223 basic
7224 7224 basic
7226 7226 basic
7227 7227 basic
7229 7229 basic
7232 7232 basic
7233 7233 basic
7234 7234 basic
7235 7235 basic
7236 7236 basic
7237 7237 basic
7238 7238 basic
7241 7241 basic
7242 7242 basic
7243 7243 basic
7244 7244 basic
7245 7245 basic
7246 7246 basic
7247 7247 basic
7248 7248 basic
7249 7249 basic
7250 7250 basic
7251 7251 basic
7252 7252 basic
7253 7253 basic
7254 7254 basic
7255 7255 basic
7256 7256 basic
7258 7258 basic
7259 7259 basic
7260 7260 basic
7261 7261 basic
7263 7263 basic
7264 7264 basic
7265 7265 basic
7266 7266 basic
7267 7267 basic
7269 7269 basic
7270 7270 basic
7272 7272 basic
7273 7273 basic
7274 7274 basic
7275 7275 basic
7276 7276 basic
7277 7277 basic
7283 7283 basic
7284 7284 basic
7285 7285 basic
7286 7286 basic
7287 7287 basic
7288 7288 basic
7289 7289 basic
